ERROR - 2023-12-08 06:13:36 --> mysqli_sql_exception: Unknown column 'category' in 'where clause' in C:\xampp\htdocs\hometest\system\Database\MySQLi\Connection.php:306
Stack trace:
#0 C:\xampp\htdocs\hometest\system\Database\MySQLi\Connection.php(306): mysqli->query('SELECT *\nFROM `...', 0)
#1 C:\xampp\htdocs\hometest\system\Database\BaseConnection.php(693): CodeIgniter\Database\MySQLi\Connection->execute('SELECT *\nFROM `...')
#2 C:\xampp\htdocs\hometest\system\Database\BaseConnection.php(607): CodeIgniter\Database\BaseConnection->simpleQuery('SELECT *\nFROM `...')
#3 C:\xampp\htdocs\hometest\system\Database\BaseBuilder.php(1615): CodeIgniter\Database\BaseConnection->query('SELECT *\nFROM `...', Array, false)
#4 C:\xampp\htdocs\hometest\system\Model.php(237): CodeIgniter\Database\BaseBuilder->get()
#5 C:\xampp\htdocs\hometest\system\BaseModel.php(624): CodeIgniter\Model->doFindAll(0, 0)
#6 C:\xampp\htdocs\hometest\app\Models\SectionModel.php(11): CodeIgniter\BaseModel->findAll()
#7 C:\xampp\htdocs\hometest\app\Controllers\Home.php(20): App\Models\SectionModel->getCategoryItems('section')
#8 C:\xampp\htdocs\hometest\system\CodeIgniter.php(942): App\Controllers\Home->index()
#9 C:\xampp\htdocs\hometest\system\CodeIgniter.php(502): CodeIgniter\CodeIgniter->runController(Object(App\Controllers\Home))
#10 C:\xampp\htdocs\hometest\system\CodeIgniter.php(361): CodeIgniter\CodeIgniter->handleRequest(NULL, Object(Config\Cache), false)
#11 C:\xampp\htdocs\hometest\index.php(84): CodeIgniter\CodeIgniter->run()
#12 {main}
CRITICAL - 2023-12-08 06:13:36 --> Unknown column 'category' in 'where clause'
in SYSTEMPATH\Database\BaseConnection.php on line 647.
 1 SYSTEMPATH\Database\BaseBuilder.php(1615): CodeIgniter\Database\BaseConnection->query('SELECT *
FROM `section`
WHERE `category` = :category:', [...], false)
 2 SYSTEMPATH\Model.php(237): CodeIgniter\Database\BaseBuilder->get()
 3 SYSTEMPATH\BaseModel.php(624): CodeIgniter\Model->doFindAll(0, 0)
 4 APPPATH\Models\SectionModel.php(11): CodeIgniter\BaseModel->findAll()
 5 APPPATH\Controllers\Home.php(20): App\Models\SectionModel->getCategoryItems('section')
 6 SYSTEMPATH\CodeIgniter.php(942): App\Controllers\Home->index()
 7 SYSTEMPATH\CodeIgniter.php(502): CodeIgniter\CodeIgniter->runController(Object(App\Controllers\Home))
 8 SYSTEMPATH\CodeIgniter.php(361): CodeIgniter\CodeIgniter->handleRequest(null, Object(Config\Cache), false)
 9 FCPATH\index.php(84): CodeIgniter\CodeIgniter->run()
CRITICAL - 2023-12-08 06:15:22 --> Call to undefined method App\Models\SectionModel::getCategoryItems
in SYSTEMPATH\Model.php on line 873.
 1 APPPATH\Controllers\Home.php(20): CodeIgniter\Model->__call('getCategoryItems', [...])
 2 SYSTEMPATH\CodeIgniter.php(942): App\Controllers\Home->index()
 3 SYSTEMPATH\CodeIgniter.php(502): CodeIgniter\CodeIgniter->runController(Object(App\Controllers\Home))
 4 SYSTEMPATH\CodeIgniter.php(361): CodeIgniter\CodeIgniter->handleRequest(null, Object(Config\Cache), false)
 5 FCPATH\index.php(84): CodeIgniter\CodeIgniter->run()
CRITICAL - 2023-12-08 06:16:00 --> Undefined variable $sections
in APPPATH\Views\Home\aboutShort.php on line 13.
 1 APPPATH\Views\Home\aboutShort.php(13): CodeIgniter\Debug\Exceptions->errorHandler(2, 'Undefined variable $sections', 'C:\\xampp\\htdocs\\hometest\\app\\Views\\Home\\aboutShort.php', 13)
 2 SYSTEMPATH\View\View.php(228): include('C:\\xampp\\htdocs\\hometest\\app\\Views\\Home\\aboutShort.php')
 3 SYSTEMPATH\View\View.php(231): CodeIgniter\View\View->CodeIgniter\View\{closure}()
 4 SYSTEMPATH\View\View.php(469): CodeIgniter\View\View->render('home/aboutShort', null, true)
 5 APPPATH\Views\Home\index.php(14): CodeIgniter\View\View->include('home/aboutShort')
 6 SYSTEMPATH\View\View.php(228): include('C:\\xampp\\htdocs\\hometest\\app\\Views\\Home\\index.php')
 7 SYSTEMPATH\View\View.php(231): CodeIgniter\View\View->CodeIgniter\View\{closure}()
 8 SYSTEMPATH\Common.php(1190): CodeIgniter\View\View->render('Home/index', [], true)
 9 APPPATH\Controllers\Home.php(21): view('Home/index', [])
10 SYSTEMPATH\CodeIgniter.php(942): App\Controllers\Home->index()
11 SYSTEMPATH\CodeIgniter.php(502): CodeIgniter\CodeIgniter->runController(Object(App\Controllers\Home))
12 SYSTEMPATH\CodeIgniter.php(361): CodeIgniter\CodeIgniter->handleRequest(null, Object(Config\Cache), false)
13 FCPATH\index.php(84): CodeIgniter\CodeIgniter->run()
CRITICAL - 2023-12-08 06:26:18 --> syntax error, unexpected token ";"
in APPPATH\Views\Home\aboutShort.php on line 28.
 1 SYSTEMPATH\View\View.php(231): CodeIgniter\View\View->CodeIgniter\View\{closure}()
 2 SYSTEMPATH\View\View.php(469): CodeIgniter\View\View->render('home/aboutShort', null, true)
 3 APPPATH\Views\Home\index.php(14): CodeIgniter\View\View->include('home/aboutShort')
 4 SYSTEMPATH\View\View.php(228): include('C:\\xampp\\htdocs\\hometest\\app\\Views\\Home\\index.php')
 5 SYSTEMPATH\View\View.php(231): CodeIgniter\View\View->CodeIgniter\View\{closure}()
 6 SYSTEMPATH\Common.php(1190): CodeIgniter\View\View->render('Home/index', [], true)
 7 APPPATH\Controllers\Home.php(21): view('Home/index', [])
 8 SYSTEMPATH\CodeIgniter.php(942): App\Controllers\Home->index()
 9 SYSTEMPATH\CodeIgniter.php(502): CodeIgniter\CodeIgniter->runController(Object(App\Controllers\Home))
10 SYSTEMPATH\CodeIgniter.php(361): CodeIgniter\CodeIgniter->handleRequest(null, Object(Config\Cache), false)
11 FCPATH\index.php(84): CodeIgniter\CodeIgniter->run()
ERROR - 2023-12-08 06:58:00 --> mysqli_sql_exception: Can't create table `hometest`.`content` (errno: 150 "Foreign key constraint is incorrectly formed") in C:\xampp\htdocs\hometest\system\Database\MySQLi\Connection.php:306
Stack trace:
#0 C:\xampp\htdocs\hometest\system\Database\MySQLi\Connection.php(306): mysqli->query('ALTER TABLE `co...', 0)
#1 C:\xampp\htdocs\hometest\system\Database\BaseConnection.php(693): CodeIgniter\Database\MySQLi\Connection->execute('ALTER TABLE `co...')
#2 C:\xampp\htdocs\hometest\system\Database\BaseConnection.php(607): CodeIgniter\Database\BaseConnection->simpleQuery('ALTER TABLE `co...')
#3 C:\xampp\htdocs\hometest\system\Database\Forge.php(1101): CodeIgniter\Database\BaseConnection->query('ALTER TABLE `co...')
#4 C:\xampp\htdocs\hometest\app\Database\Migrations\2023-12-08-065146_AddForeignKeyToContent.php(21): CodeIgniter\Database\Forge->processIndexes('content')
#5 C:\xampp\htdocs\hometest\system\Database\MigrationRunner.php(873): App\Database\Migrations\AddForeignKeyToContent->up()
#6 C:\xampp\htdocs\hometest\system\Database\MigrationRunner.php(188): CodeIgniter\Database\MigrationRunner->migrate('up', Object(stdClass))
#7 C:\xampp\htdocs\hometest\system\Commands\Database\Migrate.php(84): CodeIgniter\Database\MigrationRunner->latest(NULL)
#8 C:\xampp\htdocs\hometest\system\CLI\Commands.php(65): CodeIgniter\Commands\Database\Migrate->run(Array)
#9 C:\xampp\htdocs\hometest\system\CLI\Console.php(46): CodeIgniter\CLI\Commands->run('migrate', Array)
#10 C:\xampp\htdocs\hometest\spark(102): CodeIgniter\CLI\Console->run()
#11 {main}
ERROR - 2023-12-08 07:00:04 --> mysqli_sql_exception: Duplicate column name 'pages_id' in C:\xampp\htdocs\hometest\system\Database\MySQLi\Connection.php:306
Stack trace:
#0 C:\xampp\htdocs\hometest\system\Database\MySQLi\Connection.php(306): mysqli->query('ALTER TABLE `co...', 0)
#1 C:\xampp\htdocs\hometest\system\Database\BaseConnection.php(693): CodeIgniter\Database\MySQLi\Connection->execute('ALTER TABLE `co...')
#2 C:\xampp\htdocs\hometest\system\Database\BaseConnection.php(607): CodeIgniter\Database\BaseConnection->simpleQuery('ALTER TABLE `co...')
#3 C:\xampp\htdocs\hometest\system\Database\Forge.php(745): CodeIgniter\Database\BaseConnection->query('ALTER TABLE `co...')
#4 C:\xampp\htdocs\hometest\app\Database\Migrations\2023-12-08-065146_AddForeignKeyToContent.php(11): CodeIgniter\Database\Forge->addColumn('content', Array)
#5 C:\xampp\htdocs\hometest\system\Database\MigrationRunner.php(873): App\Database\Migrations\AddForeignKeyToContent->up()
#6 C:\xampp\htdocs\hometest\system\Database\MigrationRunner.php(188): CodeIgniter\Database\MigrationRunner->migrate('up', Object(stdClass))
#7 C:\xampp\htdocs\hometest\system\Commands\Database\Migrate.php(84): CodeIgniter\Database\MigrationRunner->latest(NULL)
#8 C:\xampp\htdocs\hometest\system\CLI\Commands.php(65): CodeIgniter\Commands\Database\Migrate->run(Array)
#9 C:\xampp\htdocs\hometest\system\CLI\Console.php(46): CodeIgniter\CLI\Commands->run('migrate', Array)
#10 C:\xampp\htdocs\hometest\spark(102): CodeIgniter\CLI\Console->run()
#11 {main}
INFO - 2023-12-08 08:37:14 --> Session: Class initialized using 'CodeIgniter\Session\Handlers\FileHandler' driver.
INFO - 2023-12-08 08:37:39 --> Session: Class initialized using 'CodeIgniter\Session\Handlers\FileHandler' driver.
INFO - 2023-12-08 08:37:39 --> Session: Class initialized using 'CodeIgniter\Session\Handlers\FileHandler' driver.
INFO - 2023-12-08 08:43:31 --> Session: Class initialized using 'CodeIgniter\Session\Handlers\FileHandler' driver.
INFO - 2023-12-08 08:43:32 --> Session: Class initialized using 'CodeIgniter\Session\Handlers\FileHandler' driver.
INFO - 2023-12-08 08:46:52 --> Session: Class initialized using 'CodeIgniter\Session\Handlers\FileHandler' driver.
INFO - 2023-12-08 08:46:53 --> Session: Class initialized using 'CodeIgniter\Session\Handlers\FileHandler' driver.
INFO - 2023-12-08 08:47:11 --> Session: Class initialized using 'CodeIgniter\Session\Handlers\FileHandler' driver.
INFO - 2023-12-08 08:47:11 --> Session: Class initialized using 'CodeIgniter\Session\Handlers\FileHandler' driver.
INFO - 2023-12-08 08:49:32 --> Session: Class initialized using 'CodeIgniter\Session\Handlers\FileHandler' driver.
INFO - 2023-12-08 08:49:33 --> Session: Class initialized using 'CodeIgniter\Session\Handlers\FileHandler' driver.
INFO - 2023-12-08 08:49:34 --> Session: Class initialized using 'CodeIgniter\Session\Handlers\FileHandler' driver.
INFO - 2023-12-08 08:50:50 --> Session: Class initialized using 'CodeIgniter\Session\Handlers\FileHandler' driver.
INFO - 2023-12-08 08:50:58 --> Session: Class initialized using 'CodeIgniter\Session\Handlers\FileHandler' driver.
INFO - 2023-12-08 08:51:15 --> Session: Class initialized using 'CodeIgniter\Session\Handlers\FileHandler' driver.
INFO - 2023-12-08 08:52:13 --> Session: Class initialized using 'CodeIgniter\Session\Handlers\FileHandler' driver.
INFO - 2023-12-08 08:52:16 --> Session: Class initialized using 'CodeIgniter\Session\Handlers\FileHandler' driver.
INFO - 2023-12-08 08:52:40 --> Session: Class initialized using 'CodeIgniter\Session\Handlers\FileHandler' driver.
INFO - 2023-12-08 09:01:51 --> Session: Class initialized using 'CodeIgniter\Session\Handlers\FileHandler' driver.
INFO - 2023-12-08 09:01:52 --> Session: Class initialized using 'CodeIgniter\Session\Handlers\FileHandler' driver.
INFO - 2023-12-08 09:01:54 --> Session: Class initialized using 'CodeIgniter\Session\Handlers\FileHandler' driver.
INFO - 2023-12-08 09:01:57 --> Session: Class initialized using 'CodeIgniter\Session\Handlers\FileHandler' driver.
INFO - 2023-12-08 09:01:58 --> Session: Class initialized using 'CodeIgniter\Session\Handlers\FileHandler' driver.
INFO - 2023-12-08 09:05:15 --> Session: Class initialized using 'CodeIgniter\Session\Handlers\FileHandler' driver.
INFO - 2023-12-08 09:05:15 --> Session: Class initialized using 'CodeIgniter\Session\Handlers\FileHandler' driver.
INFO - 2023-12-08 09:09:08 --> Session: Class initialized using 'CodeIgniter\Session\Handlers\FileHandler' driver.
ERROR - 2023-12-08 09:09:08 --> mysqli_sql_exception: Unknown column 'pages.id' in 'where clause' in C:\xampp\htdocs\hometest\system\Database\MySQLi\Connection.php:306
Stack trace:
#0 C:\xampp\htdocs\hometest\system\Database\MySQLi\Connection.php(306): mysqli->query('SELECT *\nFROM `...', 0)
#1 C:\xampp\htdocs\hometest\system\Database\BaseConnection.php(693): CodeIgniter\Database\MySQLi\Connection->execute('SELECT *\nFROM `...')
#2 C:\xampp\htdocs\hometest\system\Database\BaseConnection.php(607): CodeIgniter\Database\BaseConnection->simpleQuery('SELECT *\nFROM `...')
#3 C:\xampp\htdocs\hometest\system\Database\BaseBuilder.php(1615): CodeIgniter\Database\BaseConnection->query('SELECT *\nFROM `...', Array, false)
#4 C:\xampp\htdocs\hometest\system\Model.php(196): CodeIgniter\Database\BaseBuilder->get()
#5 C:\xampp\htdocs\hometest\system\BaseModel.php(563): CodeIgniter\Model->doFind(true, '13')
#6 C:\xampp\htdocs\hometest\app\Controllers\Pages.php(47): CodeIgniter\BaseModel->find('13')
#7 C:\xampp\htdocs\hometest\app\Controllers\Pages.php(40): App\Controllers\Pages->getPageOr404('13')
#8 C:\xampp\htdocs\hometest\system\CodeIgniter.php(942): App\Controllers\Pages->show('13')
#9 C:\xampp\htdocs\hometest\system\CodeIgniter.php(502): CodeIgniter\CodeIgniter->runController(Object(App\Controllers\Pages))
#10 C:\xampp\htdocs\hometest\system\CodeIgniter.php(361): CodeIgniter\CodeIgniter->handleRequest(NULL, Object(Config\Cache), false)
#11 C:\xampp\htdocs\hometest\index.php(84): CodeIgniter\CodeIgniter->run()
#12 {main}
CRITICAL - 2023-12-08 09:09:08 --> Unknown column 'pages.id' in 'where clause'
in SYSTEMPATH\Database\BaseConnection.php on line 647.
 1 SYSTEMPATH\Database\BaseBuilder.php(1615): CodeIgniter\Database\BaseConnection->query('SELECT *
FROM `pages`
WHERE `pages`.`id` = :pages.id:', [...], false)
 2 SYSTEMPATH\Model.php(196): CodeIgniter\Database\BaseBuilder->get()
 3 SYSTEMPATH\BaseModel.php(563): CodeIgniter\Model->doFind(true, '13')
 4 APPPATH\Controllers\Pages.php(47): CodeIgniter\BaseModel->find('13')
 5 APPPATH\Controllers\Pages.php(40): App\Controllers\Pages->getPageOr404('13')
 6 SYSTEMPATH\CodeIgniter.php(942): App\Controllers\Pages->show('13')
 7 SYSTEMPATH\CodeIgniter.php(502): CodeIgniter\CodeIgniter->runController(Object(App\Controllers\Pages))
 8 SYSTEMPATH\CodeIgniter.php(361): CodeIgniter\CodeIgniter->handleRequest(null, Object(Config\Cache), false)
 9 FCPATH\index.php(84): CodeIgniter\CodeIgniter->run()
CRITICAL - 2023-12-08 09:10:30 --> Too few arguments to function App\Controllers\Pages::show(), 0 passed in C:\xampp\htdocs\hometest\system\CodeIgniter.php on line 942 and exactly 1 expected
in APPPATH\Controllers\Pages.php on line 39.
 1 SYSTEMPATH\CodeIgniter.php(942): App\Controllers\Pages->show()
 2 SYSTEMPATH\CodeIgniter.php(502): CodeIgniter\CodeIgniter->runController(Object(App\Controllers\Pages))
 3 SYSTEMPATH\CodeIgniter.php(361): CodeIgniter\CodeIgniter->handleRequest(null, Object(Config\Cache), false)
 4 FCPATH\index.php(84): CodeIgniter\CodeIgniter->run()
INFO - 2023-12-08 09:11:08 --> Session: Class initialized using 'CodeIgniter\Session\Handlers\FileHandler' driver.
CRITICAL - 2023-12-08 09:11:08 --> Undefined variable $pages
in APPPATH\Views\Pages\index.php on line 32.
 1 APPPATH\Views\Pages\index.php(32): CodeIgniter\Debug\Exceptions->errorHandler(2, 'Undefined variable $pages', 'C:\\xampp\\htdocs\\hometest\\app\\Views\\Pages\\index.php', 32)
 2 SYSTEMPATH\View\View.php(228): include('C:\\xampp\\htdocs\\hometest\\app\\Views\\Pages\\index.php')
 3 SYSTEMPATH\View\View.php(231): CodeIgniter\View\View->CodeIgniter\View\{closure}()
 4 SYSTEMPATH\Common.php(1190): CodeIgniter\View\View->render('Pages/index', [], true)
 5 APPPATH\Controllers\Pages.php(42): view('Pages/index')
 6 SYSTEMPATH\CodeIgniter.php(942): App\Controllers\Pages->show()
 7 SYSTEMPATH\CodeIgniter.php(502): CodeIgniter\CodeIgniter->runController(Object(App\Controllers\Pages))
 8 SYSTEMPATH\CodeIgniter.php(361): CodeIgniter\CodeIgniter->handleRequest(null, Object(Config\Cache), false)
 9 FCPATH\index.php(84): CodeIgniter\CodeIgniter->run()
INFO - 2023-12-08 09:12:07 --> Session: Class initialized using 'CodeIgniter\Session\Handlers\FileHandler' driver.
CRITICAL - 2023-12-08 09:12:07 --> Attempt to read property "id" on array
in APPPATH\Views\Pages\index.php on line 33.
 1 APPPATH\Views\Pages\index.php(33): CodeIgniter\Debug\Exceptions->errorHandler(2, 'Attempt to read property "id" on array', 'C:\\xampp\\htdocs\\hometest\\app\\Views\\Pages\\index.php', 33)
 2 SYSTEMPATH\View\View.php(228): include('C:\\xampp\\htdocs\\hometest\\app\\Views\\Pages\\index.php')
 3 SYSTEMPATH\View\View.php(231): CodeIgniter\View\View->CodeIgniter\View\{closure}()
 4 SYSTEMPATH\Common.php(1190): CodeIgniter\View\View->render('Pages/index', [], true)
 5 APPPATH\Controllers\Pages.php(42): view('Pages/index', [...])
 6 SYSTEMPATH\CodeIgniter.php(942): App\Controllers\Pages->show()
 7 SYSTEMPATH\CodeIgniter.php(502): CodeIgniter\CodeIgniter->runController(Object(App\Controllers\Pages))
 8 SYSTEMPATH\CodeIgniter.php(361): CodeIgniter\CodeIgniter->handleRequest(null, Object(Config\Cache), false)
 9 FCPATH\index.php(84): CodeIgniter\CodeIgniter->run()
INFO - 2023-12-08 09:12:42 --> Session: Class initialized using 'CodeIgniter\Session\Handlers\FileHandler' driver.
CRITICAL - 2023-12-08 09:12:42 --> Attempt to read property "page_id" on array
in APPPATH\Views\Pages\index.php on line 33.
 1 APPPATH\Views\Pages\index.php(33): CodeIgniter\Debug\Exceptions->errorHandler(2, 'Attempt to read property "page_id" on array', 'C:\\xampp\\htdocs\\hometest\\app\\Views\\Pages\\index.php', 33)
 2 SYSTEMPATH\View\View.php(228): include('C:\\xampp\\htdocs\\hometest\\app\\Views\\Pages\\index.php')
 3 SYSTEMPATH\View\View.php(231): CodeIgniter\View\View->CodeIgniter\View\{closure}()
 4 SYSTEMPATH\Common.php(1190): CodeIgniter\View\View->render('Pages/index', [], true)
 5 APPPATH\Controllers\Pages.php(42): view('Pages/index', [...])
 6 SYSTEMPATH\CodeIgniter.php(942): App\Controllers\Pages->show()
 7 SYSTEMPATH\CodeIgniter.php(502): CodeIgniter\CodeIgniter->runController(Object(App\Controllers\Pages))
 8 SYSTEMPATH\CodeIgniter.php(361): CodeIgniter\CodeIgniter->handleRequest(null, Object(Config\Cache), false)
 9 FCPATH\index.php(84): CodeIgniter\CodeIgniter->run()
INFO - 2023-12-08 09:12:44 --> Session: Class initialized using 'CodeIgniter\Session\Handlers\FileHandler' driver.
CRITICAL - 2023-12-08 09:12:44 --> Attempt to read property "page_id" on array
in APPPATH\Views\Pages\index.php on line 33.
 1 APPPATH\Views\Pages\index.php(33): CodeIgniter\Debug\Exceptions->errorHandler(2, 'Attempt to read property "page_id" on array', 'C:\\xampp\\htdocs\\hometest\\app\\Views\\Pages\\index.php', 33)
 2 SYSTEMPATH\View\View.php(228): include('C:\\xampp\\htdocs\\hometest\\app\\Views\\Pages\\index.php')
 3 SYSTEMPATH\View\View.php(231): CodeIgniter\View\View->CodeIgniter\View\{closure}()
 4 SYSTEMPATH\Common.php(1190): CodeIgniter\View\View->render('Pages/index', [], true)
 5 APPPATH\Controllers\Pages.php(42): view('Pages/index', [...])
 6 SYSTEMPATH\CodeIgniter.php(942): App\Controllers\Pages->show()
 7 SYSTEMPATH\CodeIgniter.php(502): CodeIgniter\CodeIgniter->runController(Object(App\Controllers\Pages))
 8 SYSTEMPATH\CodeIgniter.php(361): CodeIgniter\CodeIgniter->handleRequest(null, Object(Config\Cache), false)
 9 FCPATH\index.php(84): CodeIgniter\CodeIgniter->run()
INFO - 2023-12-08 09:14:33 --> Session: Class initialized using 'CodeIgniter\Session\Handlers\FileHandler' driver.
CRITICAL - 2023-12-08 09:14:33 --> Undefined array key "page_id"
in APPPATH\Views\Pages\index.php on line 33.
 1 APPPATH\Views\Pages\index.php(33): CodeIgniter\Debug\Exceptions->errorHandler(2, 'Undefined array key "page_id"', 'C:\\xampp\\htdocs\\hometest\\app\\Views\\Pages\\index.php', 33)
 2 SYSTEMPATH\View\View.php(228): include('C:\\xampp\\htdocs\\hometest\\app\\Views\\Pages\\index.php')
 3 SYSTEMPATH\View\View.php(231): CodeIgniter\View\View->CodeIgniter\View\{closure}()
 4 SYSTEMPATH\Common.php(1190): CodeIgniter\View\View->render('Pages/index', [], true)
 5 APPPATH\Controllers\Pages.php(42): view('Pages/index', [...])
 6 SYSTEMPATH\CodeIgniter.php(942): App\Controllers\Pages->show()
 7 SYSTEMPATH\CodeIgniter.php(502): CodeIgniter\CodeIgniter->runController(Object(App\Controllers\Pages))
 8 SYSTEMPATH\CodeIgniter.php(361): CodeIgniter\CodeIgniter->handleRequest(null, Object(Config\Cache), false)
 9 FCPATH\index.php(84): CodeIgniter\CodeIgniter->run()
INFO - 2023-12-08 09:15:00 --> Session: Class initialized using 'CodeIgniter\Session\Handlers\FileHandler' driver.
INFO - 2023-12-08 09:15:37 --> Session: Class initialized using 'CodeIgniter\Session\Handlers\FileHandler' driver.
INFO - 2023-12-08 10:17:59 --> Session: Class initialized using 'CodeIgniter\Session\Handlers\FileHandler' driver.
INFO - 2023-12-08 10:18:23 --> Session: Class initialized using 'CodeIgniter\Session\Handlers\FileHandler' driver.
INFO - 2023-12-08 10:18:28 --> Session: Class initialized using 'CodeIgniter\Session\Handlers\FileHandler' driver.
INFO - 2023-12-08 10:19:03 --> Session: Class initialized using 'CodeIgniter\Session\Handlers\FileHandler' driver.
INFO - 2023-12-08 10:19:22 --> Session: Class initialized using 'CodeIgniter\Session\Handlers\FileHandler' driver.
INFO - 2023-12-08 10:23:45 --> Session: Class initialized using 'CodeIgniter\Session\Handlers\FileHandler' driver.
INFO - 2023-12-08 10:23:49 --> Session: Class initialized using 'CodeIgniter\Session\Handlers\FileHandler' driver.
INFO - 2023-12-08 10:24:00 --> Session: Class initialized using 'CodeIgniter\Session\Handlers\FileHandler' driver.
INFO - 2023-12-08 10:25:04 --> Session: Class initialized using 'CodeIgniter\Session\Handlers\FileHandler' driver.
INFO - 2023-12-08 10:25:19 --> Session: Class initialized using 'CodeIgniter\Session\Handlers\FileHandler' driver.
INFO - 2023-12-08 10:25:26 --> Session: Class initialized using 'CodeIgniter\Session\Handlers\FileHandler' driver.
INFO - 2023-12-08 10:27:03 --> Session: Class initialized using 'CodeIgniter\Session\Handlers\FileHandler' driver.
INFO - 2023-12-08 10:27:13 --> Session: Class initialized using 'CodeIgniter\Session\Handlers\FileHandler' driver.
INFO - 2023-12-08 10:27:35 --> Session: Class initialized using 'CodeIgniter\Session\Handlers\FileHandler' driver.
INFO - 2023-12-08 10:35:25 --> Session: Class initialized using 'CodeIgniter\Session\Handlers\FileHandler' driver.
CRITICAL - 2023-12-08 10:35:25 --> Undefined variable $article
in APPPATH\Views\Pages\index.php on line 38.
 1 APPPATH\Views\Pages\index.php(38): CodeIgniter\Debug\Exceptions->errorHandler(2, 'Undefined variable $article', 'C:\\xampp\\htdocs\\hometest\\app\\Views\\Pages\\index.php', 38)
 2 SYSTEMPATH\View\View.php(228): include('C:\\xampp\\htdocs\\hometest\\app\\Views\\Pages\\index.php')
 3 SYSTEMPATH\View\View.php(231): CodeIgniter\View\View->CodeIgniter\View\{closure}()
 4 SYSTEMPATH\Common.php(1190): CodeIgniter\View\View->render('Pages/index', [], true)
 5 APPPATH\Controllers\Pages.php(42): view('Pages/index', [...])
 6 SYSTEMPATH\CodeIgniter.php(942): App\Controllers\Pages->show()
 7 SYSTEMPATH\CodeIgniter.php(502): CodeIgniter\CodeIgniter->runController(Object(App\Controllers\Pages))
 8 SYSTEMPATH\CodeIgniter.php(361): CodeIgniter\CodeIgniter->handleRequest(null, Object(Config\Cache), false)
 9 FCPATH\index.php(84): CodeIgniter\CodeIgniter->run()
INFO - 2023-12-08 10:35:51 --> Session: Class initialized using 'CodeIgniter\Session\Handlers\FileHandler' driver.
CRITICAL - 2023-12-08 10:35:51 --> Undefined variable $article
in APPPATH\Views\Pages\index.php on line 38.
 1 APPPATH\Views\Pages\index.php(38): CodeIgniter\Debug\Exceptions->errorHandler(2, 'Undefined variable $article', 'C:\\xampp\\htdocs\\hometest\\app\\Views\\Pages\\index.php', 38)
 2 SYSTEMPATH\View\View.php(228): include('C:\\xampp\\htdocs\\hometest\\app\\Views\\Pages\\index.php')
 3 SYSTEMPATH\View\View.php(231): CodeIgniter\View\View->CodeIgniter\View\{closure}()
 4 SYSTEMPATH\Common.php(1190): CodeIgniter\View\View->render('Pages/index', [], true)
 5 APPPATH\Controllers\Pages.php(42): view('Pages/index', [...])
 6 SYSTEMPATH\CodeIgniter.php(942): App\Controllers\Pages->show()
 7 SYSTEMPATH\CodeIgniter.php(502): CodeIgniter\CodeIgniter->runController(Object(App\Controllers\Pages))
 8 SYSTEMPATH\CodeIgniter.php(361): CodeIgniter\CodeIgniter->handleRequest(null, Object(Config\Cache), false)
 9 FCPATH\index.php(84): CodeIgniter\CodeIgniter->run()
INFO - 2023-12-08 10:36:32 --> Session: Class initialized using 'CodeIgniter\Session\Handlers\FileHandler' driver.
CRITICAL - 2023-12-08 10:36:32 --> Undefined variable $article
in APPPATH\Views\Pages\index.php on line 38.
 1 APPPATH\Views\Pages\index.php(38): CodeIgniter\Debug\Exceptions->errorHandler(2, 'Undefined variable $article', 'C:\\xampp\\htdocs\\hometest\\app\\Views\\Pages\\index.php', 38)
 2 SYSTEMPATH\View\View.php(228): include('C:\\xampp\\htdocs\\hometest\\app\\Views\\Pages\\index.php')
 3 SYSTEMPATH\View\View.php(231): CodeIgniter\View\View->CodeIgniter\View\{closure}()
 4 SYSTEMPATH\Common.php(1190): CodeIgniter\View\View->render('Pages/index', [], true)
 5 APPPATH\Controllers\Pages.php(42): view('Pages/index', [...])
 6 SYSTEMPATH\CodeIgniter.php(942): App\Controllers\Pages->show()
 7 SYSTEMPATH\CodeIgniter.php(502): CodeIgniter\CodeIgniter->runController(Object(App\Controllers\Pages))
 8 SYSTEMPATH\CodeIgniter.php(361): CodeIgniter\CodeIgniter->handleRequest(null, Object(Config\Cache), false)
 9 FCPATH\index.php(84): CodeIgniter\CodeIgniter->run()
INFO - 2023-12-08 10:36:43 --> Session: Class initialized using 'CodeIgniter\Session\Handlers\FileHandler' driver.
CRITICAL - 2023-12-08 10:36:43 --> Controller or its method is not found: Pages::confirmDelete
in SYSTEMPATH\Helpers\url_helper.php on line 486.
 1 SYSTEMPATH\Helpers\url_helper.php(486): CodeIgniter\Router\Exceptions\RouterException::forControllerNotFound('Pages', 'confirmDelete')
 2 APPPATH\Views\Pages\index.php(38): url_to('Pages::confirmDelete', null)
 3 SYSTEMPATH\View\View.php(228): include('C:\\xampp\\htdocs\\hometest\\app\\Views\\Pages\\index.php')
 4 SYSTEMPATH\View\View.php(231): CodeIgniter\View\View->CodeIgniter\View\{closure}()
 5 SYSTEMPATH\Common.php(1190): CodeIgniter\View\View->render('Pages/index', [], true)
 6 APPPATH\Controllers\Pages.php(42): view('Pages/index', [...])
 7 SYSTEMPATH\CodeIgniter.php(942): App\Controllers\Pages->show()
 8 SYSTEMPATH\CodeIgniter.php(502): CodeIgniter\CodeIgniter->runController(Object(App\Controllers\Pages))
 9 SYSTEMPATH\CodeIgniter.php(361): CodeIgniter\CodeIgniter->handleRequest(null, Object(Config\Cache), false)
10 FCPATH\index.php(84): CodeIgniter\CodeIgniter->run()
INFO - 2023-12-08 10:37:21 --> Session: Class initialized using 'CodeIgniter\Session\Handlers\FileHandler' driver.
CRITICAL - 2023-12-08 10:37:21 --> Controller or its method is not found: Pages::confirmDelete
in SYSTEMPATH\Helpers\url_helper.php on line 486.
 1 SYSTEMPATH\Helpers\url_helper.php(486): CodeIgniter\Router\Exceptions\RouterException::forControllerNotFound('Pages', 'confirmDelete')
 2 APPPATH\Views\Pages\index.php(38): url_to('Pages::confirmDelete', null)
 3 SYSTEMPATH\View\View.php(228): include('C:\\xampp\\htdocs\\hometest\\app\\Views\\Pages\\index.php')
 4 SYSTEMPATH\View\View.php(231): CodeIgniter\View\View->CodeIgniter\View\{closure}()
 5 SYSTEMPATH\Common.php(1190): CodeIgniter\View\View->render('Pages/index', [], true)
 6 APPPATH\Controllers\Pages.php(42): view('Pages/index', [...])
 7 SYSTEMPATH\CodeIgniter.php(942): App\Controllers\Pages->show()
 8 SYSTEMPATH\CodeIgniter.php(502): CodeIgniter\CodeIgniter->runController(Object(App\Controllers\Pages))
 9 SYSTEMPATH\CodeIgniter.php(361): CodeIgniter\CodeIgniter->handleRequest(null, Object(Config\Cache), false)
10 FCPATH\index.php(84): CodeIgniter\CodeIgniter->run()
INFO - 2023-12-08 10:37:24 --> Session: Class initialized using 'CodeIgniter\Session\Handlers\FileHandler' driver.
CRITICAL - 2023-12-08 10:37:24 --> Controller or its method is not found: Pages::confirmDelete
in SYSTEMPATH\Helpers\url_helper.php on line 486.
 1 SYSTEMPATH\Helpers\url_helper.php(486): CodeIgniter\Router\Exceptions\RouterException::forControllerNotFound('Pages', 'confirmDelete')
 2 APPPATH\Views\Pages\index.php(38): url_to('Pages::confirmDelete', null)
 3 SYSTEMPATH\View\View.php(228): include('C:\\xampp\\htdocs\\hometest\\app\\Views\\Pages\\index.php')
 4 SYSTEMPATH\View\View.php(231): CodeIgniter\View\View->CodeIgniter\View\{closure}()
 5 SYSTEMPATH\Common.php(1190): CodeIgniter\View\View->render('Pages/index', [], true)
 6 APPPATH\Controllers\Pages.php(42): view('Pages/index', [...])
 7 SYSTEMPATH\CodeIgniter.php(942): App\Controllers\Pages->show()
 8 SYSTEMPATH\CodeIgniter.php(502): CodeIgniter\CodeIgniter->runController(Object(App\Controllers\Pages))
 9 SYSTEMPATH\CodeIgniter.php(361): CodeIgniter\CodeIgniter->handleRequest(null, Object(Config\Cache), false)
10 FCPATH\index.php(84): CodeIgniter\CodeIgniter->run()
INFO - 2023-12-08 10:38:25 --> Session: Class initialized using 'CodeIgniter\Session\Handlers\FileHandler' driver.
CRITICAL - 2023-12-08 10:38:25 --> Missing argument for "(:num)" in route "page/(:num)/delete".
in SYSTEMPATH\Router\RouteCollection.php on line 1367.
 1 SYSTEMPATH\Router\RouteCollection.php(1211): CodeIgniter\Router\RouteCollection->buildReverseRoute('page/(:num)/delete', [...])
 2 SYSTEMPATH\Common.php(978): CodeIgniter\Router\RouteCollection->reverseRoute('App\\Controllers\\Pages::confirmDelete', null)
 3 SYSTEMPATH\Helpers\url_helper.php(482): route_to('Pages::confirmDelete', null)
 4 APPPATH\Views\Pages\index.php(38): url_to('Pages::confirmDelete', null)
 5 SYSTEMPATH\View\View.php(228): include('C:\\xampp\\htdocs\\hometest\\app\\Views\\Pages\\index.php')
 6 SYSTEMPATH\View\View.php(231): CodeIgniter\View\View->CodeIgniter\View\{closure}()
 7 SYSTEMPATH\Common.php(1190): CodeIgniter\View\View->render('Pages/index', [], true)
 8 APPPATH\Controllers\Pages.php(42): view('Pages/index', [...])
 9 SYSTEMPATH\CodeIgniter.php(942): App\Controllers\Pages->show()
10 SYSTEMPATH\CodeIgniter.php(502): CodeIgniter\CodeIgniter->runController(Object(App\Controllers\Pages))
11 SYSTEMPATH\CodeIgniter.php(361): CodeIgniter\CodeIgniter->handleRequest(null, Object(Config\Cache), false)
12 FCPATH\index.php(84): CodeIgniter\CodeIgniter->run()
INFO - 2023-12-08 10:39:04 --> Session: Class initialized using 'CodeIgniter\Session\Handlers\FileHandler' driver.
CRITICAL - 2023-12-08 10:39:04 --> Missing argument for "(:num)" in route "page/show/(:num)/delete".
in SYSTEMPATH\Router\RouteCollection.php on line 1367.
 1 SYSTEMPATH\Router\RouteCollection.php(1211): CodeIgniter\Router\RouteCollection->buildReverseRoute('page/show/(:num)/delete', [...])
 2 SYSTEMPATH\Common.php(978): CodeIgniter\Router\RouteCollection->reverseRoute('App\\Controllers\\Pages::confirmDelete', null)
 3 SYSTEMPATH\Helpers\url_helper.php(482): route_to('Pages::confirmDelete', null)
 4 APPPATH\Views\Pages\index.php(38): url_to('Pages::confirmDelete', null)
 5 SYSTEMPATH\View\View.php(228): include('C:\\xampp\\htdocs\\hometest\\app\\Views\\Pages\\index.php')
 6 SYSTEMPATH\View\View.php(231): CodeIgniter\View\View->CodeIgniter\View\{closure}()
 7 SYSTEMPATH\Common.php(1190): CodeIgniter\View\View->render('Pages/index', [], true)
 8 APPPATH\Controllers\Pages.php(42): view('Pages/index', [...])
 9 SYSTEMPATH\CodeIgniter.php(942): App\Controllers\Pages->show()
10 SYSTEMPATH\CodeIgniter.php(502): CodeIgniter\CodeIgniter->runController(Object(App\Controllers\Pages))
11 SYSTEMPATH\CodeIgniter.php(361): CodeIgniter\CodeIgniter->handleRequest(null, Object(Config\Cache), false)
12 FCPATH\index.php(84): CodeIgniter\CodeIgniter->run()
INFO - 2023-12-08 10:39:56 --> Session: Class initialized using 'CodeIgniter\Session\Handlers\FileHandler' driver.
CRITICAL - 2023-12-08 10:39:56 --> Missing argument for "(:num)" in route "page/(:num)/delete".
in SYSTEMPATH\Router\RouteCollection.php on line 1367.
 1 SYSTEMPATH\Router\RouteCollection.php(1211): CodeIgniter\Router\RouteCollection->buildReverseRoute('page/(:num)/delete', [...])
 2 SYSTEMPATH\Common.php(978): CodeIgniter\Router\RouteCollection->reverseRoute('App\\Controllers\\Pages::confirmDelete', null)
 3 SYSTEMPATH\Helpers\url_helper.php(482): route_to('Pages::confirmDelete', null)
 4 APPPATH\Views\Pages\index.php(38): url_to('Pages::confirmDelete', null)
 5 SYSTEMPATH\View\View.php(228): include('C:\\xampp\\htdocs\\hometest\\app\\Views\\Pages\\index.php')
 6 SYSTEMPATH\View\View.php(231): CodeIgniter\View\View->CodeIgniter\View\{closure}()
 7 SYSTEMPATH\Common.php(1190): CodeIgniter\View\View->render('Pages/index', [], true)
 8 APPPATH\Controllers\Pages.php(42): view('Pages/index', [...])
 9 SYSTEMPATH\CodeIgniter.php(942): App\Controllers\Pages->show()
10 SYSTEMPATH\CodeIgniter.php(502): CodeIgniter\CodeIgniter->runController(Object(App\Controllers\Pages))
11 SYSTEMPATH\CodeIgniter.php(361): CodeIgniter\CodeIgniter->handleRequest(null, Object(Config\Cache), false)
12 FCPATH\index.php(84): CodeIgniter\CodeIgniter->run()
INFO - 2023-12-08 10:40:35 --> Session: Class initialized using 'CodeIgniter\Session\Handlers\FileHandler' driver.
CRITICAL - 2023-12-08 10:40:35 --> Missing argument for "(:num)" in route "page/(:num)/delete".
in SYSTEMPATH\Router\RouteCollection.php on line 1367.
 1 SYSTEMPATH\Router\RouteCollection.php(1211): CodeIgniter\Router\RouteCollection->buildReverseRoute('page/(:num)/delete', [...])
 2 SYSTEMPATH\Common.php(978): CodeIgniter\Router\RouteCollection->reverseRoute('App\\Controllers\\Pages::confirmDelete', null)
 3 SYSTEMPATH\Helpers\url_helper.php(482): route_to('Pages::confirmDelete', null)
 4 APPPATH\Views\Pages\index.php(38): url_to('Pages::confirmDelete', null)
 5 SYSTEMPATH\View\View.php(228): include('C:\\xampp\\htdocs\\hometest\\app\\Views\\Pages\\index.php')
 6 SYSTEMPATH\View\View.php(231): CodeIgniter\View\View->CodeIgniter\View\{closure}()
 7 SYSTEMPATH\Common.php(1190): CodeIgniter\View\View->render('Pages/index', [], true)
 8 APPPATH\Controllers\Pages.php(42): view('Pages/index', [...])
 9 SYSTEMPATH\CodeIgniter.php(942): App\Controllers\Pages->show()
10 SYSTEMPATH\CodeIgniter.php(502): CodeIgniter\CodeIgniter->runController(Object(App\Controllers\Pages))
11 SYSTEMPATH\CodeIgniter.php(361): CodeIgniter\CodeIgniter->handleRequest(null, Object(Config\Cache), false)
12 FCPATH\index.php(84): CodeIgniter\CodeIgniter->run()
INFO - 2023-12-08 10:42:00 --> Session: Class initialized using 'CodeIgniter\Session\Handlers\FileHandler' driver.
CRITICAL - 2023-12-08 10:42:00 --> Missing argument for "(:num)" in route "page/(:num)/delete".
in SYSTEMPATH\Router\RouteCollection.php on line 1367.
 1 SYSTEMPATH\Router\RouteCollection.php(1211): CodeIgniter\Router\RouteCollection->buildReverseRoute('page/(:num)/delete', [...])
 2 SYSTEMPATH\Common.php(978): CodeIgniter\Router\RouteCollection->reverseRoute('App\\Controllers\\Pages::confirmDelete', null)
 3 SYSTEMPATH\Helpers\url_helper.php(482): route_to('Pages::confirmDelete', null)
 4 APPPATH\Views\Pages\index.php(38): url_to('Pages::confirmDelete', null)
 5 SYSTEMPATH\View\View.php(228): include('C:\\xampp\\htdocs\\hometest\\app\\Views\\Pages\\index.php')
 6 SYSTEMPATH\View\View.php(231): CodeIgniter\View\View->CodeIgniter\View\{closure}()
 7 SYSTEMPATH\Common.php(1190): CodeIgniter\View\View->render('Pages/index', [], true)
 8 APPPATH\Controllers\Pages.php(42): view('Pages/index', [...])
 9 SYSTEMPATH\CodeIgniter.php(942): App\Controllers\Pages->show()
10 SYSTEMPATH\CodeIgniter.php(502): CodeIgniter\CodeIgniter->runController(Object(App\Controllers\Pages))
11 SYSTEMPATH\CodeIgniter.php(361): CodeIgniter\CodeIgniter->handleRequest(null, Object(Config\Cache), false)
12 FCPATH\index.php(84): CodeIgniter\CodeIgniter->run()
INFO - 2023-12-08 10:43:04 --> Session: Class initialized using 'CodeIgniter\Session\Handlers\FileHandler' driver.
CRITICAL - 2023-12-08 10:43:05 --> Missing argument for "(:num)" in route "page/(:num)/delete".
in SYSTEMPATH\Router\RouteCollection.php on line 1367.
 1 SYSTEMPATH\Router\RouteCollection.php(1211): CodeIgniter\Router\RouteCollection->buildReverseRoute('page/(:num)/delete', [...])
 2 SYSTEMPATH\Common.php(978): CodeIgniter\Router\RouteCollection->reverseRoute('App\\Controllers\\Pages::confirmDelete', null)
 3 SYSTEMPATH\Helpers\url_helper.php(482): route_to('Pages::confirmDelete', null)
 4 APPPATH\Views\Pages\index.php(38): url_to('Pages::confirmDelete', null)
 5 SYSTEMPATH\View\View.php(228): include('C:\\xampp\\htdocs\\hometest\\app\\Views\\Pages\\index.php')
 6 SYSTEMPATH\View\View.php(231): CodeIgniter\View\View->CodeIgniter\View\{closure}()
 7 SYSTEMPATH\Common.php(1190): CodeIgniter\View\View->render('Pages/index', [], true)
 8 APPPATH\Controllers\Pages.php(42): view('Pages/index', [...])
 9 SYSTEMPATH\CodeIgniter.php(942): App\Controllers\Pages->show()
10 SYSTEMPATH\CodeIgniter.php(502): CodeIgniter\CodeIgniter->runController(Object(App\Controllers\Pages))
11 SYSTEMPATH\CodeIgniter.php(361): CodeIgniter\CodeIgniter->handleRequest(null, Object(Config\Cache), false)
12 FCPATH\index.php(84): CodeIgniter\CodeIgniter->run()
INFO - 2023-12-08 10:43:05 --> Session: Class initialized using 'CodeIgniter\Session\Handlers\FileHandler' driver.
CRITICAL - 2023-12-08 10:43:05 --> Missing argument for "(:num)" in route "page/(:num)/delete".
in SYSTEMPATH\Router\RouteCollection.php on line 1367.
 1 SYSTEMPATH\Router\RouteCollection.php(1211): CodeIgniter\Router\RouteCollection->buildReverseRoute('page/(:num)/delete', [...])
 2 SYSTEMPATH\Common.php(978): CodeIgniter\Router\RouteCollection->reverseRoute('App\\Controllers\\Pages::confirmDelete', null)
 3 SYSTEMPATH\Helpers\url_helper.php(482): route_to('Pages::confirmDelete', null)
 4 APPPATH\Views\Pages\index.php(38): url_to('Pages::confirmDelete', null)
 5 SYSTEMPATH\View\View.php(228): include('C:\\xampp\\htdocs\\hometest\\app\\Views\\Pages\\index.php')
 6 SYSTEMPATH\View\View.php(231): CodeIgniter\View\View->CodeIgniter\View\{closure}()
 7 SYSTEMPATH\Common.php(1190): CodeIgniter\View\View->render('Pages/index', [], true)
 8 APPPATH\Controllers\Pages.php(42): view('Pages/index', [...])
 9 SYSTEMPATH\CodeIgniter.php(942): App\Controllers\Pages->show()
10 SYSTEMPATH\CodeIgniter.php(502): CodeIgniter\CodeIgniter->runController(Object(App\Controllers\Pages))
11 SYSTEMPATH\CodeIgniter.php(361): CodeIgniter\CodeIgniter->handleRequest(null, Object(Config\Cache), false)
12 FCPATH\index.php(84): CodeIgniter\CodeIgniter->run()
INFO - 2023-12-08 10:43:05 --> Session: Class initialized using 'CodeIgniter\Session\Handlers\FileHandler' driver.
CRITICAL - 2023-12-08 10:43:05 --> Missing argument for "(:num)" in route "page/(:num)/delete".
in SYSTEMPATH\Router\RouteCollection.php on line 1367.
 1 SYSTEMPATH\Router\RouteCollection.php(1211): CodeIgniter\Router\RouteCollection->buildReverseRoute('page/(:num)/delete', [...])
 2 SYSTEMPATH\Common.php(978): CodeIgniter\Router\RouteCollection->reverseRoute('App\\Controllers\\Pages::confirmDelete', null)
 3 SYSTEMPATH\Helpers\url_helper.php(482): route_to('Pages::confirmDelete', null)
 4 APPPATH\Views\Pages\index.php(38): url_to('Pages::confirmDelete', null)
 5 SYSTEMPATH\View\View.php(228): include('C:\\xampp\\htdocs\\hometest\\app\\Views\\Pages\\index.php')
 6 SYSTEMPATH\View\View.php(231): CodeIgniter\View\View->CodeIgniter\View\{closure}()
 7 SYSTEMPATH\Common.php(1190): CodeIgniter\View\View->render('Pages/index', [], true)
 8 APPPATH\Controllers\Pages.php(42): view('Pages/index', [...])
 9 SYSTEMPATH\CodeIgniter.php(942): App\Controllers\Pages->show()
10 SYSTEMPATH\CodeIgniter.php(502): CodeIgniter\CodeIgniter->runController(Object(App\Controllers\Pages))
11 SYSTEMPATH\CodeIgniter.php(361): CodeIgniter\CodeIgniter->handleRequest(null, Object(Config\Cache), false)
12 FCPATH\index.php(84): CodeIgniter\CodeIgniter->run()
INFO - 2023-12-08 10:43:06 --> Session: Class initialized using 'CodeIgniter\Session\Handlers\FileHandler' driver.
CRITICAL - 2023-12-08 10:43:06 --> Missing argument for "(:num)" in route "page/(:num)/delete".
in SYSTEMPATH\Router\RouteCollection.php on line 1367.
 1 SYSTEMPATH\Router\RouteCollection.php(1211): CodeIgniter\Router\RouteCollection->buildReverseRoute('page/(:num)/delete', [...])
 2 SYSTEMPATH\Common.php(978): CodeIgniter\Router\RouteCollection->reverseRoute('App\\Controllers\\Pages::confirmDelete', null)
 3 SYSTEMPATH\Helpers\url_helper.php(482): route_to('Pages::confirmDelete', null)
 4 APPPATH\Views\Pages\index.php(38): url_to('Pages::confirmDelete', null)
 5 SYSTEMPATH\View\View.php(228): include('C:\\xampp\\htdocs\\hometest\\app\\Views\\Pages\\index.php')
 6 SYSTEMPATH\View\View.php(231): CodeIgniter\View\View->CodeIgniter\View\{closure}()
 7 SYSTEMPATH\Common.php(1190): CodeIgniter\View\View->render('Pages/index', [], true)
 8 APPPATH\Controllers\Pages.php(42): view('Pages/index', [...])
 9 SYSTEMPATH\CodeIgniter.php(942): App\Controllers\Pages->show()
10 SYSTEMPATH\CodeIgniter.php(502): CodeIgniter\CodeIgniter->runController(Object(App\Controllers\Pages))
11 SYSTEMPATH\CodeIgniter.php(361): CodeIgniter\CodeIgniter->handleRequest(null, Object(Config\Cache), false)
12 FCPATH\index.php(84): CodeIgniter\CodeIgniter->run()
INFO - 2023-12-08 10:43:37 --> Session: Class initialized using 'CodeIgniter\Session\Handlers\FileHandler' driver.
CRITICAL - 2023-12-08 10:43:37 --> Missing argument for "(:num)" in route "page/delete/(:num)".
in SYSTEMPATH\Router\RouteCollection.php on line 1367.
 1 SYSTEMPATH\Router\RouteCollection.php(1211): CodeIgniter\Router\RouteCollection->buildReverseRoute('page/delete/(:num)', [...])
 2 SYSTEMPATH\Common.php(978): CodeIgniter\Router\RouteCollection->reverseRoute('App\\Controllers\\Pages::confirmDelete', null)
 3 SYSTEMPATH\Helpers\url_helper.php(482): route_to('Pages::confirmDelete', null)
 4 APPPATH\Views\Pages\index.php(38): url_to('Pages::confirmDelete', null)
 5 SYSTEMPATH\View\View.php(228): include('C:\\xampp\\htdocs\\hometest\\app\\Views\\Pages\\index.php')
 6 SYSTEMPATH\View\View.php(231): CodeIgniter\View\View->CodeIgniter\View\{closure}()
 7 SYSTEMPATH\Common.php(1190): CodeIgniter\View\View->render('Pages/index', [], true)
 8 APPPATH\Controllers\Pages.php(42): view('Pages/index', [...])
 9 SYSTEMPATH\CodeIgniter.php(942): App\Controllers\Pages->show()
10 SYSTEMPATH\CodeIgniter.php(502): CodeIgniter\CodeIgniter->runController(Object(App\Controllers\Pages))
11 SYSTEMPATH\CodeIgniter.php(361): CodeIgniter\CodeIgniter->handleRequest(null, Object(Config\Cache), false)
12 FCPATH\index.php(84): CodeIgniter\CodeIgniter->run()
INFO - 2023-12-08 10:45:42 --> Session: Class initialized using 'CodeIgniter\Session\Handlers\FileHandler' driver.
CRITICAL - 2023-12-08 10:45:42 --> Missing argument for "(:num)" in route "page/delete/(:num)".
in SYSTEMPATH\Router\RouteCollection.php on line 1367.
 1 SYSTEMPATH\Router\RouteCollection.php(1211): CodeIgniter\Router\RouteCollection->buildReverseRoute('page/delete/(:num)', [...])
 2 SYSTEMPATH\Common.php(978): CodeIgniter\Router\RouteCollection->reverseRoute('App\\Controllers\\Pages::confirmDelete', null)
 3 SYSTEMPATH\Helpers\url_helper.php(482): route_to('Pages::confirmDelete', null)
 4 APPPATH\Views\Pages\index.php(38): url_to('Pages::confirmDelete', null)
 5 SYSTEMPATH\View\View.php(228): include('C:\\xampp\\htdocs\\hometest\\app\\Views\\Pages\\index.php')
 6 SYSTEMPATH\View\View.php(231): CodeIgniter\View\View->CodeIgniter\View\{closure}()
 7 SYSTEMPATH\Common.php(1190): CodeIgniter\View\View->render('Pages/index', [], true)
 8 APPPATH\Controllers\Pages.php(42): view('Pages/index', [...])
 9 SYSTEMPATH\CodeIgniter.php(942): App\Controllers\Pages->show()
10 SYSTEMPATH\CodeIgniter.php(502): CodeIgniter\CodeIgniter->runController(Object(App\Controllers\Pages))
11 SYSTEMPATH\CodeIgniter.php(361): CodeIgniter\CodeIgniter->handleRequest(null, Object(Config\Cache), false)
12 FCPATH\index.php(84): CodeIgniter\CodeIgniter->run()
INFO - 2023-12-08 10:45:44 --> Session: Class initialized using 'CodeIgniter\Session\Handlers\FileHandler' driver.
CRITICAL - 2023-12-08 10:45:44 --> Missing argument for "(:num)" in route "page/delete/(:num)".
in SYSTEMPATH\Router\RouteCollection.php on line 1367.
 1 SYSTEMPATH\Router\RouteCollection.php(1211): CodeIgniter\Router\RouteCollection->buildReverseRoute('page/delete/(:num)', [...])
 2 SYSTEMPATH\Common.php(978): CodeIgniter\Router\RouteCollection->reverseRoute('App\\Controllers\\Pages::confirmDelete', null)
 3 SYSTEMPATH\Helpers\url_helper.php(482): route_to('Pages::confirmDelete', null)
 4 APPPATH\Views\Pages\index.php(38): url_to('Pages::confirmDelete', null)
 5 SYSTEMPATH\View\View.php(228): include('C:\\xampp\\htdocs\\hometest\\app\\Views\\Pages\\index.php')
 6 SYSTEMPATH\View\View.php(231): CodeIgniter\View\View->CodeIgniter\View\{closure}()
 7 SYSTEMPATH\Common.php(1190): CodeIgniter\View\View->render('Pages/index', [], true)
 8 APPPATH\Controllers\Pages.php(42): view('Pages/index', [...])
 9 SYSTEMPATH\CodeIgniter.php(942): App\Controllers\Pages->show()
10 SYSTEMPATH\CodeIgniter.php(502): CodeIgniter\CodeIgniter->runController(Object(App\Controllers\Pages))
11 SYSTEMPATH\CodeIgniter.php(361): CodeIgniter\CodeIgniter->handleRequest(null, Object(Config\Cache), false)
12 FCPATH\index.php(84): CodeIgniter\CodeIgniter->run()
INFO - 2023-12-08 10:46:03 --> Session: Class initialized using 'CodeIgniter\Session\Handlers\FileHandler' driver.
CRITICAL - 2023-12-08 10:46:03 --> Missing argument for "(:num)" in route "page/delete/(:num)".
in SYSTEMPATH\Router\RouteCollection.php on line 1367.
 1 SYSTEMPATH\Router\RouteCollection.php(1211): CodeIgniter\Router\RouteCollection->buildReverseRoute('page/delete/(:num)', [...])
 2 SYSTEMPATH\Common.php(978): CodeIgniter\Router\RouteCollection->reverseRoute('App\\Controllers\\Pages::confirmDelete', null)
 3 SYSTEMPATH\Helpers\url_helper.php(482): route_to('Pages::confirmDelete', null)
 4 APPPATH\Views\Pages\index.php(38): url_to('Pages::confirmDelete', null)
 5 SYSTEMPATH\View\View.php(228): include('C:\\xampp\\htdocs\\hometest\\app\\Views\\Pages\\index.php')
 6 SYSTEMPATH\View\View.php(231): CodeIgniter\View\View->CodeIgniter\View\{closure}()
 7 SYSTEMPATH\Common.php(1190): CodeIgniter\View\View->render('Pages/index', [], true)
 8 APPPATH\Controllers\Pages.php(42): view('Pages/index', [...])
 9 SYSTEMPATH\CodeIgniter.php(942): App\Controllers\Pages->show()
10 SYSTEMPATH\CodeIgniter.php(502): CodeIgniter\CodeIgniter->runController(Object(App\Controllers\Pages))
11 SYSTEMPATH\CodeIgniter.php(361): CodeIgniter\CodeIgniter->handleRequest(null, Object(Config\Cache), false)
12 FCPATH\index.php(84): CodeIgniter\CodeIgniter->run()
ERROR - 2023-12-08 10:46:29 --> mysqli_sql_exception: Unknown column 'pages.id' in 'where clause' in C:\xampp\htdocs\hometest\system\Database\MySQLi\Connection.php:306
Stack trace:
#0 C:\xampp\htdocs\hometest\system\Database\MySQLi\Connection.php(306): mysqli->query('SELECT *\nFROM `...', 0)
#1 C:\xampp\htdocs\hometest\system\Database\BaseConnection.php(693): CodeIgniter\Database\MySQLi\Connection->execute('SELECT *\nFROM `...')
#2 C:\xampp\htdocs\hometest\system\Database\BaseConnection.php(607): CodeIgniter\Database\BaseConnection->simpleQuery('SELECT *\nFROM `...')
#3 C:\xampp\htdocs\hometest\system\Database\BaseBuilder.php(1615): CodeIgniter\Database\BaseConnection->query('SELECT *\nFROM `...', Array, false)
#4 C:\xampp\htdocs\hometest\system\Model.php(196): CodeIgniter\Database\BaseBuilder->get()
#5 C:\xampp\htdocs\hometest\system\BaseModel.php(563): CodeIgniter\Model->doFind(true, '8')
#6 C:\xampp\htdocs\hometest\app\Controllers\Pages.php(62): CodeIgniter\BaseModel->find('8')
#7 C:\xampp\htdocs\hometest\app\Controllers\Pages.php(47): App\Controllers\Pages->getPageOr404('8')
#8 C:\xampp\htdocs\hometest\system\CodeIgniter.php(942): App\Controllers\Pages->confirmDelete('8')
#9 C:\xampp\htdocs\hometest\system\CodeIgniter.php(502): CodeIgniter\CodeIgniter->runController(Object(App\Controllers\Pages))
#10 C:\xampp\htdocs\hometest\system\CodeIgniter.php(361): CodeIgniter\CodeIgniter->handleRequest(NULL, Object(Config\Cache), false)
#11 C:\xampp\htdocs\hometest\index.php(84): CodeIgniter\CodeIgniter->run()
#12 {main}
CRITICAL - 2023-12-08 10:46:29 --> Unknown column 'pages.id' in 'where clause'
in SYSTEMPATH\Database\BaseConnection.php on line 647.
 1 SYSTEMPATH\Database\BaseBuilder.php(1615): CodeIgniter\Database\BaseConnection->query('SELECT *
FROM `pages`
WHERE `pages`.`id` = :pages.id:', [...], false)
 2 SYSTEMPATH\Model.php(196): CodeIgniter\Database\BaseBuilder->get()
 3 SYSTEMPATH\BaseModel.php(563): CodeIgniter\Model->doFind(true, '8')
 4 APPPATH\Controllers\Pages.php(62): CodeIgniter\BaseModel->find('8')
 5 APPPATH\Controllers\Pages.php(47): App\Controllers\Pages->getPageOr404('8')
 6 SYSTEMPATH\CodeIgniter.php(942): App\Controllers\Pages->confirmDelete('8')
 7 SYSTEMPATH\CodeIgniter.php(502): CodeIgniter\CodeIgniter->runController(Object(App\Controllers\Pages))
 8 SYSTEMPATH\CodeIgniter.php(361): CodeIgniter\CodeIgniter->handleRequest(null, Object(Config\Cache), false)
 9 FCPATH\index.php(84): CodeIgniter\CodeIgniter->run()
ERROR - 2023-12-08 10:47:56 --> mysqli_sql_exception: Unknown column 'pages.id' in 'where clause' in C:\xampp\htdocs\hometest\system\Database\MySQLi\Connection.php:306
Stack trace:
#0 C:\xampp\htdocs\hometest\system\Database\MySQLi\Connection.php(306): mysqli->query('SELECT *\nFROM `...', 0)
#1 C:\xampp\htdocs\hometest\system\Database\BaseConnection.php(693): CodeIgniter\Database\MySQLi\Connection->execute('SELECT *\nFROM `...')
#2 C:\xampp\htdocs\hometest\system\Database\BaseConnection.php(607): CodeIgniter\Database\BaseConnection->simpleQuery('SELECT *\nFROM `...')
#3 C:\xampp\htdocs\hometest\system\Database\BaseBuilder.php(1615): CodeIgniter\Database\BaseConnection->query('SELECT *\nFROM `...', Array, false)
#4 C:\xampp\htdocs\hometest\system\Model.php(196): CodeIgniter\Database\BaseBuilder->get()
#5 C:\xampp\htdocs\hometest\system\BaseModel.php(563): CodeIgniter\Model->doFind(true, '8')
#6 C:\xampp\htdocs\hometest\app\Controllers\Pages.php(62): CodeIgniter\BaseModel->find('8')
#7 C:\xampp\htdocs\hometest\app\Controllers\Pages.php(47): App\Controllers\Pages->getPageOr404('8')
#8 C:\xampp\htdocs\hometest\system\CodeIgniter.php(942): App\Controllers\Pages->confirmDelete('8')
#9 C:\xampp\htdocs\hometest\system\CodeIgniter.php(502): CodeIgniter\CodeIgniter->runController(Object(App\Controllers\Pages))
#10 C:\xampp\htdocs\hometest\system\CodeIgniter.php(361): CodeIgniter\CodeIgniter->handleRequest(NULL, Object(Config\Cache), false)
#11 C:\xampp\htdocs\hometest\index.php(84): CodeIgniter\CodeIgniter->run()
#12 {main}
CRITICAL - 2023-12-08 10:47:56 --> Unknown column 'pages.id' in 'where clause'
in SYSTEMPATH\Database\BaseConnection.php on line 647.
 1 SYSTEMPATH\Database\BaseBuilder.php(1615): CodeIgniter\Database\BaseConnection->query('SELECT *
FROM `pages`
WHERE `pages`.`id` = :pages.id:', [...], false)
 2 SYSTEMPATH\Model.php(196): CodeIgniter\Database\BaseBuilder->get()
 3 SYSTEMPATH\BaseModel.php(563): CodeIgniter\Model->doFind(true, '8')
 4 APPPATH\Controllers\Pages.php(62): CodeIgniter\BaseModel->find('8')
 5 APPPATH\Controllers\Pages.php(47): App\Controllers\Pages->getPageOr404('8')
 6 SYSTEMPATH\CodeIgniter.php(942): App\Controllers\Pages->confirmDelete('8')
 7 SYSTEMPATH\CodeIgniter.php(502): CodeIgniter\CodeIgniter->runController(Object(App\Controllers\Pages))
 8 SYSTEMPATH\CodeIgniter.php(361): CodeIgniter\CodeIgniter->handleRequest(null, Object(Config\Cache), false)
 9 FCPATH\index.php(84): CodeIgniter\CodeIgniter->run()
ERROR - 2023-12-08 10:47:59 --> mysqli_sql_exception: Unknown column 'pages.id' in 'where clause' in C:\xampp\htdocs\hometest\system\Database\MySQLi\Connection.php:306
Stack trace:
#0 C:\xampp\htdocs\hometest\system\Database\MySQLi\Connection.php(306): mysqli->query('SELECT *\nFROM `...', 0)
#1 C:\xampp\htdocs\hometest\system\Database\BaseConnection.php(693): CodeIgniter\Database\MySQLi\Connection->execute('SELECT *\nFROM `...')
#2 C:\xampp\htdocs\hometest\system\Database\BaseConnection.php(607): CodeIgniter\Database\BaseConnection->simpleQuery('SELECT *\nFROM `...')
#3 C:\xampp\htdocs\hometest\system\Database\BaseBuilder.php(1615): CodeIgniter\Database\BaseConnection->query('SELECT *\nFROM `...', Array, false)
#4 C:\xampp\htdocs\hometest\system\Model.php(196): CodeIgniter\Database\BaseBuilder->get()
#5 C:\xampp\htdocs\hometest\system\BaseModel.php(563): CodeIgniter\Model->doFind(true, '8')
#6 C:\xampp\htdocs\hometest\app\Controllers\Pages.php(62): CodeIgniter\BaseModel->find('8')
#7 C:\xampp\htdocs\hometest\app\Controllers\Pages.php(47): App\Controllers\Pages->getPageOr404('8')
#8 C:\xampp\htdocs\hometest\system\CodeIgniter.php(942): App\Controllers\Pages->confirmDelete('8')
#9 C:\xampp\htdocs\hometest\system\CodeIgniter.php(502): CodeIgniter\CodeIgniter->runController(Object(App\Controllers\Pages))
#10 C:\xampp\htdocs\hometest\system\CodeIgniter.php(361): CodeIgniter\CodeIgniter->handleRequest(NULL, Object(Config\Cache), false)
#11 C:\xampp\htdocs\hometest\index.php(84): CodeIgniter\CodeIgniter->run()
#12 {main}
CRITICAL - 2023-12-08 10:47:59 --> Unknown column 'pages.id' in 'where clause'
in SYSTEMPATH\Database\BaseConnection.php on line 647.
 1 SYSTEMPATH\Database\BaseBuilder.php(1615): CodeIgniter\Database\BaseConnection->query('SELECT *
FROM `pages`
WHERE `pages`.`id` = :pages.id:', [...], false)
 2 SYSTEMPATH\Model.php(196): CodeIgniter\Database\BaseBuilder->get()
 3 SYSTEMPATH\BaseModel.php(563): CodeIgniter\Model->doFind(true, '8')
 4 APPPATH\Controllers\Pages.php(62): CodeIgniter\BaseModel->find('8')
 5 APPPATH\Controllers\Pages.php(47): App\Controllers\Pages->getPageOr404('8')
 6 SYSTEMPATH\CodeIgniter.php(942): App\Controllers\Pages->confirmDelete('8')
 7 SYSTEMPATH\CodeIgniter.php(502): CodeIgniter\CodeIgniter->runController(Object(App\Controllers\Pages))
 8 SYSTEMPATH\CodeIgniter.php(361): CodeIgniter\CodeIgniter->handleRequest(null, Object(Config\Cache), false)
 9 FCPATH\index.php(84): CodeIgniter\CodeIgniter->run()
ERROR - 2023-12-08 10:48:17 --> mysqli_sql_exception: Unknown column 'pages.id' in 'where clause' in C:\xampp\htdocs\hometest\system\Database\MySQLi\Connection.php:306
Stack trace:
#0 C:\xampp\htdocs\hometest\system\Database\MySQLi\Connection.php(306): mysqli->query('SELECT *\nFROM `...', 0)
#1 C:\xampp\htdocs\hometest\system\Database\BaseConnection.php(693): CodeIgniter\Database\MySQLi\Connection->execute('SELECT *\nFROM `...')
#2 C:\xampp\htdocs\hometest\system\Database\BaseConnection.php(607): CodeIgniter\Database\BaseConnection->simpleQuery('SELECT *\nFROM `...')
#3 C:\xampp\htdocs\hometest\system\Database\BaseBuilder.php(1615): CodeIgniter\Database\BaseConnection->query('SELECT *\nFROM `...', Array, false)
#4 C:\xampp\htdocs\hometest\system\Model.php(196): CodeIgniter\Database\BaseBuilder->get()
#5 C:\xampp\htdocs\hometest\system\BaseModel.php(563): CodeIgniter\Model->doFind(true, '8')
#6 C:\xampp\htdocs\hometest\app\Controllers\Pages.php(62): CodeIgniter\BaseModel->find('8')
#7 C:\xampp\htdocs\hometest\app\Controllers\Pages.php(47): App\Controllers\Pages->getPageOr404('8')
#8 C:\xampp\htdocs\hometest\system\CodeIgniter.php(942): App\Controllers\Pages->confirmDelete('8')
#9 C:\xampp\htdocs\hometest\system\CodeIgniter.php(502): CodeIgniter\CodeIgniter->runController(Object(App\Controllers\Pages))
#10 C:\xampp\htdocs\hometest\system\CodeIgniter.php(361): CodeIgniter\CodeIgniter->handleRequest(NULL, Object(Config\Cache), false)
#11 C:\xampp\htdocs\hometest\index.php(84): CodeIgniter\CodeIgniter->run()
#12 {main}
CRITICAL - 2023-12-08 10:48:17 --> Unknown column 'pages.id' in 'where clause'
in SYSTEMPATH\Database\BaseConnection.php on line 647.
 1 SYSTEMPATH\Database\BaseBuilder.php(1615): CodeIgniter\Database\BaseConnection->query('SELECT *
FROM `pages`
WHERE `pages`.`id` = :pages.id:', [...], false)
 2 SYSTEMPATH\Model.php(196): CodeIgniter\Database\BaseBuilder->get()
 3 SYSTEMPATH\BaseModel.php(563): CodeIgniter\Model->doFind(true, '8')
 4 APPPATH\Controllers\Pages.php(62): CodeIgniter\BaseModel->find('8')
 5 APPPATH\Controllers\Pages.php(47): App\Controllers\Pages->getPageOr404('8')
 6 SYSTEMPATH\CodeIgniter.php(942): App\Controllers\Pages->confirmDelete('8')
 7 SYSTEMPATH\CodeIgniter.php(502): CodeIgniter\CodeIgniter->runController(Object(App\Controllers\Pages))
 8 SYSTEMPATH\CodeIgniter.php(361): CodeIgniter\CodeIgniter->handleRequest(null, Object(Config\Cache), false)
 9 FCPATH\index.php(84): CodeIgniter\CodeIgniter->run()
ERROR - 2023-12-08 10:48:19 --> mysqli_sql_exception: Unknown column 'pages.id' in 'where clause' in C:\xampp\htdocs\hometest\system\Database\MySQLi\Connection.php:306
Stack trace:
#0 C:\xampp\htdocs\hometest\system\Database\MySQLi\Connection.php(306): mysqli->query('SELECT *\nFROM `...', 0)
#1 C:\xampp\htdocs\hometest\system\Database\BaseConnection.php(693): CodeIgniter\Database\MySQLi\Connection->execute('SELECT *\nFROM `...')
#2 C:\xampp\htdocs\hometest\system\Database\BaseConnection.php(607): CodeIgniter\Database\BaseConnection->simpleQuery('SELECT *\nFROM `...')
#3 C:\xampp\htdocs\hometest\system\Database\BaseBuilder.php(1615): CodeIgniter\Database\BaseConnection->query('SELECT *\nFROM `...', Array, false)
#4 C:\xampp\htdocs\hometest\system\Model.php(196): CodeIgniter\Database\BaseBuilder->get()
#5 C:\xampp\htdocs\hometest\system\BaseModel.php(563): CodeIgniter\Model->doFind(true, '8')
#6 C:\xampp\htdocs\hometest\app\Controllers\Pages.php(62): CodeIgniter\BaseModel->find('8')
#7 C:\xampp\htdocs\hometest\app\Controllers\Pages.php(47): App\Controllers\Pages->getPageOr404('8')
#8 C:\xampp\htdocs\hometest\system\CodeIgniter.php(942): App\Controllers\Pages->confirmDelete('8')
#9 C:\xampp\htdocs\hometest\system\CodeIgniter.php(502): CodeIgniter\CodeIgniter->runController(Object(App\Controllers\Pages))
#10 C:\xampp\htdocs\hometest\system\CodeIgniter.php(361): CodeIgniter\CodeIgniter->handleRequest(NULL, Object(Config\Cache), false)
#11 C:\xampp\htdocs\hometest\index.php(84): CodeIgniter\CodeIgniter->run()
#12 {main}
CRITICAL - 2023-12-08 10:48:19 --> Unknown column 'pages.id' in 'where clause'
in SYSTEMPATH\Database\BaseConnection.php on line 647.
 1 SYSTEMPATH\Database\BaseBuilder.php(1615): CodeIgniter\Database\BaseConnection->query('SELECT *
FROM `pages`
WHERE `pages`.`id` = :pages.id:', [...], false)
 2 SYSTEMPATH\Model.php(196): CodeIgniter\Database\BaseBuilder->get()
 3 SYSTEMPATH\BaseModel.php(563): CodeIgniter\Model->doFind(true, '8')
 4 APPPATH\Controllers\Pages.php(62): CodeIgniter\BaseModel->find('8')
 5 APPPATH\Controllers\Pages.php(47): App\Controllers\Pages->getPageOr404('8')
 6 SYSTEMPATH\CodeIgniter.php(942): App\Controllers\Pages->confirmDelete('8')
 7 SYSTEMPATH\CodeIgniter.php(502): CodeIgniter\CodeIgniter->runController(Object(App\Controllers\Pages))
 8 SYSTEMPATH\CodeIgniter.php(361): CodeIgniter\CodeIgniter->handleRequest(null, Object(Config\Cache), false)
 9 FCPATH\index.php(84): CodeIgniter\CodeIgniter->run()
ERROR - 2023-12-08 10:49:08 --> mysqli_sql_exception: Unknown column 'pages.id' in 'where clause' in C:\xampp\htdocs\hometest\system\Database\MySQLi\Connection.php:306
Stack trace:
#0 C:\xampp\htdocs\hometest\system\Database\MySQLi\Connection.php(306): mysqli->query('SELECT *\nFROM `...', 0)
#1 C:\xampp\htdocs\hometest\system\Database\BaseConnection.php(693): CodeIgniter\Database\MySQLi\Connection->execute('SELECT *\nFROM `...')
#2 C:\xampp\htdocs\hometest\system\Database\BaseConnection.php(607): CodeIgniter\Database\BaseConnection->simpleQuery('SELECT *\nFROM `...')
#3 C:\xampp\htdocs\hometest\system\Database\BaseBuilder.php(1615): CodeIgniter\Database\BaseConnection->query('SELECT *\nFROM `...', Array, false)
#4 C:\xampp\htdocs\hometest\system\Model.php(196): CodeIgniter\Database\BaseBuilder->get()
#5 C:\xampp\htdocs\hometest\system\BaseModel.php(563): CodeIgniter\Model->doFind(true, '8')
#6 C:\xampp\htdocs\hometest\app\Controllers\Pages.php(62): CodeIgniter\BaseModel->find('8')
#7 C:\xampp\htdocs\hometest\app\Controllers\Pages.php(47): App\Controllers\Pages->getPageOr404('8')
#8 C:\xampp\htdocs\hometest\system\CodeIgniter.php(942): App\Controllers\Pages->confirmDelete('8')
#9 C:\xampp\htdocs\hometest\system\CodeIgniter.php(502): CodeIgniter\CodeIgniter->runController(Object(App\Controllers\Pages))
#10 C:\xampp\htdocs\hometest\system\CodeIgniter.php(361): CodeIgniter\CodeIgniter->handleRequest(NULL, Object(Config\Cache), false)
#11 C:\xampp\htdocs\hometest\index.php(84): CodeIgniter\CodeIgniter->run()
#12 {main}
CRITICAL - 2023-12-08 10:49:08 --> Unknown column 'pages.id' in 'where clause'
in SYSTEMPATH\Database\BaseConnection.php on line 647.
 1 SYSTEMPATH\Database\BaseBuilder.php(1615): CodeIgniter\Database\BaseConnection->query('SELECT *
FROM `pages`
WHERE `pages`.`id` = :pages.id:', [...], false)
 2 SYSTEMPATH\Model.php(196): CodeIgniter\Database\BaseBuilder->get()
 3 SYSTEMPATH\BaseModel.php(563): CodeIgniter\Model->doFind(true, '8')
 4 APPPATH\Controllers\Pages.php(62): CodeIgniter\BaseModel->find('8')
 5 APPPATH\Controllers\Pages.php(47): App\Controllers\Pages->getPageOr404('8')
 6 SYSTEMPATH\CodeIgniter.php(942): App\Controllers\Pages->confirmDelete('8')
 7 SYSTEMPATH\CodeIgniter.php(502): CodeIgniter\CodeIgniter->runController(Object(App\Controllers\Pages))
 8 SYSTEMPATH\CodeIgniter.php(361): CodeIgniter\CodeIgniter->handleRequest(null, Object(Config\Cache), false)
 9 FCPATH\index.php(84): CodeIgniter\CodeIgniter->run()
ERROR - 2023-12-08 10:49:36 --> mysqli_sql_exception: Unknown column 'pages.id' in 'where clause' in C:\xampp\htdocs\hometest\system\Database\MySQLi\Connection.php:306
Stack trace:
#0 C:\xampp\htdocs\hometest\system\Database\MySQLi\Connection.php(306): mysqli->query('SELECT *\nFROM `...', 0)
#1 C:\xampp\htdocs\hometest\system\Database\BaseConnection.php(693): CodeIgniter\Database\MySQLi\Connection->execute('SELECT *\nFROM `...')
#2 C:\xampp\htdocs\hometest\system\Database\BaseConnection.php(607): CodeIgniter\Database\BaseConnection->simpleQuery('SELECT *\nFROM `...')
#3 C:\xampp\htdocs\hometest\system\Database\BaseBuilder.php(1615): CodeIgniter\Database\BaseConnection->query('SELECT *\nFROM `...', Array, false)
#4 C:\xampp\htdocs\hometest\system\Model.php(196): CodeIgniter\Database\BaseBuilder->get()
#5 C:\xampp\htdocs\hometest\system\BaseModel.php(563): CodeIgniter\Model->doFind(true, '8')
#6 C:\xampp\htdocs\hometest\app\Controllers\Pages.php(62): CodeIgniter\BaseModel->find('8')
#7 C:\xampp\htdocs\hometest\app\Controllers\Pages.php(47): App\Controllers\Pages->getPageOr404('8')
#8 C:\xampp\htdocs\hometest\system\CodeIgniter.php(942): App\Controllers\Pages->confirmDelete('8')
#9 C:\xampp\htdocs\hometest\system\CodeIgniter.php(502): CodeIgniter\CodeIgniter->runController(Object(App\Controllers\Pages))
#10 C:\xampp\htdocs\hometest\system\CodeIgniter.php(361): CodeIgniter\CodeIgniter->handleRequest(NULL, Object(Config\Cache), false)
#11 C:\xampp\htdocs\hometest\index.php(84): CodeIgniter\CodeIgniter->run()
#12 {main}
CRITICAL - 2023-12-08 10:49:36 --> Unknown column 'pages.id' in 'where clause'
in SYSTEMPATH\Database\BaseConnection.php on line 647.
 1 SYSTEMPATH\Database\BaseBuilder.php(1615): CodeIgniter\Database\BaseConnection->query('SELECT *
FROM `pages`
WHERE `pages`.`id` = :pages.id:', [...], false)
 2 SYSTEMPATH\Model.php(196): CodeIgniter\Database\BaseBuilder->get()
 3 SYSTEMPATH\BaseModel.php(563): CodeIgniter\Model->doFind(true, '8')
 4 APPPATH\Controllers\Pages.php(62): CodeIgniter\BaseModel->find('8')
 5 APPPATH\Controllers\Pages.php(47): App\Controllers\Pages->getPageOr404('8')
 6 SYSTEMPATH\CodeIgniter.php(942): App\Controllers\Pages->confirmDelete('8')
 7 SYSTEMPATH\CodeIgniter.php(502): CodeIgniter\CodeIgniter->runController(Object(App\Controllers\Pages))
 8 SYSTEMPATH\CodeIgniter.php(361): CodeIgniter\CodeIgniter->handleRequest(null, Object(Config\Cache), false)
 9 FCPATH\index.php(84): CodeIgniter\CodeIgniter->run()
ERROR - 2023-12-08 10:50:09 --> mysqli_sql_exception: Unknown column 'pages.id' in 'where clause' in C:\xampp\htdocs\hometest\system\Database\MySQLi\Connection.php:306
Stack trace:
#0 C:\xampp\htdocs\hometest\system\Database\MySQLi\Connection.php(306): mysqli->query('SELECT *\nFROM `...', 0)
#1 C:\xampp\htdocs\hometest\system\Database\BaseConnection.php(693): CodeIgniter\Database\MySQLi\Connection->execute('SELECT *\nFROM `...')
#2 C:\xampp\htdocs\hometest\system\Database\BaseConnection.php(607): CodeIgniter\Database\BaseConnection->simpleQuery('SELECT *\nFROM `...')
#3 C:\xampp\htdocs\hometest\system\Database\BaseBuilder.php(1615): CodeIgniter\Database\BaseConnection->query('SELECT *\nFROM `...', Array, false)
#4 C:\xampp\htdocs\hometest\system\Model.php(196): CodeIgniter\Database\BaseBuilder->get()
#5 C:\xampp\htdocs\hometest\system\BaseModel.php(563): CodeIgniter\Model->doFind(true, '8')
#6 C:\xampp\htdocs\hometest\app\Controllers\Pages.php(62): CodeIgniter\BaseModel->find('8')
#7 C:\xampp\htdocs\hometest\app\Controllers\Pages.php(47): App\Controllers\Pages->getPageOr404('8')
#8 C:\xampp\htdocs\hometest\system\CodeIgniter.php(942): App\Controllers\Pages->confirmDelete('8')
#9 C:\xampp\htdocs\hometest\system\CodeIgniter.php(502): CodeIgniter\CodeIgniter->runController(Object(App\Controllers\Pages))
#10 C:\xampp\htdocs\hometest\system\CodeIgniter.php(361): CodeIgniter\CodeIgniter->handleRequest(NULL, Object(Config\Cache), false)
#11 C:\xampp\htdocs\hometest\index.php(84): CodeIgniter\CodeIgniter->run()
#12 {main}
CRITICAL - 2023-12-08 10:50:09 --> Unknown column 'pages.id' in 'where clause'
in SYSTEMPATH\Database\BaseConnection.php on line 647.
 1 SYSTEMPATH\Database\BaseBuilder.php(1615): CodeIgniter\Database\BaseConnection->query('SELECT *
FROM `pages`
WHERE `pages`.`id` = :pages.id:', [...], false)
 2 SYSTEMPATH\Model.php(196): CodeIgniter\Database\BaseBuilder->get()
 3 SYSTEMPATH\BaseModel.php(563): CodeIgniter\Model->doFind(true, '8')
 4 APPPATH\Controllers\Pages.php(62): CodeIgniter\BaseModel->find('8')
 5 APPPATH\Controllers\Pages.php(47): App\Controllers\Pages->getPageOr404('8')
 6 SYSTEMPATH\CodeIgniter.php(942): App\Controllers\Pages->confirmDelete('8')
 7 SYSTEMPATH\CodeIgniter.php(502): CodeIgniter\CodeIgniter->runController(Object(App\Controllers\Pages))
 8 SYSTEMPATH\CodeIgniter.php(361): CodeIgniter\CodeIgniter->handleRequest(null, Object(Config\Cache), false)
 9 FCPATH\index.php(84): CodeIgniter\CodeIgniter->run()
INFO - 2023-12-08 10:50:15 --> Session: Class initialized using 'CodeIgniter\Session\Handlers\FileHandler' driver.
INFO - 2023-12-08 10:50:19 --> Session: Class initialized using 'CodeIgniter\Session\Handlers\FileHandler' driver.
INFO - 2023-12-08 10:52:09 --> Session: Class initialized using 'CodeIgniter\Session\Handlers\FileHandler' driver.
CRITICAL - 2023-12-08 10:52:09 --> Controller or its method is not found: Pages::confirmDelete
in SYSTEMPATH\Helpers\url_helper.php on line 486.
 1 SYSTEMPATH\Helpers\url_helper.php(486): CodeIgniter\Router\Exceptions\RouterException::forControllerNotFound('Pages', 'confirmDelete')
 2 APPPATH\Views\Pages\index.php(38): url_to('Pages::confirmDelete', '8')
 3 SYSTEMPATH\View\View.php(228): include('C:\\xampp\\htdocs\\hometest\\app\\Views\\Pages\\index.php')
 4 SYSTEMPATH\View\View.php(231): CodeIgniter\View\View->CodeIgniter\View\{closure}()
 5 SYSTEMPATH\Common.php(1190): CodeIgniter\View\View->render('Pages/index', [], true)
 6 APPPATH\Controllers\Pages.php(42): view('Pages/index', [...])
 7 SYSTEMPATH\CodeIgniter.php(942): App\Controllers\Pages->show()
 8 SYSTEMPATH\CodeIgniter.php(502): CodeIgniter\CodeIgniter->runController(Object(App\Controllers\Pages))
 9 SYSTEMPATH\CodeIgniter.php(361): CodeIgniter\CodeIgniter->handleRequest(null, Object(Config\Cache), false)
10 FCPATH\index.php(84): CodeIgniter\CodeIgniter->run()
INFO - 2023-12-08 10:52:47 --> Session: Class initialized using 'CodeIgniter\Session\Handlers\FileHandler' driver.
INFO - 2023-12-08 10:53:21 --> Session: Class initialized using 'CodeIgniter\Session\Handlers\FileHandler' driver.
INFO - 2023-12-08 10:54:39 --> Session: Class initialized using 'CodeIgniter\Session\Handlers\FileHandler' driver.
INFO - 2023-12-08 10:54:40 --> Session: Class initialized using 'CodeIgniter\Session\Handlers\FileHandler' driver.
INFO - 2023-12-08 10:54:45 --> Session: Class initialized using 'CodeIgniter\Session\Handlers\FileHandler' driver.
INFO - 2023-12-08 10:54:52 --> Session: Class initialized using 'CodeIgniter\Session\Handlers\FileHandler' driver.
INFO - 2023-12-08 10:55:47 --> Session: Class initialized using 'CodeIgniter\Session\Handlers\FileHandler' driver.
INFO - 2023-12-08 10:55:53 --> Session: Class initialized using 'CodeIgniter\Session\Handlers\FileHandler' driver.
INFO - 2023-12-08 10:56:07 --> Session: Class initialized using 'CodeIgniter\Session\Handlers\FileHandler' driver.
INFO - 2023-12-08 10:58:17 --> Session: Class initialized using 'CodeIgniter\Session\Handlers\FileHandler' driver.
INFO - 2023-12-08 11:00:05 --> Session: Class initialized using 'CodeIgniter\Session\Handlers\FileHandler' driver.
INFO - 2023-12-08 11:09:00 --> Session: Class initialized using 'CodeIgniter\Session\Handlers\FileHandler' driver.
INFO - 2023-12-08 11:09:33 --> Session: Class initialized using 'CodeIgniter\Session\Handlers\FileHandler' driver.
ERROR - 2023-12-08 11:09:35 --> mysqli_sql_exception: Unknown column 'pages.id' in 'where clause' in C:\xampp\htdocs\hometest\system\Database\MySQLi\Connection.php:306
Stack trace:
#0 C:\xampp\htdocs\hometest\system\Database\MySQLi\Connection.php(306): mysqli->query('SELECT *\nFROM `...', 0)
#1 C:\xampp\htdocs\hometest\system\Database\BaseConnection.php(693): CodeIgniter\Database\MySQLi\Connection->execute('SELECT *\nFROM `...')
#2 C:\xampp\htdocs\hometest\system\Database\BaseConnection.php(607): CodeIgniter\Database\BaseConnection->simpleQuery('SELECT *\nFROM `...')
#3 C:\xampp\htdocs\hometest\system\Database\BaseBuilder.php(1615): CodeIgniter\Database\BaseConnection->query('SELECT *\nFROM `...', Array, false)
#4 C:\xampp\htdocs\hometest\system\Model.php(196): CodeIgniter\Database\BaseBuilder->get()
#5 C:\xampp\htdocs\hometest\system\BaseModel.php(563): CodeIgniter\Model->doFind(true, '8')
#6 C:\xampp\htdocs\hometest\app\Controllers\Pages.php(62): CodeIgniter\BaseModel->find('8')
#7 C:\xampp\htdocs\hometest\app\Controllers\Pages.php(53): App\Controllers\Pages->getPageOr404('8')
#8 C:\xampp\htdocs\hometest\system\CodeIgniter.php(942): App\Controllers\Pages->delete('8')
#9 C:\xampp\htdocs\hometest\system\CodeIgniter.php(502): CodeIgniter\CodeIgniter->runController(Object(App\Controllers\Pages))
#10 C:\xampp\htdocs\hometest\system\CodeIgniter.php(361): CodeIgniter\CodeIgniter->handleRequest(NULL, Object(Config\Cache), false)
#11 C:\xampp\htdocs\hometest\index.php(84): CodeIgniter\CodeIgniter->run()
#12 {main}
CRITICAL - 2023-12-08 11:09:35 --> Unknown column 'pages.id' in 'where clause'
in SYSTEMPATH\Database\BaseConnection.php on line 647.
 1 SYSTEMPATH\Database\BaseBuilder.php(1615): CodeIgniter\Database\BaseConnection->query('SELECT *
FROM `pages`
WHERE `pages`.`id` = :pages.id:', [...], false)
 2 SYSTEMPATH\Model.php(196): CodeIgniter\Database\BaseBuilder->get()
 3 SYSTEMPATH\BaseModel.php(563): CodeIgniter\Model->doFind(true, '8')
 4 APPPATH\Controllers\Pages.php(62): CodeIgniter\BaseModel->find('8')
 5 APPPATH\Controllers\Pages.php(53): App\Controllers\Pages->getPageOr404('8')
 6 SYSTEMPATH\CodeIgniter.php(942): App\Controllers\Pages->delete('8')
 7 SYSTEMPATH\CodeIgniter.php(502): CodeIgniter\CodeIgniter->runController(Object(App\Controllers\Pages))
 8 SYSTEMPATH\CodeIgniter.php(361): CodeIgniter\CodeIgniter->handleRequest(null, Object(Config\Cache), false)
 9 FCPATH\index.php(84): CodeIgniter\CodeIgniter->run()
INFO - 2023-12-08 11:10:46 --> Session: Class initialized using 'CodeIgniter\Session\Handlers\FileHandler' driver.
INFO - 2023-12-08 11:10:47 --> Session: Class initialized using 'CodeIgniter\Session\Handlers\FileHandler' driver.
INFO - 2023-12-08 11:10:50 --> Session: Class initialized using 'CodeIgniter\Session\Handlers\FileHandler' driver.
INFO - 2023-12-08 11:10:50 --> Session: Class initialized using 'CodeIgniter\Session\Handlers\FileHandler' driver.
INFO - 2023-12-08 11:12:32 --> Session: Class initialized using 'CodeIgniter\Session\Handlers\FileHandler' driver.
INFO - 2023-12-08 11:12:32 --> Session: Class initialized using 'CodeIgniter\Session\Handlers\FileHandler' driver.
INFO - 2023-12-08 11:12:32 --> Session: Class initialized using 'CodeIgniter\Session\Handlers\FileHandler' driver.
INFO - 2023-12-08 11:12:33 --> Session: Class initialized using 'CodeIgniter\Session\Handlers\FileHandler' driver.
INFO - 2023-12-08 11:12:33 --> Session: Class initialized using 'CodeIgniter\Session\Handlers\FileHandler' driver.
INFO - 2023-12-08 11:12:33 --> Session: Class initialized using 'CodeIgniter\Session\Handlers\FileHandler' driver.
INFO - 2023-12-08 11:12:34 --> Session: Class initialized using 'CodeIgniter\Session\Handlers\FileHandler' driver.
INFO - 2023-12-08 11:12:34 --> Session: Class initialized using 'CodeIgniter\Session\Handlers\FileHandler' driver.
INFO - 2023-12-08 11:12:35 --> Session: Class initialized using 'CodeIgniter\Session\Handlers\FileHandler' driver.
INFO - 2023-12-08 11:12:35 --> Session: Class initialized using 'CodeIgniter\Session\Handlers\FileHandler' driver.
INFO - 2023-12-08 11:13:34 --> Session: Class initialized using 'CodeIgniter\Session\Handlers\FileHandler' driver.
INFO - 2023-12-08 11:13:40 --> Session: Class initialized using 'CodeIgniter\Session\Handlers\FileHandler' driver.
INFO - 2023-12-08 11:14:33 --> Session: Class initialized using 'CodeIgniter\Session\Handlers\FileHandler' driver.
INFO - 2023-12-08 11:15:24 --> Session: Class initialized using 'CodeIgniter\Session\Handlers\FileHandler' driver.
INFO - 2023-12-08 11:15:31 --> Session: Class initialized using 'CodeIgniter\Session\Handlers\FileHandler' driver.
INFO - 2023-12-08 11:15:31 --> Session: Class initialized using 'CodeIgniter\Session\Handlers\FileHandler' driver.
INFO - 2023-12-08 11:15:38 --> Session: Class initialized using 'CodeIgniter\Session\Handlers\FileHandler' driver.
INFO - 2023-12-08 11:15:48 --> Session: Class initialized using 'CodeIgniter\Session\Handlers\FileHandler' driver.
INFO - 2023-12-08 11:15:48 --> Session: Class initialized using 'CodeIgniter\Session\Handlers\FileHandler' driver.
INFO - 2023-12-08 11:15:53 --> Session: Class initialized using 'CodeIgniter\Session\Handlers\FileHandler' driver.
INFO - 2023-12-08 11:16:02 --> Session: Class initialized using 'CodeIgniter\Session\Handlers\FileHandler' driver.
INFO - 2023-12-08 11:16:02 --> Session: Class initialized using 'CodeIgniter\Session\Handlers\FileHandler' driver.
INFO - 2023-12-08 11:16:10 --> Session: Class initialized using 'CodeIgniter\Session\Handlers\FileHandler' driver.
INFO - 2023-12-08 11:16:15 --> Session: Class initialized using 'CodeIgniter\Session\Handlers\FileHandler' driver.
INFO - 2023-12-08 11:16:15 --> Session: Class initialized using 'CodeIgniter\Session\Handlers\FileHandler' driver.
INFO - 2023-12-08 11:16:21 --> Session: Class initialized using 'CodeIgniter\Session\Handlers\FileHandler' driver.
INFO - 2023-12-08 11:16:26 --> Session: Class initialized using 'CodeIgniter\Session\Handlers\FileHandler' driver.
INFO - 2023-12-08 11:16:26 --> Session: Class initialized using 'CodeIgniter\Session\Handlers\FileHandler' driver.
INFO - 2023-12-08 11:16:36 --> Session: Class initialized using 'CodeIgniter\Session\Handlers\FileHandler' driver.
INFO - 2023-12-08 11:16:43 --> Session: Class initialized using 'CodeIgniter\Session\Handlers\FileHandler' driver.
INFO - 2023-12-08 11:16:43 --> Session: Class initialized using 'CodeIgniter\Session\Handlers\FileHandler' driver.
INFO - 2023-12-08 11:22:52 --> Session: Class initialized using 'CodeIgniter\Session\Handlers\FileHandler' driver.
INFO - 2023-12-08 11:22:52 --> Session: Class initialized using 'CodeIgniter\Session\Handlers\FileHandler' driver.
INFO - 2023-12-08 11:23:19 --> Session: Class initialized using 'CodeIgniter\Session\Handlers\FileHandler' driver.
INFO - 2023-12-08 11:23:24 --> Session: Class initialized using 'CodeIgniter\Session\Handlers\FileHandler' driver.
INFO - 2023-12-08 11:23:24 --> Session: Class initialized using 'CodeIgniter\Session\Handlers\FileHandler' driver.
INFO - 2023-12-08 11:25:26 --> Session: Class initialized using 'CodeIgniter\Session\Handlers\FileHandler' driver.
INFO - 2023-12-08 11:25:26 --> Session: Class initialized using 'CodeIgniter\Session\Handlers\FileHandler' driver.
INFO - 2023-12-08 11:25:28 --> Session: Class initialized using 'CodeIgniter\Session\Handlers\FileHandler' driver.
INFO - 2023-12-08 11:25:34 --> Session: Class initialized using 'CodeIgniter\Session\Handlers\FileHandler' driver.
INFO - 2023-12-08 11:25:36 --> Session: Class initialized using 'CodeIgniter\Session\Handlers\FileHandler' driver.
INFO - 2023-12-08 11:25:36 --> Session: Class initialized using 'CodeIgniter\Session\Handlers\FileHandler' driver.
INFO - 2023-12-08 11:25:45 --> Session: Class initialized using 'CodeIgniter\Session\Handlers\FileHandler' driver.
INFO - 2023-12-08 11:25:45 --> Session: Class initialized using 'CodeIgniter\Session\Handlers\FileHandler' driver.
INFO - 2023-12-08 11:27:39 --> Session: Class initialized using 'CodeIgniter\Session\Handlers\FileHandler' driver.
CRITICAL - 2023-12-08 11:27:39 --> View themes, no current section.
in SYSTEMPATH\View\View.php on line 425.
 1 APPPATH\Views\Pages\delete.php(29): CodeIgniter\View\View->endSection()
 2 SYSTEMPATH\View\View.php(228): include('C:\\xampp\\htdocs\\hometest\\app\\Views\\Pages\\delete.php')
 3 SYSTEMPATH\View\View.php(231): CodeIgniter\View\View->CodeIgniter\View\{closure}()
 4 SYSTEMPATH\Common.php(1190): CodeIgniter\View\View->render('Pages/delete', [], true)
 5 APPPATH\Controllers\Pages.php(49): view('Pages/delete', [...])
 6 SYSTEMPATH\CodeIgniter.php(942): App\Controllers\Pages->confirmDelete('20')
 7 SYSTEMPATH\CodeIgniter.php(502): CodeIgniter\CodeIgniter->runController(Object(App\Controllers\Pages))
 8 SYSTEMPATH\CodeIgniter.php(361): CodeIgniter\CodeIgniter->handleRequest(null, Object(Config\Cache), false)
 9 FCPATH\index.php(84): CodeIgniter\CodeIgniter->run()
INFO - 2023-12-08 11:27:48 --> Session: Class initialized using 'CodeIgniter\Session\Handlers\FileHandler' driver.
INFO - 2023-12-08 11:27:51 --> Session: Class initialized using 'CodeIgniter\Session\Handlers\FileHandler' driver.
INFO - 2023-12-08 11:29:38 --> Session: Class initialized using 'CodeIgniter\Session\Handlers\FileHandler' driver.
INFO - 2023-12-08 11:29:50 --> Session: Class initialized using 'CodeIgniter\Session\Handlers\FileHandler' driver.
INFO - 2023-12-08 12:49:20 --> Session: Class initialized using 'CodeIgniter\Session\Handlers\FileHandler' driver.
INFO - 2023-12-08 12:50:33 --> Session: Class initialized using 'CodeIgniter\Session\Handlers\FileHandler' driver.
INFO - 2023-12-08 12:51:17 --> Session: Class initialized using 'CodeIgniter\Session\Handlers\FileHandler' driver.
INFO - 2023-12-08 12:51:18 --> Session: Class initialized using 'CodeIgniter\Session\Handlers\FileHandler' driver.
INFO - 2023-12-08 12:51:53 --> Session: Class initialized using 'CodeIgniter\Session\Handlers\FileHandler' driver.
INFO - 2023-12-08 12:51:58 --> Session: Class initialized using 'CodeIgniter\Session\Handlers\FileHandler' driver.
INFO - 2023-12-08 12:52:40 --> Session: Class initialized using 'CodeIgniter\Session\Handlers\FileHandler' driver.
INFO - 2023-12-08 12:52:41 --> Session: Class initialized using 'CodeIgniter\Session\Handlers\FileHandler' driver.
INFO - 2023-12-08 12:56:03 --> Session: Class initialized using 'CodeIgniter\Session\Handlers\FileHandler' driver.
INFO - 2023-12-08 12:56:05 --> Session: Class initialized using 'CodeIgniter\Session\Handlers\FileHandler' driver.
INFO - 2023-12-08 12:57:21 --> Session: Class initialized using 'CodeIgniter\Session\Handlers\FileHandler' driver.
INFO - 2023-12-08 12:57:23 --> Session: Class initialized using 'CodeIgniter\Session\Handlers\FileHandler' driver.
INFO - 2023-12-08 12:58:23 --> Session: Class initialized using 'CodeIgniter\Session\Handlers\FileHandler' driver.
INFO - 2023-12-08 12:58:33 --> Session: Class initialized using 'CodeIgniter\Session\Handlers\FileHandler' driver.
INFO - 2023-12-08 12:59:04 --> Session: Class initialized using 'CodeIgniter\Session\Handlers\FileHandler' driver.
INFO - 2023-12-08 12:59:22 --> Session: Class initialized using 'CodeIgniter\Session\Handlers\FileHandler' driver.
INFO - 2023-12-08 13:00:04 --> Session: Class initialized using 'CodeIgniter\Session\Handlers\FileHandler' driver.
INFO - 2023-12-08 13:00:28 --> Session: Class initialized using 'CodeIgniter\Session\Handlers\FileHandler' driver.
INFO - 2023-12-08 13:01:04 --> Session: Class initialized using 'CodeIgniter\Session\Handlers\FileHandler' driver.
INFO - 2023-12-08 13:01:06 --> Session: Class initialized using 'CodeIgniter\Session\Handlers\FileHandler' driver.
INFO - 2023-12-08 13:01:06 --> Session: Class initialized using 'CodeIgniter\Session\Handlers\FileHandler' driver.
INFO - 2023-12-08 13:01:08 --> Session: Class initialized using 'CodeIgniter\Session\Handlers\FileHandler' driver.
INFO - 2023-12-08 13:01:08 --> Session: Class initialized using 'CodeIgniter\Session\Handlers\FileHandler' driver.
INFO - 2023-12-08 13:01:13 --> Session: Class initialized using 'CodeIgniter\Session\Handlers\FileHandler' driver.
INFO - 2023-12-08 13:01:13 --> Session: Class initialized using 'CodeIgniter\Session\Handlers\FileHandler' driver.
INFO - 2023-12-08 13:01:15 --> Session: Class initialized using 'CodeIgniter\Session\Handlers\FileHandler' driver.
INFO - 2023-12-08 13:01:15 --> Session: Class initialized using 'CodeIgniter\Session\Handlers\FileHandler' driver.
INFO - 2023-12-08 13:04:00 --> Session: Class initialized using 'CodeIgniter\Session\Handlers\FileHandler' driver.
INFO - 2023-12-08 13:04:00 --> Session: Class initialized using 'CodeIgniter\Session\Handlers\FileHandler' driver.
INFO - 2023-12-08 13:04:02 --> Session: Class initialized using 'CodeIgniter\Session\Handlers\FileHandler' driver.
INFO - 2023-12-08 13:04:02 --> Session: Class initialized using 'CodeIgniter\Session\Handlers\FileHandler' driver.
INFO - 2023-12-08 13:04:03 --> Session: Class initialized using 'CodeIgniter\Session\Handlers\FileHandler' driver.
INFO - 2023-12-08 13:04:03 --> Session: Class initialized using 'CodeIgniter\Session\Handlers\FileHandler' driver.
INFO - 2023-12-08 13:04:03 --> Session: Class initialized using 'CodeIgniter\Session\Handlers\FileHandler' driver.
INFO - 2023-12-08 13:04:04 --> Session: Class initialized using 'CodeIgniter\Session\Handlers\FileHandler' driver.
INFO - 2023-12-08 13:04:04 --> Session: Class initialized using 'CodeIgniter\Session\Handlers\FileHandler' driver.
INFO - 2023-12-08 13:04:04 --> Session: Class initialized using 'CodeIgniter\Session\Handlers\FileHandler' driver.
INFO - 2023-12-08 13:04:09 --> Session: Class initialized using 'CodeIgniter\Session\Handlers\FileHandler' driver.
INFO - 2023-12-08 13:04:09 --> Session: Class initialized using 'CodeIgniter\Session\Handlers\FileHandler' driver.
INFO - 2023-12-08 13:04:33 --> Session: Class initialized using 'CodeIgniter\Session\Handlers\FileHandler' driver.
INFO - 2023-12-08 13:04:36 --> Session: Class initialized using 'CodeIgniter\Session\Handlers\FileHandler' driver.
INFO - 2023-12-08 13:04:36 --> Session: Class initialized using 'CodeIgniter\Session\Handlers\FileHandler' driver.
INFO - 2023-12-08 13:04:57 --> Session: Class initialized using 'CodeIgniter\Session\Handlers\FileHandler' driver.
INFO - 2023-12-08 13:05:01 --> Session: Class initialized using 'CodeIgniter\Session\Handlers\FileHandler' driver.
INFO - 2023-12-08 13:05:01 --> Session: Class initialized using 'CodeIgniter\Session\Handlers\FileHandler' driver.
INFO - 2023-12-08 13:05:58 --> Session: Class initialized using 'CodeIgniter\Session\Handlers\FileHandler' driver.
INFO - 2023-12-08 13:07:32 --> Session: Class initialized using 'CodeIgniter\Session\Handlers\FileHandler' driver.
CRITICAL - 2023-12-08 13:07:32 --> The route for "pages/newPage" cannot be found.
in SYSTEMPATH\Helpers\url_helper.php on line 489.
 1 SYSTEMPATH\Helpers\url_helper.php(489): CodeIgniter\Router\Exceptions\RouterException::forInvalidRoute('pages/newPage')
 2 APPPATH\Views\Pages\index.php(24): url_to('pages/newPage')
 3 SYSTEMPATH\View\View.php(228): include('C:\\xampp\\htdocs\\hometest\\app\\Views\\Pages\\index.php')
 4 SYSTEMPATH\View\View.php(231): CodeIgniter\View\View->CodeIgniter\View\{closure}()
 5 SYSTEMPATH\Common.php(1190): CodeIgniter\View\View->render('Pages/index', [], true)
 6 APPPATH\Controllers\Pages.php(42): view('Pages/index', [...])
 7 SYSTEMPATH\CodeIgniter.php(942): App\Controllers\Pages->show()
 8 SYSTEMPATH\CodeIgniter.php(502): CodeIgniter\CodeIgniter->runController(Object(App\Controllers\Pages))
 9 SYSTEMPATH\CodeIgniter.php(361): CodeIgniter\CodeIgniter->handleRequest(null, Object(Config\Cache), false)
10 FCPATH\index.php(84): CodeIgniter\CodeIgniter->run()
INFO - 2023-12-08 13:08:22 --> Session: Class initialized using 'CodeIgniter\Session\Handlers\FileHandler' driver.
INFO - 2023-12-08 13:08:24 --> Session: Class initialized using 'CodeIgniter\Session\Handlers\FileHandler' driver.
INFO - 2023-12-08 13:08:31 --> Session: Class initialized using 'CodeIgniter\Session\Handlers\FileHandler' driver.
INFO - 2023-12-08 13:08:34 --> Session: Class initialized using 'CodeIgniter\Session\Handlers\FileHandler' driver.
INFO - 2023-12-08 13:08:40 --> Session: Class initialized using 'CodeIgniter\Session\Handlers\FileHandler' driver.
INFO - 2023-12-08 13:08:40 --> Session: Class initialized using 'CodeIgniter\Session\Handlers\FileHandler' driver.
INFO - 2023-12-08 13:08:42 --> Session: Class initialized using 'CodeIgniter\Session\Handlers\FileHandler' driver.
INFO - 2023-12-08 13:08:43 --> Session: Class initialized using 'CodeIgniter\Session\Handlers\FileHandler' driver.
INFO - 2023-12-08 13:08:43 --> Session: Class initialized using 'CodeIgniter\Session\Handlers\FileHandler' driver.
INFO - 2023-12-08 13:08:44 --> Session: Class initialized using 'CodeIgniter\Session\Handlers\FileHandler' driver.
INFO - 2023-12-08 13:08:45 --> Session: Class initialized using 'CodeIgniter\Session\Handlers\FileHandler' driver.
INFO - 2023-12-08 13:08:45 --> Session: Class initialized using 'CodeIgniter\Session\Handlers\FileHandler' driver.
INFO - 2023-12-08 18:11:36 --> Session: Class initialized using 'CodeIgniter\Session\Handlers\FileHandler' driver.
INFO - 2023-12-08 19:19:52 --> Session: Class initialized using 'CodeIgniter\Session\Handlers\FileHandler' driver.
INFO - 2023-12-08 19:20:01 --> Session: Class initialized using 'CodeIgniter\Session\Handlers\FileHandler' driver.
INFO - 2023-12-08 19:20:29 --> Session: Class initialized using 'CodeIgniter\Session\Handlers\FileHandler' driver.
INFO - 2023-12-08 19:21:44 --> Session: Class initialized using 'CodeIgniter\Session\Handlers\FileHandler' driver.
