CRITICAL - 2023-12-05 06:24:33 --> Invalid file: "Testimonials/testimonials.php"
in SYSTEMPATH\Exceptions\FrameworkException.php on line 39.
 1 SYSTEMPATH\View\View.php(216): CodeIgniter\Exceptions\FrameworkException::forInvalidFile('Testimonials/testimonials.php')
 2 SYSTEMPATH\Common.php(1190): CodeIgniter\View\View->render('Testimonials/testimonials', [], true)
 3 APPPATH\Controllers\Home.php(19): view('Testimonials/testimonials')
 4 SYSTEMPATH\CodeIgniter.php(942): App\Controllers\Home->testimonials()
 5 SYSTEMPATH\CodeIgniter.php(502): CodeIgniter\CodeIgniter->runController(Object(App\Controllers\Home))
 6 SYSTEMPATH\CodeIgniter.php(361): CodeIgniter\CodeIgniter->handleRequest(null, Object(Config\Cache), false)
 7 FCPATH\index.php(84): CodeIgniter\CodeIgniter->run()
CRITICAL - 2023-12-05 06:24:59 --> Invalid file: "Testimonials/testimonials.php"
in SYSTEMPATH\Exceptions\FrameworkException.php on line 39.
 1 SYSTEMPATH\View\View.php(216): CodeIgniter\Exceptions\FrameworkException::forInvalidFile('Testimonials/testimonials.php')
 2 SYSTEMPATH\Common.php(1190): CodeIgniter\View\View->render('Testimonials/testimonials', [], true)
 3 APPPATH\Controllers\Home.php(19): view('Testimonials/testimonials')
 4 SYSTEMPATH\CodeIgniter.php(942): App\Controllers\Home->testimonials()
 5 SYSTEMPATH\CodeIgniter.php(502): CodeIgniter\CodeIgniter->runController(Object(App\Controllers\Home))
 6 SYSTEMPATH\CodeIgniter.php(361): CodeIgniter\CodeIgniter->handleRequest(null, Object(Config\Cache), false)
 7 FCPATH\index.php(84): CodeIgniter\CodeIgniter->run()
CRITICAL - 2023-12-05 06:30:22 --> include(Home/navbar): Failed to open stream: No such file or directory
in APPPATH\Views\Testimonials\testimonials.php on line 4.
 1 APPPATH\Views\Testimonials\testimonials.php(4): CodeIgniter\Debug\Exceptions->errorHandler(2, 'include(Home/navbar): Failed to open stream: No such file or directory', 'C:\\xampp\\htdocs\\hometest\\app\\Views\\Testimonials\\testimonials.php', 4)
 2 APPPATH\Views\Testimonials\testimonials.php(4): include()
 3 SYSTEMPATH\View\View.php(228): include('C:\\xampp\\htdocs\\hometest\\app\\Views\\Testimonials\\testimonials.php')
 4 SYSTEMPATH\View\View.php(231): CodeIgniter\View\View->CodeIgniter\View\{closure}()
 5 SYSTEMPATH\Common.php(1190): CodeIgniter\View\View->render('Testimonials/testimonials', [], true)
 6 APPPATH\Controllers\Home.php(19): view('Testimonials/testimonials')
 7 SYSTEMPATH\CodeIgniter.php(942): App\Controllers\Home->testimonials()
 8 SYSTEMPATH\CodeIgniter.php(502): CodeIgniter\CodeIgniter->runController(Object(App\Controllers\Home))
 9 SYSTEMPATH\CodeIgniter.php(361): CodeIgniter\CodeIgniter->handleRequest(null, Object(Config\Cache), false)
10 FCPATH\index.php(84): CodeIgniter\CodeIgniter->run()
CRITICAL - 2023-12-05 11:11:57 --> Undefined variable $section
in APPPATH\Views\Home\aboutShort.php on line 17.
 1 APPPATH\Views\Home\aboutShort.php(17): CodeIgniter\Debug\Exceptions->errorHandler(2, 'Undefined variable $section', 'C:\\xampp\\htdocs\\hometest\\app\\Views\\Home\\aboutShort.php', 17)
 2 SYSTEMPATH\View\View.php(228): include('C:\\xampp\\htdocs\\hometest\\app\\Views\\Home\\aboutShort.php')
 3 SYSTEMPATH\View\View.php(231): CodeIgniter\View\View->CodeIgniter\View\{closure}()
 4 SYSTEMPATH\View\View.php(469): CodeIgniter\View\View->render('home/aboutShort', null, true)
 5 APPPATH\Views\Home\index.php(14): CodeIgniter\View\View->include('home/aboutShort')
 6 SYSTEMPATH\View\View.php(228): include('C:\\xampp\\htdocs\\hometest\\app\\Views\\Home\\index.php')
 7 SYSTEMPATH\View\View.php(231): CodeIgniter\View\View->CodeIgniter\View\{closure}()
 8 SYSTEMPATH\Common.php(1190): CodeIgniter\View\View->render('Home/index', [], true)
 9 APPPATH\Controllers\Home.php(10): view('Home/index')
10 SYSTEMPATH\CodeIgniter.php(942): App\Controllers\Home->index()
11 SYSTEMPATH\CodeIgniter.php(502): CodeIgniter\CodeIgniter->runController(Object(App\Controllers\Home))
12 SYSTEMPATH\CodeIgniter.php(361): CodeIgniter\CodeIgniter->handleRequest(null, Object(Config\Cache), false)
13 FCPATH\index.php(84): CodeIgniter\CodeIgniter->run()
CRITICAL - 2023-12-05 11:13:24 --> Undefined variable $section
in APPPATH\Views\Home\aboutShort.php on line 17.
 1 APPPATH\Views\Home\aboutShort.php(17): CodeIgniter\Debug\Exceptions->errorHandler(2, 'Undefined variable $section', 'C:\\xampp\\htdocs\\hometest\\app\\Views\\Home\\aboutShort.php', 17)
 2 SYSTEMPATH\View\View.php(228): include('C:\\xampp\\htdocs\\hometest\\app\\Views\\Home\\aboutShort.php')
 3 SYSTEMPATH\View\View.php(231): CodeIgniter\View\View->CodeIgniter\View\{closure}()
 4 SYSTEMPATH\View\View.php(469): CodeIgniter\View\View->render('home/aboutShort', null, true)
 5 APPPATH\Views\Home\index.php(14): CodeIgniter\View\View->include('home/aboutShort')
 6 SYSTEMPATH\View\View.php(228): include('C:\\xampp\\htdocs\\hometest\\app\\Views\\Home\\index.php')
 7 SYSTEMPATH\View\View.php(231): CodeIgniter\View\View->CodeIgniter\View\{closure}()
 8 SYSTEMPATH\Common.php(1190): CodeIgniter\View\View->render('Home/index', [], true)
 9 APPPATH\Controllers\Home.php(10): view('Home/index')
10 SYSTEMPATH\CodeIgniter.php(942): App\Controllers\Home->index()
11 SYSTEMPATH\CodeIgniter.php(502): CodeIgniter\CodeIgniter->runController(Object(App\Controllers\Home))
12 SYSTEMPATH\CodeIgniter.php(361): CodeIgniter\CodeIgniter->handleRequest(null, Object(Config\Cache), false)
13 FCPATH\index.php(84): CodeIgniter\CodeIgniter->run()
CRITICAL - 2023-12-05 11:13:26 --> Undefined variable $section
in APPPATH\Views\Home\aboutShort.php on line 17.
 1 APPPATH\Views\Home\aboutShort.php(17): CodeIgniter\Debug\Exceptions->errorHandler(2, 'Undefined variable $section', 'C:\\xampp\\htdocs\\hometest\\app\\Views\\Home\\aboutShort.php', 17)
 2 SYSTEMPATH\View\View.php(228): include('C:\\xampp\\htdocs\\hometest\\app\\Views\\Home\\aboutShort.php')
 3 SYSTEMPATH\View\View.php(231): CodeIgniter\View\View->CodeIgniter\View\{closure}()
 4 SYSTEMPATH\View\View.php(469): CodeIgniter\View\View->render('home/aboutShort', null, true)
 5 APPPATH\Views\Home\index.php(14): CodeIgniter\View\View->include('home/aboutShort')
 6 SYSTEMPATH\View\View.php(228): include('C:\\xampp\\htdocs\\hometest\\app\\Views\\Home\\index.php')
 7 SYSTEMPATH\View\View.php(231): CodeIgniter\View\View->CodeIgniter\View\{closure}()
 8 SYSTEMPATH\Common.php(1190): CodeIgniter\View\View->render('Home/index', [], true)
 9 APPPATH\Controllers\Home.php(10): view('Home/index')
10 SYSTEMPATH\CodeIgniter.php(942): App\Controllers\Home->index()
11 SYSTEMPATH\CodeIgniter.php(502): CodeIgniter\CodeIgniter->runController(Object(App\Controllers\Home))
12 SYSTEMPATH\CodeIgniter.php(361): CodeIgniter\CodeIgniter->handleRequest(null, Object(Config\Cache), false)
13 FCPATH\index.php(84): CodeIgniter\CodeIgniter->run()
CRITICAL - 2023-12-05 11:13:26 --> Undefined variable $section
in APPPATH\Views\Home\aboutShort.php on line 17.
 1 APPPATH\Views\Home\aboutShort.php(17): CodeIgniter\Debug\Exceptions->errorHandler(2, 'Undefined variable $section', 'C:\\xampp\\htdocs\\hometest\\app\\Views\\Home\\aboutShort.php', 17)
 2 SYSTEMPATH\View\View.php(228): include('C:\\xampp\\htdocs\\hometest\\app\\Views\\Home\\aboutShort.php')
 3 SYSTEMPATH\View\View.php(231): CodeIgniter\View\View->CodeIgniter\View\{closure}()
 4 SYSTEMPATH\View\View.php(469): CodeIgniter\View\View->render('home/aboutShort', null, true)
 5 APPPATH\Views\Home\index.php(14): CodeIgniter\View\View->include('home/aboutShort')
 6 SYSTEMPATH\View\View.php(228): include('C:\\xampp\\htdocs\\hometest\\app\\Views\\Home\\index.php')
 7 SYSTEMPATH\View\View.php(231): CodeIgniter\View\View->CodeIgniter\View\{closure}()
 8 SYSTEMPATH\Common.php(1190): CodeIgniter\View\View->render('Home/index', [], true)
 9 APPPATH\Controllers\Home.php(10): view('Home/index')
10 SYSTEMPATH\CodeIgniter.php(942): App\Controllers\Home->index()
11 SYSTEMPATH\CodeIgniter.php(502): CodeIgniter\CodeIgniter->runController(Object(App\Controllers\Home))
12 SYSTEMPATH\CodeIgniter.php(361): CodeIgniter\CodeIgniter->handleRequest(null, Object(Config\Cache), false)
13 FCPATH\index.php(84): CodeIgniter\CodeIgniter->run()
CRITICAL - 2023-12-05 11:17:08 --> mysqli_result::fetch_object(): Argument #1 ($class) must be a valid class name, \App\Entities\Section::class given
in SYSTEMPATH\Database\MySQLi\Result.php on line 154.
 1 SYSTEMPATH\Database\MySQLi\Result.php(154): mysqli_result->fetch_object('\\App\\Entities\\Section::class')
 2 SYSTEMPATH\Database\BaseResult.php(159): CodeIgniter\Database\MySQLi\Result->fetchObject('\\App\\Entities\\Section::class')
 3 SYSTEMPATH\Database\BaseResult.php(114): CodeIgniter\Database\BaseResult->getCustomResultObject('\\App\\Entities\\Section::class')
 4 SYSTEMPATH\Model.php(238): CodeIgniter\Database\BaseResult->getResult('\\App\\Entities\\Section::class')
 5 SYSTEMPATH\BaseModel.php(624): CodeIgniter\Model->doFindAll(0, 0)
 6 APPPATH\Controllers\Home.php(12): CodeIgniter\BaseModel->findAll()
 7 SYSTEMPATH\CodeIgniter.php(942): App\Controllers\Home->index()
 8 SYSTEMPATH\CodeIgniter.php(502): CodeIgniter\CodeIgniter->runController(Object(App\Controllers\Home))
 9 SYSTEMPATH\CodeIgniter.php(361): CodeIgniter\CodeIgniter->handleRequest(null, Object(Config\Cache), false)
10 FCPATH\index.php(84): CodeIgniter\CodeIgniter->run()
CRITICAL - 2023-12-05 11:17:09 --> mysqli_result::fetch_object(): Argument #1 ($class) must be a valid class name, \App\Entities\Section::class given
in SYSTEMPATH\Database\MySQLi\Result.php on line 154.
 1 SYSTEMPATH\Database\MySQLi\Result.php(154): mysqli_result->fetch_object('\\App\\Entities\\Section::class')
 2 SYSTEMPATH\Database\BaseResult.php(159): CodeIgniter\Database\MySQLi\Result->fetchObject('\\App\\Entities\\Section::class')
 3 SYSTEMPATH\Database\BaseResult.php(114): CodeIgniter\Database\BaseResult->getCustomResultObject('\\App\\Entities\\Section::class')
 4 SYSTEMPATH\Model.php(238): CodeIgniter\Database\BaseResult->getResult('\\App\\Entities\\Section::class')
 5 SYSTEMPATH\BaseModel.php(624): CodeIgniter\Model->doFindAll(0, 0)
 6 APPPATH\Controllers\Home.php(12): CodeIgniter\BaseModel->findAll()
 7 SYSTEMPATH\CodeIgniter.php(942): App\Controllers\Home->index()
 8 SYSTEMPATH\CodeIgniter.php(502): CodeIgniter\CodeIgniter->runController(Object(App\Controllers\Home))
 9 SYSTEMPATH\CodeIgniter.php(361): CodeIgniter\CodeIgniter->handleRequest(null, Object(Config\Cache), false)
10 FCPATH\index.php(84): CodeIgniter\CodeIgniter->run()
CRITICAL - 2023-12-05 11:21:07 --> mysqli_result::fetch_object(): Argument #1 ($class) must be a valid class name, \App\Entities\Section::class given
in SYSTEMPATH\Database\MySQLi\Result.php on line 154.
 1 SYSTEMPATH\Database\MySQLi\Result.php(154): mysqli_result->fetch_object('\\App\\Entities\\Section::class')
 2 SYSTEMPATH\Database\BaseResult.php(159): CodeIgniter\Database\MySQLi\Result->fetchObject('\\App\\Entities\\Section::class')
 3 SYSTEMPATH\Database\BaseResult.php(114): CodeIgniter\Database\BaseResult->getCustomResultObject('\\App\\Entities\\Section::class')
 4 SYSTEMPATH\Model.php(238): CodeIgniter\Database\BaseResult->getResult('\\App\\Entities\\Section::class')
 5 SYSTEMPATH\BaseModel.php(624): CodeIgniter\Model->doFindAll(0, 0)
 6 APPPATH\Controllers\Home.php(12): CodeIgniter\BaseModel->findAll()
 7 SYSTEMPATH\CodeIgniter.php(942): App\Controllers\Home->index()
 8 SYSTEMPATH\CodeIgniter.php(502): CodeIgniter\CodeIgniter->runController(Object(App\Controllers\Home))
 9 SYSTEMPATH\CodeIgniter.php(361): CodeIgniter\CodeIgniter->handleRequest(null, Object(Config\Cache), false)
10 FCPATH\index.php(84): CodeIgniter\CodeIgniter->run()
CRITICAL - 2023-12-05 11:21:09 --> mysqli_result::fetch_object(): Argument #1 ($class) must be a valid class name, \App\Entities\Section::class given
in SYSTEMPATH\Database\MySQLi\Result.php on line 154.
 1 SYSTEMPATH\Database\MySQLi\Result.php(154): mysqli_result->fetch_object('\\App\\Entities\\Section::class')
 2 SYSTEMPATH\Database\BaseResult.php(159): CodeIgniter\Database\MySQLi\Result->fetchObject('\\App\\Entities\\Section::class')
 3 SYSTEMPATH\Database\BaseResult.php(114): CodeIgniter\Database\BaseResult->getCustomResultObject('\\App\\Entities\\Section::class')
 4 SYSTEMPATH\Model.php(238): CodeIgniter\Database\BaseResult->getResult('\\App\\Entities\\Section::class')
 5 SYSTEMPATH\BaseModel.php(624): CodeIgniter\Model->doFindAll(0, 0)
 6 APPPATH\Controllers\Home.php(12): CodeIgniter\BaseModel->findAll()
 7 SYSTEMPATH\CodeIgniter.php(942): App\Controllers\Home->index()
 8 SYSTEMPATH\CodeIgniter.php(502): CodeIgniter\CodeIgniter->runController(Object(App\Controllers\Home))
 9 SYSTEMPATH\CodeIgniter.php(361): CodeIgniter\CodeIgniter->handleRequest(null, Object(Config\Cache), false)
10 FCPATH\index.php(84): CodeIgniter\CodeIgniter->run()
CRITICAL - 2023-12-05 11:21:47 --> Undefined variable $section
in APPPATH\Views\Home\aboutShort.php on line 17.
 1 APPPATH\Views\Home\aboutShort.php(17): CodeIgniter\Debug\Exceptions->errorHandler(2, 'Undefined variable $section', 'C:\\xampp\\htdocs\\hometest\\app\\Views\\Home\\aboutShort.php', 17)
 2 SYSTEMPATH\View\View.php(228): include('C:\\xampp\\htdocs\\hometest\\app\\Views\\Home\\aboutShort.php')
 3 SYSTEMPATH\View\View.php(231): CodeIgniter\View\View->CodeIgniter\View\{closure}()
 4 SYSTEMPATH\View\View.php(469): CodeIgniter\View\View->render('home/aboutShort', null, true)
 5 APPPATH\Views\Home\index.php(14): CodeIgniter\View\View->include('home/aboutShort')
 6 SYSTEMPATH\View\View.php(228): include('C:\\xampp\\htdocs\\hometest\\app\\Views\\Home\\index.php')
 7 SYSTEMPATH\View\View.php(231): CodeIgniter\View\View->CodeIgniter\View\{closure}()
 8 SYSTEMPATH\Common.php(1190): CodeIgniter\View\View->render('Home/index', [], true)
 9 APPPATH\Controllers\Home.php(13): view('Home/index')
10 SYSTEMPATH\CodeIgniter.php(942): App\Controllers\Home->index()
11 SYSTEMPATH\CodeIgniter.php(502): CodeIgniter\CodeIgniter->runController(Object(App\Controllers\Home))
12 SYSTEMPATH\CodeIgniter.php(361): CodeIgniter\CodeIgniter->handleRequest(null, Object(Config\Cache), false)
13 FCPATH\index.php(84): CodeIgniter\CodeIgniter->run()
CRITICAL - 2023-12-05 11:21:48 --> Undefined variable $section
in APPPATH\Views\Home\aboutShort.php on line 17.
 1 APPPATH\Views\Home\aboutShort.php(17): CodeIgniter\Debug\Exceptions->errorHandler(2, 'Undefined variable $section', 'C:\\xampp\\htdocs\\hometest\\app\\Views\\Home\\aboutShort.php', 17)
 2 SYSTEMPATH\View\View.php(228): include('C:\\xampp\\htdocs\\hometest\\app\\Views\\Home\\aboutShort.php')
 3 SYSTEMPATH\View\View.php(231): CodeIgniter\View\View->CodeIgniter\View\{closure}()
 4 SYSTEMPATH\View\View.php(469): CodeIgniter\View\View->render('home/aboutShort', null, true)
 5 APPPATH\Views\Home\index.php(14): CodeIgniter\View\View->include('home/aboutShort')
 6 SYSTEMPATH\View\View.php(228): include('C:\\xampp\\htdocs\\hometest\\app\\Views\\Home\\index.php')
 7 SYSTEMPATH\View\View.php(231): CodeIgniter\View\View->CodeIgniter\View\{closure}()
 8 SYSTEMPATH\Common.php(1190): CodeIgniter\View\View->render('Home/index', [], true)
 9 APPPATH\Controllers\Home.php(13): view('Home/index')
10 SYSTEMPATH\CodeIgniter.php(942): App\Controllers\Home->index()
11 SYSTEMPATH\CodeIgniter.php(502): CodeIgniter\CodeIgniter->runController(Object(App\Controllers\Home))
12 SYSTEMPATH\CodeIgniter.php(361): CodeIgniter\CodeIgniter->handleRequest(null, Object(Config\Cache), false)
13 FCPATH\index.php(84): CodeIgniter\CodeIgniter->run()
CRITICAL - 2023-12-05 11:23:31 --> Undefined variable $section
in APPPATH\Views\Home\aboutShort.php on line 17.
 1 APPPATH\Views\Home\aboutShort.php(17): CodeIgniter\Debug\Exceptions->errorHandler(2, 'Undefined variable $section', 'C:\\xampp\\htdocs\\hometest\\app\\Views\\Home\\aboutShort.php', 17)
 2 SYSTEMPATH\View\View.php(228): include('C:\\xampp\\htdocs\\hometest\\app\\Views\\Home\\aboutShort.php')
 3 SYSTEMPATH\View\View.php(231): CodeIgniter\View\View->CodeIgniter\View\{closure}()
 4 SYSTEMPATH\View\View.php(469): CodeIgniter\View\View->render('home/aboutShort', null, true)
 5 APPPATH\Views\Home\index.php(14): CodeIgniter\View\View->include('home/aboutShort')
 6 SYSTEMPATH\View\View.php(228): include('C:\\xampp\\htdocs\\hometest\\app\\Views\\Home\\index.php')
 7 SYSTEMPATH\View\View.php(231): CodeIgniter\View\View->CodeIgniter\View\{closure}()
 8 SYSTEMPATH\Common.php(1190): CodeIgniter\View\View->render('Home/index', [], true)
 9 APPPATH\Controllers\Home.php(13): view('Home/index')
10 SYSTEMPATH\CodeIgniter.php(942): App\Controllers\Home->index()
11 SYSTEMPATH\CodeIgniter.php(502): CodeIgniter\CodeIgniter->runController(Object(App\Controllers\Home))
12 SYSTEMPATH\CodeIgniter.php(361): CodeIgniter\CodeIgniter->handleRequest(null, Object(Config\Cache), false)
13 FCPATH\index.php(84): CodeIgniter\CodeIgniter->run()
CRITICAL - 2023-12-05 11:23:33 --> Undefined variable $section
in APPPATH\Views\Home\aboutShort.php on line 17.
 1 APPPATH\Views\Home\aboutShort.php(17): CodeIgniter\Debug\Exceptions->errorHandler(2, 'Undefined variable $section', 'C:\\xampp\\htdocs\\hometest\\app\\Views\\Home\\aboutShort.php', 17)
 2 SYSTEMPATH\View\View.php(228): include('C:\\xampp\\htdocs\\hometest\\app\\Views\\Home\\aboutShort.php')
 3 SYSTEMPATH\View\View.php(231): CodeIgniter\View\View->CodeIgniter\View\{closure}()
 4 SYSTEMPATH\View\View.php(469): CodeIgniter\View\View->render('home/aboutShort', null, true)
 5 APPPATH\Views\Home\index.php(14): CodeIgniter\View\View->include('home/aboutShort')
 6 SYSTEMPATH\View\View.php(228): include('C:\\xampp\\htdocs\\hometest\\app\\Views\\Home\\index.php')
 7 SYSTEMPATH\View\View.php(231): CodeIgniter\View\View->CodeIgniter\View\{closure}()
 8 SYSTEMPATH\Common.php(1190): CodeIgniter\View\View->render('Home/index', [], true)
 9 APPPATH\Controllers\Home.php(13): view('Home/index')
10 SYSTEMPATH\CodeIgniter.php(942): App\Controllers\Home->index()
11 SYSTEMPATH\CodeIgniter.php(502): CodeIgniter\CodeIgniter->runController(Object(App\Controllers\Home))
12 SYSTEMPATH\CodeIgniter.php(361): CodeIgniter\CodeIgniter->handleRequest(null, Object(Config\Cache), false)
13 FCPATH\index.php(84): CodeIgniter\CodeIgniter->run()
CRITICAL - 2023-12-05 11:26:19 --> Undefined variable $section
in APPPATH\Views\Home\aboutShort.php on line 17.
 1 APPPATH\Views\Home\aboutShort.php(17): CodeIgniter\Debug\Exceptions->errorHandler(2, 'Undefined variable $section', 'C:\\xampp\\htdocs\\hometest\\app\\Views\\Home\\aboutShort.php', 17)
 2 SYSTEMPATH\View\View.php(228): include('C:\\xampp\\htdocs\\hometest\\app\\Views\\Home\\aboutShort.php')
 3 SYSTEMPATH\View\View.php(231): CodeIgniter\View\View->CodeIgniter\View\{closure}()
 4 SYSTEMPATH\View\View.php(469): CodeIgniter\View\View->render('home/aboutShort', null, true)
 5 APPPATH\Views\Home\index.php(14): CodeIgniter\View\View->include('home/aboutShort')
 6 SYSTEMPATH\View\View.php(228): include('C:\\xampp\\htdocs\\hometest\\app\\Views\\Home\\index.php')
 7 SYSTEMPATH\View\View.php(231): CodeIgniter\View\View->CodeIgniter\View\{closure}()
 8 SYSTEMPATH\Common.php(1190): CodeIgniter\View\View->render('Home/index', [], true)
 9 APPPATH\Controllers\Home.php(13): view('Home/index', [...])
10 SYSTEMPATH\CodeIgniter.php(942): App\Controllers\Home->index()
11 SYSTEMPATH\CodeIgniter.php(502): CodeIgniter\CodeIgniter->runController(Object(App\Controllers\Home))
12 SYSTEMPATH\CodeIgniter.php(361): CodeIgniter\CodeIgniter->handleRequest(null, Object(Config\Cache), false)
13 FCPATH\index.php(84): CodeIgniter\CodeIgniter->run()
CRITICAL - 2023-12-05 11:26:20 --> Undefined variable $section
in APPPATH\Views\Home\aboutShort.php on line 17.
 1 APPPATH\Views\Home\aboutShort.php(17): CodeIgniter\Debug\Exceptions->errorHandler(2, 'Undefined variable $section', 'C:\\xampp\\htdocs\\hometest\\app\\Views\\Home\\aboutShort.php', 17)
 2 SYSTEMPATH\View\View.php(228): include('C:\\xampp\\htdocs\\hometest\\app\\Views\\Home\\aboutShort.php')
 3 SYSTEMPATH\View\View.php(231): CodeIgniter\View\View->CodeIgniter\View\{closure}()
 4 SYSTEMPATH\View\View.php(469): CodeIgniter\View\View->render('home/aboutShort', null, true)
 5 APPPATH\Views\Home\index.php(14): CodeIgniter\View\View->include('home/aboutShort')
 6 SYSTEMPATH\View\View.php(228): include('C:\\xampp\\htdocs\\hometest\\app\\Views\\Home\\index.php')
 7 SYSTEMPATH\View\View.php(231): CodeIgniter\View\View->CodeIgniter\View\{closure}()
 8 SYSTEMPATH\Common.php(1190): CodeIgniter\View\View->render('Home/index', [], true)
 9 APPPATH\Controllers\Home.php(13): view('Home/index', [...])
10 SYSTEMPATH\CodeIgniter.php(942): App\Controllers\Home->index()
11 SYSTEMPATH\CodeIgniter.php(502): CodeIgniter\CodeIgniter->runController(Object(App\Controllers\Home))
12 SYSTEMPATH\CodeIgniter.php(361): CodeIgniter\CodeIgniter->handleRequest(null, Object(Config\Cache), false)
13 FCPATH\index.php(84): CodeIgniter\CodeIgniter->run()
