INFO - 2023-12-09 06:36:00 --> Session: Class initialized using 'CodeIgniter\Session\Handlers\FileHandler' driver.
INFO - 2023-12-09 06:43:39 --> Session: Class initialized using 'CodeIgniter\Session\Handlers\FileHandler' driver.
INFO - 2023-12-09 06:47:11 --> Session: Class initialized using 'CodeIgniter\Session\Handlers\FileHandler' driver.
CRITICAL - 2023-12-09 06:47:13 --> There is no data to insert.
in SYSTEMPATH\BaseModel.php on line 768.
 1 SYSTEMPATH\BaseModel.php(768): CodeIgniter\Database\Exceptions\DataException::forEmptyDataset('insert')
 2 SYSTEMPATH\Model.php(715): CodeIgniter\BaseModel->insert([], true)
 3 APPPATH\Controllers\Content.php(30): CodeIgniter\Model->insert(Object(App\Controllers\Content))
 4 SYSTEMPATH\CodeIgniter.php(942): App\Controllers\Content->create()
 5 SYSTEMPATH\CodeIgniter.php(502): CodeIgniter\CodeIgniter->runController(Object(App\Controllers\Content))
 6 SYSTEMPATH\CodeIgniter.php(361): CodeIgniter\CodeIgniter->handleRequest(null, Object(Config\Cache), false)
 7 FCPATH\index.php(84): CodeIgniter\CodeIgniter->run()
INFO - 2023-12-09 06:53:36 --> Session: Class initialized using 'CodeIgniter\Session\Handlers\FileHandler' driver.
CRITICAL - 2023-12-09 06:54:00 --> There is no data to insert.
in SYSTEMPATH\BaseModel.php on line 768.
 1 SYSTEMPATH\BaseModel.php(768): CodeIgniter\Database\Exceptions\DataException::forEmptyDataset('insert')
 2 SYSTEMPATH\Model.php(715): CodeIgniter\BaseModel->insert([], true)
 3 APPPATH\Controllers\Content.php(30): CodeIgniter\Model->insert(Object(App\Controllers\Content))
 4 SYSTEMPATH\CodeIgniter.php(942): App\Controllers\Content->create()
 5 SYSTEMPATH\CodeIgniter.php(502): CodeIgniter\CodeIgniter->runController(Object(App\Controllers\Content))
 6 SYSTEMPATH\CodeIgniter.php(361): CodeIgniter\CodeIgniter->handleRequest(null, Object(Config\Cache), false)
 7 FCPATH\index.php(84): CodeIgniter\CodeIgniter->run()
INFO - 2023-12-09 06:57:27 --> Session: Class initialized using 'CodeIgniter\Session\Handlers\FileHandler' driver.
INFO - 2023-12-09 06:58:42 --> Session: Class initialized using 'CodeIgniter\Session\Handlers\FileHandler' driver.
INFO - 2023-12-09 07:07:07 --> Session: Class initialized using 'CodeIgniter\Session\Handlers\FileHandler' driver.
CRITICAL - 2023-12-09 07:07:07 --> Undefined variable $pageIds
in APPPATH\Views\Content\newContent.php on line 43.
 1 APPPATH\Views\Content\newContent.php(43): CodeIgniter\Debug\Exceptions->errorHandler(2, 'Undefined variable $pageIds', 'C:\\xampp\\htdocs\\hometest\\app\\Views\\Content\\newContent.php', 43)
 2 SYSTEMPATH\View\View.php(228): include('C:\\xampp\\htdocs\\hometest\\app\\Views\\Content\\newContent.php')
 3 SYSTEMPATH\View\View.php(231): CodeIgniter\View\View->CodeIgniter\View\{closure}()
 4 SYSTEMPATH\Common.php(1190): CodeIgniter\View\View->render('Content/newContent', [], true)
 5 APPPATH\Controllers\Content.php(29): view('Content/newContent', [...])
 6 SYSTEMPATH\CodeIgniter.php(942): App\Controllers\Content->new()
 7 SYSTEMPATH\CodeIgniter.php(502): CodeIgniter\CodeIgniter->runController(Object(App\Controllers\Content))
 8 SYSTEMPATH\CodeIgniter.php(361): CodeIgniter\CodeIgniter->handleRequest(null, Object(Config\Cache), false)
 9 FCPATH\index.php(84): CodeIgniter\CodeIgniter->run()
INFO - 2023-12-09 07:08:03 --> Session: Class initialized using 'CodeIgniter\Session\Handlers\FileHandler' driver.
CRITICAL - 2023-12-09 07:08:03 --> Undefined variable $pageIds
in APPPATH\Views\Content\newContent.php on line 43.
 1 APPPATH\Views\Content\newContent.php(43): CodeIgniter\Debug\Exceptions->errorHandler(2, 'Undefined variable $pageIds', 'C:\\xampp\\htdocs\\hometest\\app\\Views\\Content\\newContent.php', 43)
 2 SYSTEMPATH\View\View.php(228): include('C:\\xampp\\htdocs\\hometest\\app\\Views\\Content\\newContent.php')
 3 SYSTEMPATH\View\View.php(231): CodeIgniter\View\View->CodeIgniter\View\{closure}()
 4 SYSTEMPATH\Common.php(1190): CodeIgniter\View\View->render('Content/newContent', [], true)
 5 APPPATH\Controllers\Content.php(29): view('Content/newContent', [...])
 6 SYSTEMPATH\CodeIgniter.php(942): App\Controllers\Content->new()
 7 SYSTEMPATH\CodeIgniter.php(502): CodeIgniter\CodeIgniter->runController(Object(App\Controllers\Content))
 8 SYSTEMPATH\CodeIgniter.php(361): CodeIgniter\CodeIgniter->handleRequest(null, Object(Config\Cache), false)
 9 FCPATH\index.php(84): CodeIgniter\CodeIgniter->run()
INFO - 2023-12-09 07:10:34 --> Session: Class initialized using 'CodeIgniter\Session\Handlers\FileHandler' driver.
CRITICAL - 2023-12-09 07:10:34 --> Undefined variable $pageIds
in APPPATH\Views\Content\newContent.php on line 43.
 1 APPPATH\Views\Content\newContent.php(43): CodeIgniter\Debug\Exceptions->errorHandler(2, 'Undefined variable $pageIds', 'C:\\xampp\\htdocs\\hometest\\app\\Views\\Content\\newContent.php', 43)
 2 SYSTEMPATH\View\View.php(228): include('C:\\xampp\\htdocs\\hometest\\app\\Views\\Content\\newContent.php')
 3 SYSTEMPATH\View\View.php(231): CodeIgniter\View\View->CodeIgniter\View\{closure}()
 4 SYSTEMPATH\Common.php(1190): CodeIgniter\View\View->render('Content/newContent', [], true)
 5 APPPATH\Controllers\Content.php(29): view('Content/newContent', [...])
 6 SYSTEMPATH\CodeIgniter.php(942): App\Controllers\Content->new()
 7 SYSTEMPATH\CodeIgniter.php(502): CodeIgniter\CodeIgniter->runController(Object(App\Controllers\Content))
 8 SYSTEMPATH\CodeIgniter.php(361): CodeIgniter\CodeIgniter->handleRequest(null, Object(Config\Cache), false)
 9 FCPATH\index.php(84): CodeIgniter\CodeIgniter->run()
INFO - 2023-12-09 07:10:35 --> Session: Class initialized using 'CodeIgniter\Session\Handlers\FileHandler' driver.
CRITICAL - 2023-12-09 07:10:35 --> Undefined variable $pageIds
in APPPATH\Views\Content\newContent.php on line 43.
 1 APPPATH\Views\Content\newContent.php(43): CodeIgniter\Debug\Exceptions->errorHandler(2, 'Undefined variable $pageIds', 'C:\\xampp\\htdocs\\hometest\\app\\Views\\Content\\newContent.php', 43)
 2 SYSTEMPATH\View\View.php(228): include('C:\\xampp\\htdocs\\hometest\\app\\Views\\Content\\newContent.php')
 3 SYSTEMPATH\View\View.php(231): CodeIgniter\View\View->CodeIgniter\View\{closure}()
 4 SYSTEMPATH\Common.php(1190): CodeIgniter\View\View->render('Content/newContent', [], true)
 5 APPPATH\Controllers\Content.php(29): view('Content/newContent', [...])
 6 SYSTEMPATH\CodeIgniter.php(942): App\Controllers\Content->new()
 7 SYSTEMPATH\CodeIgniter.php(502): CodeIgniter\CodeIgniter->runController(Object(App\Controllers\Content))
 8 SYSTEMPATH\CodeIgniter.php(361): CodeIgniter\CodeIgniter->handleRequest(null, Object(Config\Cache), false)
 9 FCPATH\index.php(84): CodeIgniter\CodeIgniter->run()
INFO - 2023-12-09 07:14:46 --> Session: Class initialized using 'CodeIgniter\Session\Handlers\FileHandler' driver.
INFO - 2023-12-09 07:15:44 --> Session: Class initialized using 'CodeIgniter\Session\Handlers\FileHandler' driver.
CRITICAL - 2023-12-09 07:15:44 --> Cannot use object of type App\Entities\Page as array
in APPPATH\Views\Content\newContent.php on line 45.
 1 SYSTEMPATH\View\View.php(228): include()
 2 SYSTEMPATH\View\View.php(231): CodeIgniter\View\View->CodeIgniter\View\{closure}()
 3 SYSTEMPATH\Common.php(1190): CodeIgniter\View\View->render('Content/newContent', [...], true)
 4 APPPATH\Controllers\Content.php(29): view('Content/newContent', [...], [...])
 5 SYSTEMPATH\CodeIgniter.php(942): App\Controllers\Content->new()
 6 SYSTEMPATH\CodeIgniter.php(502): CodeIgniter\CodeIgniter->runController(Object(App\Controllers\Content))
 7 SYSTEMPATH\CodeIgniter.php(361): CodeIgniter\CodeIgniter->handleRequest(null, Object(Config\Cache), false)
 8 FCPATH\index.php(84): CodeIgniter\CodeIgniter->run()
INFO - 2023-12-09 07:16:07 --> Session: Class initialized using 'CodeIgniter\Session\Handlers\FileHandler' driver.
INFO - 2023-12-09 07:16:26 --> Session: Class initialized using 'CodeIgniter\Session\Handlers\FileHandler' driver.
INFO - 2023-12-09 07:18:11 --> Session: Class initialized using 'CodeIgniter\Session\Handlers\FileHandler' driver.
INFO - 2023-12-09 07:18:15 --> Session: Class initialized using 'CodeIgniter\Session\Handlers\FileHandler' driver.
CRITICAL - 2023-12-09 07:20:16 --> Undefined array key "pageIds"
in APPPATH\Controllers\Content.php on line 27.
 1 APPPATH\Controllers\Content.php(27): CodeIgniter\Debug\Exceptions->errorHandler(2, 'Undefined array key "pageIds"', 'C:\\xampp\\htdocs\\hometest\\app\\Controllers\\Content.php', 27)
 2 SYSTEMPATH\CodeIgniter.php(942): App\Controllers\Content->new()
 3 SYSTEMPATH\CodeIgniter.php(502): CodeIgniter\CodeIgniter->runController(Object(App\Controllers\Content))
 4 SYSTEMPATH\CodeIgniter.php(361): CodeIgniter\CodeIgniter->handleRequest(null, Object(Config\Cache), false)
 5 FCPATH\index.php(84): CodeIgniter\CodeIgniter->run()
CRITICAL - 2023-12-09 07:20:39 --> Attempt to read property "page_id" on array
in APPPATH\Controllers\Content.php on line 27.
 1 APPPATH\Controllers\Content.php(27): CodeIgniter\Debug\Exceptions->errorHandler(2, 'Attempt to read property "page_id" on array', 'C:\\xampp\\htdocs\\hometest\\app\\Controllers\\Content.php', 27)
 2 SYSTEMPATH\CodeIgniter.php(942): App\Controllers\Content->new()
 3 SYSTEMPATH\CodeIgniter.php(502): CodeIgniter\CodeIgniter->runController(Object(App\Controllers\Content))
 4 SYSTEMPATH\CodeIgniter.php(361): CodeIgniter\CodeIgniter->handleRequest(null, Object(Config\Cache), false)
 5 FCPATH\index.php(84): CodeIgniter\CodeIgniter->run()
CRITICAL - 2023-12-09 07:20:56 --> Undefined array key "pageIds"
in APPPATH\Controllers\Content.php on line 27.
 1 APPPATH\Controllers\Content.php(27): CodeIgniter\Debug\Exceptions->errorHandler(2, 'Undefined array key "pageIds"', 'C:\\xampp\\htdocs\\hometest\\app\\Controllers\\Content.php', 27)
 2 SYSTEMPATH\CodeIgniter.php(942): App\Controllers\Content->new()
 3 SYSTEMPATH\CodeIgniter.php(502): CodeIgniter\CodeIgniter->runController(Object(App\Controllers\Content))
 4 SYSTEMPATH\CodeIgniter.php(361): CodeIgniter\CodeIgniter->handleRequest(null, Object(Config\Cache), false)
 5 FCPATH\index.php(84): CodeIgniter\CodeIgniter->run()
INFO - 2023-12-09 07:22:21 --> Session: Class initialized using 'CodeIgniter\Session\Handlers\FileHandler' driver.
INFO - 2023-12-09 07:22:46 --> Session: Class initialized using 'CodeIgniter\Session\Handlers\FileHandler' driver.
CRITICAL - 2023-12-09 07:30:11 --> There is no data to insert.
in SYSTEMPATH\BaseModel.php on line 768.
 1 SYSTEMPATH\BaseModel.php(768): CodeIgniter\Database\Exceptions\DataException::forEmptyDataset('insert')
 2 SYSTEMPATH\Model.php(715): CodeIgniter\BaseModel->insert([], true)
 3 APPPATH\Controllers\Content.php(37): CodeIgniter\Model->insert(Object(App\Controllers\Content))
 4 SYSTEMPATH\CodeIgniter.php(942): App\Controllers\Content->create()
 5 SYSTEMPATH\CodeIgniter.php(502): CodeIgniter\CodeIgniter->runController(Object(App\Controllers\Content))
 6 SYSTEMPATH\CodeIgniter.php(361): CodeIgniter\CodeIgniter->handleRequest(null, Object(Config\Cache), false)
 7 FCPATH\index.php(84): CodeIgniter\CodeIgniter->run()
INFO - 2023-12-09 07:39:45 --> Session: Class initialized using 'CodeIgniter\Session\Handlers\FileHandler' driver.
ERROR - 2023-12-09 07:39:59 --> mysqli_sql_exception: Unknown column 'content_subheading' in 'field list' in C:\xampp\htdocs\hometest\system\Database\MySQLi\Connection.php:306
Stack trace:
#0 C:\xampp\htdocs\hometest\system\Database\MySQLi\Connection.php(306): mysqli->query('INSERT INTO `co...', 0)
#1 C:\xampp\htdocs\hometest\system\Database\BaseConnection.php(693): CodeIgniter\Database\MySQLi\Connection->execute('INSERT INTO `co...')
#2 C:\xampp\htdocs\hometest\system\Database\BaseConnection.php(607): CodeIgniter\Database\BaseConnection->simpleQuery('INSERT INTO `co...')
#3 C:\xampp\htdocs\hometest\system\Database\BaseBuilder.php(2308): CodeIgniter\Database\BaseConnection->query('INSERT INTO `co...', Array, false)
#4 C:\xampp\htdocs\hometest\system\Model.php(319): CodeIgniter\Database\BaseBuilder->insert()
#5 C:\xampp\htdocs\hometest\system\BaseModel.php(788): CodeIgniter\Model->doInsert(Array)
#6 C:\xampp\htdocs\hometest\system\Model.php(715): CodeIgniter\BaseModel->insert(Array, true)
#7 C:\xampp\htdocs\hometest\app\Controllers\Content.php(41): CodeIgniter\Model->insert(Object(App\Entities\Contents))
#8 C:\xampp\htdocs\hometest\system\CodeIgniter.php(942): App\Controllers\Content->create()
#9 C:\xampp\htdocs\hometest\system\CodeIgniter.php(502): CodeIgniter\CodeIgniter->runController(Object(App\Controllers\Content))
#10 C:\xampp\htdocs\hometest\system\CodeIgniter.php(361): CodeIgniter\CodeIgniter->handleRequest(NULL, Object(Config\Cache), false)
#11 C:\xampp\htdocs\hometest\index.php(84): CodeIgniter\CodeIgniter->run()
#12 {main}
CRITICAL - 2023-12-09 07:39:59 --> Unknown column 'content_subheading' in 'field list'
in SYSTEMPATH\Database\BaseConnection.php on line 647.
 1 SYSTEMPATH\Database\BaseBuilder.php(2308): CodeIgniter\Database\BaseConnection->query('INSERT INTO `content` (`content_title`, `content_subheading`, `page_id`, `content`, `content_section`, `addtional_content`, `primary_btn`, `secondary_btn`, `content_image`) VALUES (:content_title:, :content_subheading:, :page_id:, :content:, :content_section:, :addtional_content:, :primary_btn:, :secondary_btn:, :content_image:)', [...], false)
 2 SYSTEMPATH\Model.php(319): CodeIgniter\Database\BaseBuilder->insert()
 3 SYSTEMPATH\BaseModel.php(788): CodeIgniter\Model->doInsert([...])
 4 SYSTEMPATH\Model.php(715): CodeIgniter\BaseModel->insert([...], true)
 5 APPPATH\Controllers\Content.php(41): CodeIgniter\Model->insert(Object(App\Entities\Contents))
 6 SYSTEMPATH\CodeIgniter.php(942): App\Controllers\Content->create()
 7 SYSTEMPATH\CodeIgniter.php(502): CodeIgniter\CodeIgniter->runController(Object(App\Controllers\Content))
 8 SYSTEMPATH\CodeIgniter.php(361): CodeIgniter\CodeIgniter->handleRequest(null, Object(Config\Cache), false)
 9 FCPATH\index.php(84): CodeIgniter\CodeIgniter->run()
INFO - 2023-12-09 07:42:24 --> Session: Class initialized using 'CodeIgniter\Session\Handlers\FileHandler' driver.
ERROR - 2023-12-09 07:42:28 --> mysqli_sql_exception: Unknown column 'content_subheading' in 'field list' in C:\xampp\htdocs\hometest\system\Database\MySQLi\Connection.php:306
Stack trace:
#0 C:\xampp\htdocs\hometest\system\Database\MySQLi\Connection.php(306): mysqli->query('INSERT INTO `co...', 0)
#1 C:\xampp\htdocs\hometest\system\Database\BaseConnection.php(693): CodeIgniter\Database\MySQLi\Connection->execute('INSERT INTO `co...')
#2 C:\xampp\htdocs\hometest\system\Database\BaseConnection.php(607): CodeIgniter\Database\BaseConnection->simpleQuery('INSERT INTO `co...')
#3 C:\xampp\htdocs\hometest\system\Database\BaseBuilder.php(2308): CodeIgniter\Database\BaseConnection->query('INSERT INTO `co...', Array, false)
#4 C:\xampp\htdocs\hometest\system\Model.php(319): CodeIgniter\Database\BaseBuilder->insert()
#5 C:\xampp\htdocs\hometest\system\BaseModel.php(788): CodeIgniter\Model->doInsert(Array)
#6 C:\xampp\htdocs\hometest\system\Model.php(715): CodeIgniter\BaseModel->insert(Array, true)
#7 C:\xampp\htdocs\hometest\app\Controllers\Content.php(41): CodeIgniter\Model->insert(Object(App\Entities\Contents))
#8 C:\xampp\htdocs\hometest\system\CodeIgniter.php(942): App\Controllers\Content->create()
#9 C:\xampp\htdocs\hometest\system\CodeIgniter.php(502): CodeIgniter\CodeIgniter->runController(Object(App\Controllers\Content))
#10 C:\xampp\htdocs\hometest\system\CodeIgniter.php(361): CodeIgniter\CodeIgniter->handleRequest(NULL, Object(Config\Cache), false)
#11 C:\xampp\htdocs\hometest\index.php(84): CodeIgniter\CodeIgniter->run()
#12 {main}
CRITICAL - 2023-12-09 07:42:28 --> Unknown column 'content_subheading' in 'field list'
in SYSTEMPATH\Database\BaseConnection.php on line 647.
 1 SYSTEMPATH\Database\BaseBuilder.php(2308): CodeIgniter\Database\BaseConnection->query('INSERT INTO `content` (`content_title`, `content_subheading`, `page_id`, `content`, `content_section`, `addtional_content`, `primary_btn`, `secondary_btn`, `content_image`) VALUES (:content_title:, :content_subheading:, :page_id:, :content:, :content_section:, :addtional_content:, :primary_btn:, :secondary_btn:, :content_image:)', [...], false)
 2 SYSTEMPATH\Model.php(319): CodeIgniter\Database\BaseBuilder->insert()
 3 SYSTEMPATH\BaseModel.php(788): CodeIgniter\Model->doInsert([...])
 4 SYSTEMPATH\Model.php(715): CodeIgniter\BaseModel->insert([...], true)
 5 APPPATH\Controllers\Content.php(41): CodeIgniter\Model->insert(Object(App\Entities\Contents))
 6 SYSTEMPATH\CodeIgniter.php(942): App\Controllers\Content->create()
 7 SYSTEMPATH\CodeIgniter.php(502): CodeIgniter\CodeIgniter->runController(Object(App\Controllers\Content))
 8 SYSTEMPATH\CodeIgniter.php(361): CodeIgniter\CodeIgniter->handleRequest(null, Object(Config\Cache), false)
 9 FCPATH\index.php(84): CodeIgniter\CodeIgniter->run()
ERROR - 2023-12-09 07:43:17 --> mysqli_sql_exception: Unknown column 'content_subheading' in 'field list' in C:\xampp\htdocs\hometest\system\Database\MySQLi\Connection.php:306
Stack trace:
#0 C:\xampp\htdocs\hometest\system\Database\MySQLi\Connection.php(306): mysqli->query('INSERT INTO `co...', 0)
#1 C:\xampp\htdocs\hometest\system\Database\BaseConnection.php(693): CodeIgniter\Database\MySQLi\Connection->execute('INSERT INTO `co...')
#2 C:\xampp\htdocs\hometest\system\Database\BaseConnection.php(607): CodeIgniter\Database\BaseConnection->simpleQuery('INSERT INTO `co...')
#3 C:\xampp\htdocs\hometest\system\Database\BaseBuilder.php(2308): CodeIgniter\Database\BaseConnection->query('INSERT INTO `co...', Array, false)
#4 C:\xampp\htdocs\hometest\system\Model.php(319): CodeIgniter\Database\BaseBuilder->insert()
#5 C:\xampp\htdocs\hometest\system\BaseModel.php(788): CodeIgniter\Model->doInsert(Array)
#6 C:\xampp\htdocs\hometest\system\Model.php(715): CodeIgniter\BaseModel->insert(Array, true)
#7 C:\xampp\htdocs\hometest\app\Controllers\Content.php(41): CodeIgniter\Model->insert(Object(App\Entities\Contents))
#8 C:\xampp\htdocs\hometest\system\CodeIgniter.php(942): App\Controllers\Content->create()
#9 C:\xampp\htdocs\hometest\system\CodeIgniter.php(502): CodeIgniter\CodeIgniter->runController(Object(App\Controllers\Content))
#10 C:\xampp\htdocs\hometest\system\CodeIgniter.php(361): CodeIgniter\CodeIgniter->handleRequest(NULL, Object(Config\Cache), false)
#11 C:\xampp\htdocs\hometest\index.php(84): CodeIgniter\CodeIgniter->run()
#12 {main}
CRITICAL - 2023-12-09 07:43:17 --> Unknown column 'content_subheading' in 'field list'
in SYSTEMPATH\Database\BaseConnection.php on line 647.
 1 SYSTEMPATH\Database\BaseBuilder.php(2308): CodeIgniter\Database\BaseConnection->query('INSERT INTO `content` (`content_title`, `content_subheading`, `page_id`, `content`, `content_section`, `addtional_content`, `primary_btn`, `secondary_btn`, `content_image`) VALUES (:content_title:, :content_subheading:, :page_id:, :content:, :content_section:, :addtional_content:, :primary_btn:, :secondary_btn:, :content_image:)', [...], false)
 2 SYSTEMPATH\Model.php(319): CodeIgniter\Database\BaseBuilder->insert()
 3 SYSTEMPATH\BaseModel.php(788): CodeIgniter\Model->doInsert([...])
 4 SYSTEMPATH\Model.php(715): CodeIgniter\BaseModel->insert([...], true)
 5 APPPATH\Controllers\Content.php(41): CodeIgniter\Model->insert(Object(App\Entities\Contents))
 6 SYSTEMPATH\CodeIgniter.php(942): App\Controllers\Content->create()
 7 SYSTEMPATH\CodeIgniter.php(502): CodeIgniter\CodeIgniter->runController(Object(App\Controllers\Content))
 8 SYSTEMPATH\CodeIgniter.php(361): CodeIgniter\CodeIgniter->handleRequest(null, Object(Config\Cache), false)
 9 FCPATH\index.php(84): CodeIgniter\CodeIgniter->run()
INFO - 2023-12-09 07:43:20 --> Session: Class initialized using 'CodeIgniter\Session\Handlers\FileHandler' driver.
ERROR - 2023-12-09 07:43:40 --> mysqli_sql_exception: Unknown column 'page_id' in 'field list' in C:\xampp\htdocs\hometest\system\Database\MySQLi\Connection.php:306
Stack trace:
#0 C:\xampp\htdocs\hometest\system\Database\MySQLi\Connection.php(306): mysqli->query('INSERT INTO `co...', 0)
#1 C:\xampp\htdocs\hometest\system\Database\BaseConnection.php(693): CodeIgniter\Database\MySQLi\Connection->execute('INSERT INTO `co...')
#2 C:\xampp\htdocs\hometest\system\Database\BaseConnection.php(607): CodeIgniter\Database\BaseConnection->simpleQuery('INSERT INTO `co...')
#3 C:\xampp\htdocs\hometest\system\Database\BaseBuilder.php(2308): CodeIgniter\Database\BaseConnection->query('INSERT INTO `co...', Array, false)
#4 C:\xampp\htdocs\hometest\system\Model.php(319): CodeIgniter\Database\BaseBuilder->insert()
#5 C:\xampp\htdocs\hometest\system\BaseModel.php(788): CodeIgniter\Model->doInsert(Array)
#6 C:\xampp\htdocs\hometest\system\Model.php(715): CodeIgniter\BaseModel->insert(Array, true)
#7 C:\xampp\htdocs\hometest\app\Controllers\Content.php(41): CodeIgniter\Model->insert(Object(App\Entities\Contents))
#8 C:\xampp\htdocs\hometest\system\CodeIgniter.php(942): App\Controllers\Content->create()
#9 C:\xampp\htdocs\hometest\system\CodeIgniter.php(502): CodeIgniter\CodeIgniter->runController(Object(App\Controllers\Content))
#10 C:\xampp\htdocs\hometest\system\CodeIgniter.php(361): CodeIgniter\CodeIgniter->handleRequest(NULL, Object(Config\Cache), false)
#11 C:\xampp\htdocs\hometest\index.php(84): CodeIgniter\CodeIgniter->run()
#12 {main}
CRITICAL - 2023-12-09 07:43:40 --> Unknown column 'page_id' in 'field list'
in SYSTEMPATH\Database\BaseConnection.php on line 647.
 1 SYSTEMPATH\Database\BaseBuilder.php(2308): CodeIgniter\Database\BaseConnection->query('INSERT INTO `content` (`content_title`, `content_sub_heading`, `page_id`, `content`, `content_section`, `addtional_content`, `primary_btn`, `secondary_btn`, `content_image`) VALUES (:content_title:, :content_sub_heading:, :page_id:, :content:, :content_section:, :addtional_content:, :primary_btn:, :secondary_btn:, :content_image:)', [...], false)
 2 SYSTEMPATH\Model.php(319): CodeIgniter\Database\BaseBuilder->insert()
 3 SYSTEMPATH\BaseModel.php(788): CodeIgniter\Model->doInsert([...])
 4 SYSTEMPATH\Model.php(715): CodeIgniter\BaseModel->insert([...], true)
 5 APPPATH\Controllers\Content.php(41): CodeIgniter\Model->insert(Object(App\Entities\Contents))
 6 SYSTEMPATH\CodeIgniter.php(942): App\Controllers\Content->create()
 7 SYSTEMPATH\CodeIgniter.php(502): CodeIgniter\CodeIgniter->runController(Object(App\Controllers\Content))
 8 SYSTEMPATH\CodeIgniter.php(361): CodeIgniter\CodeIgniter->handleRequest(null, Object(Config\Cache), false)
 9 FCPATH\index.php(84): CodeIgniter\CodeIgniter->run()
ERROR - 2023-12-09 07:44:07 --> mysqli_sql_exception: Unknown column 'page_id' in 'field list' in C:\xampp\htdocs\hometest\system\Database\MySQLi\Connection.php:306
Stack trace:
#0 C:\xampp\htdocs\hometest\system\Database\MySQLi\Connection.php(306): mysqli->query('INSERT INTO `co...', 0)
#1 C:\xampp\htdocs\hometest\system\Database\BaseConnection.php(693): CodeIgniter\Database\MySQLi\Connection->execute('INSERT INTO `co...')
#2 C:\xampp\htdocs\hometest\system\Database\BaseConnection.php(607): CodeIgniter\Database\BaseConnection->simpleQuery('INSERT INTO `co...')
#3 C:\xampp\htdocs\hometest\system\Database\BaseBuilder.php(2308): CodeIgniter\Database\BaseConnection->query('INSERT INTO `co...', Array, false)
#4 C:\xampp\htdocs\hometest\system\Model.php(319): CodeIgniter\Database\BaseBuilder->insert()
#5 C:\xampp\htdocs\hometest\system\BaseModel.php(788): CodeIgniter\Model->doInsert(Array)
#6 C:\xampp\htdocs\hometest\system\Model.php(715): CodeIgniter\BaseModel->insert(Array, true)
#7 C:\xampp\htdocs\hometest\app\Controllers\Content.php(41): CodeIgniter\Model->insert(Object(App\Entities\Contents))
#8 C:\xampp\htdocs\hometest\system\CodeIgniter.php(942): App\Controllers\Content->create()
#9 C:\xampp\htdocs\hometest\system\CodeIgniter.php(502): CodeIgniter\CodeIgniter->runController(Object(App\Controllers\Content))
#10 C:\xampp\htdocs\hometest\system\CodeIgniter.php(361): CodeIgniter\CodeIgniter->handleRequest(NULL, Object(Config\Cache), false)
#11 C:\xampp\htdocs\hometest\index.php(84): CodeIgniter\CodeIgniter->run()
#12 {main}
CRITICAL - 2023-12-09 07:44:07 --> Unknown column 'page_id' in 'field list'
in SYSTEMPATH\Database\BaseConnection.php on line 647.
 1 SYSTEMPATH\Database\BaseBuilder.php(2308): CodeIgniter\Database\BaseConnection->query('INSERT INTO `content` (`content_title`, `content_sub_heading`, `page_id`, `content`, `content_section`, `addtional_content`, `primary_btn`, `secondary_btn`, `content_image`) VALUES (:content_title:, :content_sub_heading:, :page_id:, :content:, :content_section:, :addtional_content:, :primary_btn:, :secondary_btn:, :content_image:)', [...], false)
 2 SYSTEMPATH\Model.php(319): CodeIgniter\Database\BaseBuilder->insert()
 3 SYSTEMPATH\BaseModel.php(788): CodeIgniter\Model->doInsert([...])
 4 SYSTEMPATH\Model.php(715): CodeIgniter\BaseModel->insert([...], true)
 5 APPPATH\Controllers\Content.php(41): CodeIgniter\Model->insert(Object(App\Entities\Contents))
 6 SYSTEMPATH\CodeIgniter.php(942): App\Controllers\Content->create()
 7 SYSTEMPATH\CodeIgniter.php(502): CodeIgniter\CodeIgniter->runController(Object(App\Controllers\Content))
 8 SYSTEMPATH\CodeIgniter.php(361): CodeIgniter\CodeIgniter->handleRequest(null, Object(Config\Cache), false)
 9 FCPATH\index.php(84): CodeIgniter\CodeIgniter->run()
INFO - 2023-12-09 07:44:09 --> Session: Class initialized using 'CodeIgniter\Session\Handlers\FileHandler' driver.
ERROR - 2023-12-09 07:44:12 --> mysqli_sql_exception: Unknown column 'addtional_content' in 'field list' in C:\xampp\htdocs\hometest\system\Database\MySQLi\Connection.php:306
Stack trace:
#0 C:\xampp\htdocs\hometest\system\Database\MySQLi\Connection.php(306): mysqli->query('INSERT INTO `co...', 0)
#1 C:\xampp\htdocs\hometest\system\Database\BaseConnection.php(693): CodeIgniter\Database\MySQLi\Connection->execute('INSERT INTO `co...')
#2 C:\xampp\htdocs\hometest\system\Database\BaseConnection.php(607): CodeIgniter\Database\BaseConnection->simpleQuery('INSERT INTO `co...')
#3 C:\xampp\htdocs\hometest\system\Database\BaseBuilder.php(2308): CodeIgniter\Database\BaseConnection->query('INSERT INTO `co...', Array, false)
#4 C:\xampp\htdocs\hometest\system\Model.php(319): CodeIgniter\Database\BaseBuilder->insert()
#5 C:\xampp\htdocs\hometest\system\BaseModel.php(788): CodeIgniter\Model->doInsert(Array)
#6 C:\xampp\htdocs\hometest\system\Model.php(715): CodeIgniter\BaseModel->insert(Array, true)
#7 C:\xampp\htdocs\hometest\app\Controllers\Content.php(41): CodeIgniter\Model->insert(Object(App\Entities\Contents))
#8 C:\xampp\htdocs\hometest\system\CodeIgniter.php(942): App\Controllers\Content->create()
#9 C:\xampp\htdocs\hometest\system\CodeIgniter.php(502): CodeIgniter\CodeIgniter->runController(Object(App\Controllers\Content))
#10 C:\xampp\htdocs\hometest\system\CodeIgniter.php(361): CodeIgniter\CodeIgniter->handleRequest(NULL, Object(Config\Cache), false)
#11 C:\xampp\htdocs\hometest\index.php(84): CodeIgniter\CodeIgniter->run()
#12 {main}
CRITICAL - 2023-12-09 07:44:12 --> Unknown column 'addtional_content' in 'field list'
in SYSTEMPATH\Database\BaseConnection.php on line 647.
 1 SYSTEMPATH\Database\BaseBuilder.php(2308): CodeIgniter\Database\BaseConnection->query('INSERT INTO `content` (`content_title`, `content_sub_heading`, `pages_id`, `content`, `content_section`, `addtional_content`, `primary_btn`, `secondary_btn`, `content_image`) VALUES (:content_title:, :content_sub_heading:, :pages_id:, :content:, :content_section:, :addtional_content:, :primary_btn:, :secondary_btn:, :content_image:)', [...], false)
 2 SYSTEMPATH\Model.php(319): CodeIgniter\Database\BaseBuilder->insert()
 3 SYSTEMPATH\BaseModel.php(788): CodeIgniter\Model->doInsert([...])
 4 SYSTEMPATH\Model.php(715): CodeIgniter\BaseModel->insert([...], true)
 5 APPPATH\Controllers\Content.php(41): CodeIgniter\Model->insert(Object(App\Entities\Contents))
 6 SYSTEMPATH\CodeIgniter.php(942): App\Controllers\Content->create()
 7 SYSTEMPATH\CodeIgniter.php(502): CodeIgniter\CodeIgniter->runController(Object(App\Controllers\Content))
 8 SYSTEMPATH\CodeIgniter.php(361): CodeIgniter\CodeIgniter->handleRequest(null, Object(Config\Cache), false)
 9 FCPATH\index.php(84): CodeIgniter\CodeIgniter->run()
ERROR - 2023-12-09 07:45:05 --> mysqli_sql_exception: Unknown column 'addtional_content' in 'field list' in C:\xampp\htdocs\hometest\system\Database\MySQLi\Connection.php:306
Stack trace:
#0 C:\xampp\htdocs\hometest\system\Database\MySQLi\Connection.php(306): mysqli->query('INSERT INTO `co...', 0)
#1 C:\xampp\htdocs\hometest\system\Database\BaseConnection.php(693): CodeIgniter\Database\MySQLi\Connection->execute('INSERT INTO `co...')
#2 C:\xampp\htdocs\hometest\system\Database\BaseConnection.php(607): CodeIgniter\Database\BaseConnection->simpleQuery('INSERT INTO `co...')
#3 C:\xampp\htdocs\hometest\system\Database\BaseBuilder.php(2308): CodeIgniter\Database\BaseConnection->query('INSERT INTO `co...', Array, false)
#4 C:\xampp\htdocs\hometest\system\Model.php(319): CodeIgniter\Database\BaseBuilder->insert()
#5 C:\xampp\htdocs\hometest\system\BaseModel.php(788): CodeIgniter\Model->doInsert(Array)
#6 C:\xampp\htdocs\hometest\system\Model.php(715): CodeIgniter\BaseModel->insert(Array, true)
#7 C:\xampp\htdocs\hometest\app\Controllers\Content.php(41): CodeIgniter\Model->insert(Object(App\Entities\Contents))
#8 C:\xampp\htdocs\hometest\system\CodeIgniter.php(942): App\Controllers\Content->create()
#9 C:\xampp\htdocs\hometest\system\CodeIgniter.php(502): CodeIgniter\CodeIgniter->runController(Object(App\Controllers\Content))
#10 C:\xampp\htdocs\hometest\system\CodeIgniter.php(361): CodeIgniter\CodeIgniter->handleRequest(NULL, Object(Config\Cache), false)
#11 C:\xampp\htdocs\hometest\index.php(84): CodeIgniter\CodeIgniter->run()
#12 {main}
CRITICAL - 2023-12-09 07:45:05 --> Unknown column 'addtional_content' in 'field list'
in SYSTEMPATH\Database\BaseConnection.php on line 647.
 1 SYSTEMPATH\Database\BaseBuilder.php(2308): CodeIgniter\Database\BaseConnection->query('INSERT INTO `content` (`content_title`, `content_sub_heading`, `pages_id`, `content`, `content_section`, `addtional_content`, `primary_btn`, `secondary_btn`, `content_image`) VALUES (:content_title:, :content_sub_heading:, :pages_id:, :content:, :content_section:, :addtional_content:, :primary_btn:, :secondary_btn:, :content_image:)', [...], false)
 2 SYSTEMPATH\Model.php(319): CodeIgniter\Database\BaseBuilder->insert()
 3 SYSTEMPATH\BaseModel.php(788): CodeIgniter\Model->doInsert([...])
 4 SYSTEMPATH\Model.php(715): CodeIgniter\BaseModel->insert([...], true)
 5 APPPATH\Controllers\Content.php(41): CodeIgniter\Model->insert(Object(App\Entities\Contents))
 6 SYSTEMPATH\CodeIgniter.php(942): App\Controllers\Content->create()
 7 SYSTEMPATH\CodeIgniter.php(502): CodeIgniter\CodeIgniter->runController(Object(App\Controllers\Content))
 8 SYSTEMPATH\CodeIgniter.php(361): CodeIgniter\CodeIgniter->handleRequest(null, Object(Config\Cache), false)
 9 FCPATH\index.php(84): CodeIgniter\CodeIgniter->run()
INFO - 2023-12-09 07:45:07 --> Session: Class initialized using 'CodeIgniter\Session\Handlers\FileHandler' driver.
INFO - 2023-12-09 07:45:10 --> Session: Class initialized using 'CodeIgniter\Session\Handlers\FileHandler' driver.
CRITICAL - 2023-12-09 07:51:44 --> mysqli_result::fetch_object(): Argument #1 ($class) must be a valid class name, App\Entities\Content given
in SYSTEMPATH\Database\MySQLi\Result.php on line 154.
 1 SYSTEMPATH\Database\MySQLi\Result.php(154): mysqli_result->fetch_object('App\\Entities\\Content')
 2 SYSTEMPATH\Database\BaseResult.php(159): CodeIgniter\Database\MySQLi\Result->fetchObject('App\\Entities\\Content')
 3 SYSTEMPATH\Database\BaseResult.php(114): CodeIgniter\Database\BaseResult->getCustomResultObject('App\\Entities\\Content')
 4 SYSTEMPATH\Model.php(238): CodeIgniter\Database\BaseResult->getResult('App\\Entities\\Content')
 5 SYSTEMPATH\BaseModel.php(624): CodeIgniter\Model->doFindAll(0, 0)
 6 APPPATH\Controllers\Content.php(55): CodeIgniter\BaseModel->findAll()
 7 SYSTEMPATH\CodeIgniter.php(942): App\Controllers\Content->show()
 8 SYSTEMPATH\CodeIgniter.php(502): CodeIgniter\CodeIgniter->runController(Object(App\Controllers\Content))
 9 SYSTEMPATH\CodeIgniter.php(361): CodeIgniter\CodeIgniter->handleRequest(null, Object(Config\Cache), false)
10 FCPATH\index.php(84): CodeIgniter\CodeIgniter->run()
CRITICAL - 2023-12-09 07:53:03 --> mysqli_result::fetch_object(): Argument #1 ($class) must be a valid class name, App\Entities\Content given
in SYSTEMPATH\Database\MySQLi\Result.php on line 154.
 1 SYSTEMPATH\Database\MySQLi\Result.php(154): mysqli_result->fetch_object('App\\Entities\\Content')
 2 SYSTEMPATH\Database\BaseResult.php(159): CodeIgniter\Database\MySQLi\Result->fetchObject('App\\Entities\\Content')
 3 SYSTEMPATH\Database\BaseResult.php(114): CodeIgniter\Database\BaseResult->getCustomResultObject('App\\Entities\\Content')
 4 SYSTEMPATH\Model.php(238): CodeIgniter\Database\BaseResult->getResult('App\\Entities\\Content')
 5 SYSTEMPATH\BaseModel.php(624): CodeIgniter\Model->doFindAll(0, 0)
 6 APPPATH\Controllers\Content.php(55): CodeIgniter\BaseModel->findAll()
 7 SYSTEMPATH\CodeIgniter.php(942): App\Controllers\Content->show()
 8 SYSTEMPATH\CodeIgniter.php(502): CodeIgniter\CodeIgniter->runController(Object(App\Controllers\Content))
 9 SYSTEMPATH\CodeIgniter.php(361): CodeIgniter\CodeIgniter->handleRequest(null, Object(Config\Cache), false)
10 FCPATH\index.php(84): CodeIgniter\CodeIgniter->run()
CRITICAL - 2023-12-09 07:53:06 --> mysqli_result::fetch_object(): Argument #1 ($class) must be a valid class name, App\Entities\Content given
in SYSTEMPATH\Database\MySQLi\Result.php on line 154.
 1 SYSTEMPATH\Database\MySQLi\Result.php(154): mysqli_result->fetch_object('App\\Entities\\Content')
 2 SYSTEMPATH\Database\BaseResult.php(159): CodeIgniter\Database\MySQLi\Result->fetchObject('App\\Entities\\Content')
 3 SYSTEMPATH\Database\BaseResult.php(114): CodeIgniter\Database\BaseResult->getCustomResultObject('App\\Entities\\Content')
 4 SYSTEMPATH\Model.php(238): CodeIgniter\Database\BaseResult->getResult('App\\Entities\\Content')
 5 SYSTEMPATH\BaseModel.php(624): CodeIgniter\Model->doFindAll(0, 0)
 6 APPPATH\Controllers\Content.php(55): CodeIgniter\BaseModel->findAll()
 7 SYSTEMPATH\CodeIgniter.php(942): App\Controllers\Content->show()
 8 SYSTEMPATH\CodeIgniter.php(502): CodeIgniter\CodeIgniter->runController(Object(App\Controllers\Content))
 9 SYSTEMPATH\CodeIgniter.php(361): CodeIgniter\CodeIgniter->handleRequest(null, Object(Config\Cache), false)
10 FCPATH\index.php(84): CodeIgniter\CodeIgniter->run()
CRITICAL - 2023-12-09 07:53:51 --> mysqli_result::fetch_object(): Argument #1 ($class) must be a valid class name, App\Entities\Content given
in SYSTEMPATH\Database\MySQLi\Result.php on line 154.
 1 SYSTEMPATH\Database\MySQLi\Result.php(154): mysqli_result->fetch_object('App\\Entities\\Content')
 2 SYSTEMPATH\Database\BaseResult.php(159): CodeIgniter\Database\MySQLi\Result->fetchObject('App\\Entities\\Content')
 3 SYSTEMPATH\Database\BaseResult.php(114): CodeIgniter\Database\BaseResult->getCustomResultObject('App\\Entities\\Content')
 4 SYSTEMPATH\Model.php(238): CodeIgniter\Database\BaseResult->getResult('App\\Entities\\Content')
 5 SYSTEMPATH\BaseModel.php(624): CodeIgniter\Model->doFindAll(0, 0)
 6 APPPATH\Controllers\Content.php(55): CodeIgniter\BaseModel->findAll()
 7 SYSTEMPATH\CodeIgniter.php(942): App\Controllers\Content->show()
 8 SYSTEMPATH\CodeIgniter.php(502): CodeIgniter\CodeIgniter->runController(Object(App\Controllers\Content))
 9 SYSTEMPATH\CodeIgniter.php(361): CodeIgniter\CodeIgniter->handleRequest(null, Object(Config\Cache), false)
10 FCPATH\index.php(84): CodeIgniter\CodeIgniter->run()
CRITICAL - 2023-12-09 07:55:51 --> mysqli_result::fetch_object(): Argument #1 ($class) must be a valid class name, App\Entities\Content given
in SYSTEMPATH\Database\MySQLi\Result.php on line 154.
 1 SYSTEMPATH\Database\MySQLi\Result.php(154): mysqli_result->fetch_object('App\\Entities\\Content')
 2 SYSTEMPATH\Database\BaseResult.php(159): CodeIgniter\Database\MySQLi\Result->fetchObject('App\\Entities\\Content')
 3 SYSTEMPATH\Database\BaseResult.php(114): CodeIgniter\Database\BaseResult->getCustomResultObject('App\\Entities\\Content')
 4 SYSTEMPATH\Model.php(238): CodeIgniter\Database\BaseResult->getResult('App\\Entities\\Content')
 5 SYSTEMPATH\BaseModel.php(624): CodeIgniter\Model->doFindAll(0, 0)
 6 APPPATH\Controllers\Content.php(55): CodeIgniter\BaseModel->findAll()
 7 SYSTEMPATH\CodeIgniter.php(942): App\Controllers\Content->show()
 8 SYSTEMPATH\CodeIgniter.php(502): CodeIgniter\CodeIgniter->runController(Object(App\Controllers\Content))
 9 SYSTEMPATH\CodeIgniter.php(361): CodeIgniter\CodeIgniter->handleRequest(null, Object(Config\Cache), false)
10 FCPATH\index.php(84): CodeIgniter\CodeIgniter->run()
CRITICAL - 2023-12-09 07:56:29 --> mysqli_result::fetch_object(): Argument #1 ($class) must be a valid class name, App\Entities\Content given
in SYSTEMPATH\Database\MySQLi\Result.php on line 154.
 1 SYSTEMPATH\Database\MySQLi\Result.php(154): mysqli_result->fetch_object('App\\Entities\\Content')
 2 SYSTEMPATH\Database\BaseResult.php(159): CodeIgniter\Database\MySQLi\Result->fetchObject('App\\Entities\\Content')
 3 SYSTEMPATH\Database\BaseResult.php(114): CodeIgniter\Database\BaseResult->getCustomResultObject('App\\Entities\\Content')
 4 SYSTEMPATH\Model.php(238): CodeIgniter\Database\BaseResult->getResult('App\\Entities\\Content')
 5 SYSTEMPATH\BaseModel.php(624): CodeIgniter\Model->doFindAll(0, 0)
 6 APPPATH\Controllers\Content.php(55): CodeIgniter\BaseModel->findAll()
 7 SYSTEMPATH\CodeIgniter.php(942): App\Controllers\Content->show()
 8 SYSTEMPATH\CodeIgniter.php(502): CodeIgniter\CodeIgniter->runController(Object(App\Controllers\Content))
 9 SYSTEMPATH\CodeIgniter.php(361): CodeIgniter\CodeIgniter->handleRequest(null, Object(Config\Cache), false)
10 FCPATH\index.php(84): CodeIgniter\CodeIgniter->run()
CRITICAL - 2023-12-09 07:57:06 --> mysqli_result::fetch_object(): Argument #1 ($class) must be a valid class name, App\Entities\Content given
in SYSTEMPATH\Database\MySQLi\Result.php on line 154.
 1 SYSTEMPATH\Database\MySQLi\Result.php(154): mysqli_result->fetch_object('App\\Entities\\Content')
 2 SYSTEMPATH\Database\BaseResult.php(159): CodeIgniter\Database\MySQLi\Result->fetchObject('App\\Entities\\Content')
 3 SYSTEMPATH\Database\BaseResult.php(114): CodeIgniter\Database\BaseResult->getCustomResultObject('App\\Entities\\Content')
 4 SYSTEMPATH\Model.php(238): CodeIgniter\Database\BaseResult->getResult('App\\Entities\\Content')
 5 SYSTEMPATH\BaseModel.php(624): CodeIgniter\Model->doFindAll(0, 0)
 6 APPPATH\Controllers\Content.php(55): CodeIgniter\BaseModel->findAll()
 7 SYSTEMPATH\CodeIgniter.php(942): App\Controllers\Content->show()
 8 SYSTEMPATH\CodeIgniter.php(502): CodeIgniter\CodeIgniter->runController(Object(App\Controllers\Content))
 9 SYSTEMPATH\CodeIgniter.php(361): CodeIgniter\CodeIgniter->handleRequest(null, Object(Config\Cache), false)
10 FCPATH\index.php(84): CodeIgniter\CodeIgniter->run()
INFO - 2023-12-09 07:58:16 --> Session: Class initialized using 'CodeIgniter\Session\Handlers\FileHandler' driver.
CRITICAL - 2023-12-09 07:58:16 --> Undefined variable $page
in APPPATH\Views\Content\index.php on line 51.
 1 APPPATH\Views\Content\index.php(51): CodeIgniter\Debug\Exceptions->errorHandler(2, 'Undefined variable $page', 'C:\\xampp\\htdocs\\hometest\\app\\Views\\Content\\index.php', 51)
 2 SYSTEMPATH\View\View.php(228): include('C:\\xampp\\htdocs\\hometest\\app\\Views\\Content\\index.php')
 3 SYSTEMPATH\View\View.php(231): CodeIgniter\View\View->CodeIgniter\View\{closure}()
 4 SYSTEMPATH\Common.php(1190): CodeIgniter\View\View->render('Content/index', [], true)
 5 APPPATH\Controllers\Content.php(56): view('Content/index', [...])
 6 SYSTEMPATH\CodeIgniter.php(942): App\Controllers\Content->show()
 7 SYSTEMPATH\CodeIgniter.php(502): CodeIgniter\CodeIgniter->runController(Object(App\Controllers\Content))
 8 SYSTEMPATH\CodeIgniter.php(361): CodeIgniter\CodeIgniter->handleRequest(null, Object(Config\Cache), false)
 9 FCPATH\index.php(84): CodeIgniter\CodeIgniter->run()
INFO - 2023-12-09 08:02:43 --> Session: Class initialized using 'CodeIgniter\Session\Handlers\FileHandler' driver.
CRITICAL - 2023-12-09 08:02:43 --> Undefined variable $page
in APPPATH\Views\Content\index.php on line 62.
 1 APPPATH\Views\Content\index.php(62): CodeIgniter\Debug\Exceptions->errorHandler(2, 'Undefined variable $page', 'C:\\xampp\\htdocs\\hometest\\app\\Views\\Content\\index.php', 62)
 2 SYSTEMPATH\View\View.php(228): include('C:\\xampp\\htdocs\\hometest\\app\\Views\\Content\\index.php')
 3 SYSTEMPATH\View\View.php(231): CodeIgniter\View\View->CodeIgniter\View\{closure}()
 4 SYSTEMPATH\Common.php(1190): CodeIgniter\View\View->render('Content/index', [], true)
 5 APPPATH\Controllers\Content.php(56): view('Content/index', [...])
 6 SYSTEMPATH\CodeIgniter.php(942): App\Controllers\Content->show()
 7 SYSTEMPATH\CodeIgniter.php(502): CodeIgniter\CodeIgniter->runController(Object(App\Controllers\Content))
 8 SYSTEMPATH\CodeIgniter.php(361): CodeIgniter\CodeIgniter->handleRequest(null, Object(Config\Cache), false)
 9 FCPATH\index.php(84): CodeIgniter\CodeIgniter->run()
INFO - 2023-12-09 08:02:44 --> Session: Class initialized using 'CodeIgniter\Session\Handlers\FileHandler' driver.
CRITICAL - 2023-12-09 08:02:44 --> Undefined variable $page
in APPPATH\Views\Content\index.php on line 62.
 1 APPPATH\Views\Content\index.php(62): CodeIgniter\Debug\Exceptions->errorHandler(2, 'Undefined variable $page', 'C:\\xampp\\htdocs\\hometest\\app\\Views\\Content\\index.php', 62)
 2 SYSTEMPATH\View\View.php(228): include('C:\\xampp\\htdocs\\hometest\\app\\Views\\Content\\index.php')
 3 SYSTEMPATH\View\View.php(231): CodeIgniter\View\View->CodeIgniter\View\{closure}()
 4 SYSTEMPATH\Common.php(1190): CodeIgniter\View\View->render('Content/index', [], true)
 5 APPPATH\Controllers\Content.php(56): view('Content/index', [...])
 6 SYSTEMPATH\CodeIgniter.php(942): App\Controllers\Content->show()
 7 SYSTEMPATH\CodeIgniter.php(502): CodeIgniter\CodeIgniter->runController(Object(App\Controllers\Content))
 8 SYSTEMPATH\CodeIgniter.php(361): CodeIgniter\CodeIgniter->handleRequest(null, Object(Config\Cache), false)
 9 FCPATH\index.php(84): CodeIgniter\CodeIgniter->run()
INFO - 2023-12-09 08:02:54 --> Session: Class initialized using 'CodeIgniter\Session\Handlers\FileHandler' driver.
INFO - 2023-12-09 08:03:04 --> Session: Class initialized using 'CodeIgniter\Session\Handlers\FileHandler' driver.
INFO - 2023-12-09 08:03:05 --> Session: Class initialized using 'CodeIgniter\Session\Handlers\FileHandler' driver.
INFO - 2023-12-09 08:03:20 --> Session: Class initialized using 'CodeIgniter\Session\Handlers\FileHandler' driver.
INFO - 2023-12-09 08:05:15 --> Session: Class initialized using 'CodeIgniter\Session\Handlers\FileHandler' driver.
INFO - 2023-12-09 08:05:44 --> Session: Class initialized using 'CodeIgniter\Session\Handlers\FileHandler' driver.
ERROR - 2023-12-09 08:07:03 --> mysqli_sql_exception: Cannot add or update a child row: a foreign key constraint fails (`hometest`.`content`, CONSTRAINT `pages_id_fk` FOREIGN KEY (`pages_id`) REFERENCES `pages` (`page_id`) ON DELETE CASCADE ON UPDATE CASCADE) in C:\xampp\htdocs\hometest\system\Database\MySQLi\Connection.php:306
Stack trace:
#0 C:\xampp\htdocs\hometest\system\Database\MySQLi\Connection.php(306): mysqli->query('INSERT INTO `co...', 0)
#1 C:\xampp\htdocs\hometest\system\Database\BaseConnection.php(693): CodeIgniter\Database\MySQLi\Connection->execute('INSERT INTO `co...')
#2 C:\xampp\htdocs\hometest\system\Database\BaseConnection.php(607): CodeIgniter\Database\BaseConnection->simpleQuery('INSERT INTO `co...')
#3 C:\xampp\htdocs\hometest\system\Database\BaseBuilder.php(2308): CodeIgniter\Database\BaseConnection->query('INSERT INTO `co...', Array, false)
#4 C:\xampp\htdocs\hometest\system\Model.php(319): CodeIgniter\Database\BaseBuilder->insert()
#5 C:\xampp\htdocs\hometest\system\BaseModel.php(788): CodeIgniter\Model->doInsert(Array)
#6 C:\xampp\htdocs\hometest\system\Model.php(715): CodeIgniter\BaseModel->insert(Array, true)
#7 C:\xampp\htdocs\hometest\app\Controllers\Content.php(41): CodeIgniter\Model->insert(Object(App\Entities\Contents))
#8 C:\xampp\htdocs\hometest\system\CodeIgniter.php(942): App\Controllers\Content->create()
#9 C:\xampp\htdocs\hometest\system\CodeIgniter.php(502): CodeIgniter\CodeIgniter->runController(Object(App\Controllers\Content))
#10 C:\xampp\htdocs\hometest\system\CodeIgniter.php(361): CodeIgniter\CodeIgniter->handleRequest(NULL, Object(Config\Cache), false)
#11 C:\xampp\htdocs\hometest\index.php(84): CodeIgniter\CodeIgniter->run()
#12 {main}
CRITICAL - 2023-12-09 08:07:03 --> Cannot add or update a child row: a foreign key constraint fails (`hometest`.`content`, CONSTRAINT `pages_id_fk` FOREIGN KEY (`pages_id`) REFERENCES `pages` (`page_id`) ON DELETE CASCADE ON UPDATE CASCADE)
in SYSTEMPATH\Database\BaseConnection.php on line 647.
 1 SYSTEMPATH\Database\BaseBuilder.php(2308): CodeIgniter\Database\BaseConnection->query('INSERT INTO `content` (`content_title`, `content_sub_heading`, `pages_id`, `content`, `content_section`, `additional_content`, `primary_btn`, `secondary_btn`, `content_image`) VALUES (:content_title:, :content_sub_heading:, :pages_id:, :content:, :content_section:, :additional_content:, :primary_btn:, :secondary_btn:, :content_image:)', [...], false)
 2 SYSTEMPATH\Model.php(319): CodeIgniter\Database\BaseBuilder->insert()
 3 SYSTEMPATH\BaseModel.php(788): CodeIgniter\Model->doInsert([...])
 4 SYSTEMPATH\Model.php(715): CodeIgniter\BaseModel->insert([...], true)
 5 APPPATH\Controllers\Content.php(41): CodeIgniter\Model->insert(Object(App\Entities\Contents))
 6 SYSTEMPATH\CodeIgniter.php(942): App\Controllers\Content->create()
 7 SYSTEMPATH\CodeIgniter.php(502): CodeIgniter\CodeIgniter->runController(Object(App\Controllers\Content))
 8 SYSTEMPATH\CodeIgniter.php(361): CodeIgniter\CodeIgniter->handleRequest(null, Object(Config\Cache), false)
 9 FCPATH\index.php(84): CodeIgniter\CodeIgniter->run()
ERROR - 2023-12-09 08:09:56 --> mysqli_sql_exception: Cannot add or update a child row: a foreign key constraint fails (`hometest`.`content`, CONSTRAINT `pages_id_fk` FOREIGN KEY (`pages_id`) REFERENCES `pages` (`page_id`) ON DELETE CASCADE ON UPDATE CASCADE) in C:\xampp\htdocs\hometest\system\Database\MySQLi\Connection.php:306
Stack trace:
#0 C:\xampp\htdocs\hometest\system\Database\MySQLi\Connection.php(306): mysqli->query('INSERT INTO `co...', 0)
#1 C:\xampp\htdocs\hometest\system\Database\BaseConnection.php(693): CodeIgniter\Database\MySQLi\Connection->execute('INSERT INTO `co...')
#2 C:\xampp\htdocs\hometest\system\Database\BaseConnection.php(607): CodeIgniter\Database\BaseConnection->simpleQuery('INSERT INTO `co...')
#3 C:\xampp\htdocs\hometest\system\Database\BaseBuilder.php(2308): CodeIgniter\Database\BaseConnection->query('INSERT INTO `co...', Array, false)
#4 C:\xampp\htdocs\hometest\system\Model.php(319): CodeIgniter\Database\BaseBuilder->insert()
#5 C:\xampp\htdocs\hometest\system\BaseModel.php(788): CodeIgniter\Model->doInsert(Array)
#6 C:\xampp\htdocs\hometest\system\Model.php(715): CodeIgniter\BaseModel->insert(Array, true)
#7 C:\xampp\htdocs\hometest\app\Controllers\Content.php(41): CodeIgniter\Model->insert(Object(App\Entities\Contents))
#8 C:\xampp\htdocs\hometest\system\CodeIgniter.php(942): App\Controllers\Content->create()
#9 C:\xampp\htdocs\hometest\system\CodeIgniter.php(502): CodeIgniter\CodeIgniter->runController(Object(App\Controllers\Content))
#10 C:\xampp\htdocs\hometest\system\CodeIgniter.php(361): CodeIgniter\CodeIgniter->handleRequest(NULL, Object(Config\Cache), false)
#11 C:\xampp\htdocs\hometest\index.php(84): CodeIgniter\CodeIgniter->run()
#12 {main}
CRITICAL - 2023-12-09 08:09:56 --> Cannot add or update a child row: a foreign key constraint fails (`hometest`.`content`, CONSTRAINT `pages_id_fk` FOREIGN KEY (`pages_id`) REFERENCES `pages` (`page_id`) ON DELETE CASCADE ON UPDATE CASCADE)
in SYSTEMPATH\Database\BaseConnection.php on line 647.
 1 SYSTEMPATH\Database\BaseBuilder.php(2308): CodeIgniter\Database\BaseConnection->query('INSERT INTO `content` (`content_title`, `content_sub_heading`, `pages_id`, `content`, `content_section`, `additional_content`, `primary_btn`, `secondary_btn`, `content_image`) VALUES (:content_title:, :content_sub_heading:, :pages_id:, :content:, :content_section:, :additional_content:, :primary_btn:, :secondary_btn:, :content_image:)', [...], false)
 2 SYSTEMPATH\Model.php(319): CodeIgniter\Database\BaseBuilder->insert()
 3 SYSTEMPATH\BaseModel.php(788): CodeIgniter\Model->doInsert([...])
 4 SYSTEMPATH\Model.php(715): CodeIgniter\BaseModel->insert([...], true)
 5 APPPATH\Controllers\Content.php(41): CodeIgniter\Model->insert(Object(App\Entities\Contents))
 6 SYSTEMPATH\CodeIgniter.php(942): App\Controllers\Content->create()
 7 SYSTEMPATH\CodeIgniter.php(502): CodeIgniter\CodeIgniter->runController(Object(App\Controllers\Content))
 8 SYSTEMPATH\CodeIgniter.php(361): CodeIgniter\CodeIgniter->handleRequest(null, Object(Config\Cache), false)
 9 FCPATH\index.php(84): CodeIgniter\CodeIgniter->run()
INFO - 2023-12-09 08:10:00 --> Session: Class initialized using 'CodeIgniter\Session\Handlers\FileHandler' driver.
INFO - 2023-12-09 08:10:07 --> Session: Class initialized using 'CodeIgniter\Session\Handlers\FileHandler' driver.
INFO - 2023-12-09 08:19:27 --> Session: Class initialized using 'CodeIgniter\Session\Handlers\FileHandler' driver.
INFO - 2023-12-09 08:27:09 --> Session: Class initialized using 'CodeIgniter\Session\Handlers\FileHandler' driver.
INFO - 2023-12-09 08:30:28 --> Session: Class initialized using 'CodeIgniter\Session\Handlers\FileHandler' driver.
INFO - 2023-12-09 08:30:31 --> Session: Class initialized using 'CodeIgniter\Session\Handlers\FileHandler' driver.
INFO - 2023-12-09 08:33:30 --> Session: Class initialized using 'CodeIgniter\Session\Handlers\FileHandler' driver.
INFO - 2023-12-09 08:34:08 --> Session: Class initialized using 'CodeIgniter\Session\Handlers\FileHandler' driver.
INFO - 2023-12-09 08:34:29 --> Session: Class initialized using 'CodeIgniter\Session\Handlers\FileHandler' driver.
INFO - 2023-12-09 08:34:44 --> Session: Class initialized using 'CodeIgniter\Session\Handlers\FileHandler' driver.
INFO - 2023-12-09 08:35:16 --> Session: Class initialized using 'CodeIgniter\Session\Handlers\FileHandler' driver.
INFO - 2023-12-09 08:35:32 --> Session: Class initialized using 'CodeIgniter\Session\Handlers\FileHandler' driver.
INFO - 2023-12-09 08:35:39 --> Session: Class initialized using 'CodeIgniter\Session\Handlers\FileHandler' driver.
INFO - 2023-12-09 08:40:31 --> Session: Class initialized using 'CodeIgniter\Session\Handlers\FileHandler' driver.
CRITICAL - 2023-12-09 08:40:34 --> Invalid file: "Content/delete.php"
in SYSTEMPATH\Exceptions\FrameworkException.php on line 39.
 1 SYSTEMPATH\View\View.php(216): CodeIgniter\Exceptions\FrameworkException::forInvalidFile('Content/delete.php')
 2 SYSTEMPATH\Common.php(1190): CodeIgniter\View\View->render('Content/delete', [], true)
 3 APPPATH\Controllers\Content.php(63): view('Content/delete', [...])
 4 SYSTEMPATH\CodeIgniter.php(942): App\Controllers\Content->confirmDelete('4')
 5 SYSTEMPATH\CodeIgniter.php(502): CodeIgniter\CodeIgniter->runController(Object(App\Controllers\Content))
 6 SYSTEMPATH\CodeIgniter.php(361): CodeIgniter\CodeIgniter->handleRequest(null, Object(Config\Cache), false)
 7 FCPATH\index.php(84): CodeIgniter\CodeIgniter->run()
INFO - 2023-12-09 08:40:45 --> Session: Class initialized using 'CodeIgniter\Session\Handlers\FileHandler' driver.
INFO - 2023-12-09 08:42:17 --> Session: Class initialized using 'CodeIgniter\Session\Handlers\FileHandler' driver.
INFO - 2023-12-09 08:42:18 --> Session: Class initialized using 'CodeIgniter\Session\Handlers\FileHandler' driver.
INFO - 2023-12-09 08:42:21 --> Session: Class initialized using 'CodeIgniter\Session\Handlers\FileHandler' driver.
INFO - 2023-12-09 08:42:23 --> Session: Class initialized using 'CodeIgniter\Session\Handlers\FileHandler' driver.
INFO - 2023-12-09 08:42:25 --> Session: Class initialized using 'CodeIgniter\Session\Handlers\FileHandler' driver.
INFO - 2023-12-09 08:42:27 --> Session: Class initialized using 'CodeIgniter\Session\Handlers\FileHandler' driver.
INFO - 2023-12-09 08:55:28 --> Session: Class initialized using 'CodeIgniter\Session\Handlers\FileHandler' driver.
INFO - 2023-12-09 08:55:49 --> Session: Class initialized using 'CodeIgniter\Session\Handlers\FileHandler' driver.
INFO - 2023-12-09 08:56:18 --> Session: Class initialized using 'CodeIgniter\Session\Handlers\FileHandler' driver.
CRITICAL - 2023-12-09 08:56:18 --> Controller or its method is not found: Content::confirmDelete
in SYSTEMPATH\Helpers\url_helper.php on line 486.
 1 SYSTEMPATH\Helpers\url_helper.php(486): CodeIgniter\Router\Exceptions\RouterException::forControllerNotFound('Content', 'confirmDelete')
 2 APPPATH\Views\Content\index.php(107): url_to('Content::confirmDelete')
 3 SYSTEMPATH\View\View.php(228): include('C:\\xampp\\htdocs\\hometest\\app\\Views\\Content\\index.php')
 4 SYSTEMPATH\View\View.php(231): CodeIgniter\View\View->CodeIgniter\View\{closure}()
 5 SYSTEMPATH\Common.php(1190): CodeIgniter\View\View->render('Content/index', [], true)
 6 APPPATH\Controllers\Content.php(56): view('Content/index', [...])
 7 SYSTEMPATH\CodeIgniter.php(942): App\Controllers\Content->show()
 8 SYSTEMPATH\CodeIgniter.php(502): CodeIgniter\CodeIgniter->runController(Object(App\Controllers\Content))
 9 SYSTEMPATH\CodeIgniter.php(361): CodeIgniter\CodeIgniter->handleRequest(null, Object(Config\Cache), false)
10 FCPATH\index.php(84): CodeIgniter\CodeIgniter->run()
INFO - 2023-12-09 08:56:36 --> Session: Class initialized using 'CodeIgniter\Session\Handlers\FileHandler' driver.
CRITICAL - 2023-12-09 08:56:37 --> Controller or its method is not found: Content::delete
in SYSTEMPATH\Helpers\url_helper.php on line 486.
 1 SYSTEMPATH\Helpers\url_helper.php(486): CodeIgniter\Router\Exceptions\RouterException::forControllerNotFound('Content', 'delete')
 2 APPPATH\Views\Content\index.php(107): url_to('Content::delete')
 3 SYSTEMPATH\View\View.php(228): include('C:\\xampp\\htdocs\\hometest\\app\\Views\\Content\\index.php')
 4 SYSTEMPATH\View\View.php(231): CodeIgniter\View\View->CodeIgniter\View\{closure}()
 5 SYSTEMPATH\Common.php(1190): CodeIgniter\View\View->render('Content/index', [], true)
 6 APPPATH\Controllers\Content.php(56): view('Content/index', [...])
 7 SYSTEMPATH\CodeIgniter.php(942): App\Controllers\Content->show()
 8 SYSTEMPATH\CodeIgniter.php(502): CodeIgniter\CodeIgniter->runController(Object(App\Controllers\Content))
 9 SYSTEMPATH\CodeIgniter.php(361): CodeIgniter\CodeIgniter->handleRequest(null, Object(Config\Cache), false)
10 FCPATH\index.php(84): CodeIgniter\CodeIgniter->run()
INFO - 2023-12-09 08:57:05 --> Session: Class initialized using 'CodeIgniter\Session\Handlers\FileHandler' driver.
CRITICAL - 2023-12-09 08:57:05 --> Controller or its method is not found: Content::delete
in SYSTEMPATH\Helpers\url_helper.php on line 486.
 1 SYSTEMPATH\Helpers\url_helper.php(486): CodeIgniter\Router\Exceptions\RouterException::forControllerNotFound('Content', 'delete')
 2 APPPATH\Views\Content\index.php(107): url_to('Content::delete')
 3 SYSTEMPATH\View\View.php(228): include('C:\\xampp\\htdocs\\hometest\\app\\Views\\Content\\index.php')
 4 SYSTEMPATH\View\View.php(231): CodeIgniter\View\View->CodeIgniter\View\{closure}()
 5 SYSTEMPATH\Common.php(1190): CodeIgniter\View\View->render('Content/index', [], true)
 6 APPPATH\Controllers\Content.php(56): view('Content/index', [...])
 7 SYSTEMPATH\CodeIgniter.php(942): App\Controllers\Content->show()
 8 SYSTEMPATH\CodeIgniter.php(502): CodeIgniter\CodeIgniter->runController(Object(App\Controllers\Content))
 9 SYSTEMPATH\CodeIgniter.php(361): CodeIgniter\CodeIgniter->handleRequest(null, Object(Config\Cache), false)
10 FCPATH\index.php(84): CodeIgniter\CodeIgniter->run()
INFO - 2023-12-09 08:57:46 --> Session: Class initialized using 'CodeIgniter\Session\Handlers\FileHandler' driver.
CRITICAL - 2023-12-09 08:57:46 --> Controller or its method is not found: Content::delete
in SYSTEMPATH\Helpers\url_helper.php on line 486.
 1 SYSTEMPATH\Helpers\url_helper.php(486): CodeIgniter\Router\Exceptions\RouterException::forControllerNotFound('Content', 'delete')
 2 APPPATH\Views\Content\index.php(107): url_to('Content::delete')
 3 SYSTEMPATH\View\View.php(228): include('C:\\xampp\\htdocs\\hometest\\app\\Views\\Content\\index.php')
 4 SYSTEMPATH\View\View.php(231): CodeIgniter\View\View->CodeIgniter\View\{closure}()
 5 SYSTEMPATH\Common.php(1190): CodeIgniter\View\View->render('Content/index', [], true)
 6 APPPATH\Controllers\Content.php(56): view('Content/index', [...])
 7 SYSTEMPATH\CodeIgniter.php(942): App\Controllers\Content->show()
 8 SYSTEMPATH\CodeIgniter.php(502): CodeIgniter\CodeIgniter->runController(Object(App\Controllers\Content))
 9 SYSTEMPATH\CodeIgniter.php(361): CodeIgniter\CodeIgniter->handleRequest(null, Object(Config\Cache), false)
10 FCPATH\index.php(84): CodeIgniter\CodeIgniter->run()
INFO - 2023-12-09 09:01:30 --> Session: Class initialized using 'CodeIgniter\Session\Handlers\FileHandler' driver.
CRITICAL - 2023-12-09 09:01:30 --> Controller or its method is not found: Content::delete
in SYSTEMPATH\Helpers\url_helper.php on line 486.
 1 SYSTEMPATH\Helpers\url_helper.php(486): CodeIgniter\Router\Exceptions\RouterException::forControllerNotFound('Content', 'delete')
 2 APPPATH\Views\Content\index.php(107): url_to('Content::delete')
 3 SYSTEMPATH\View\View.php(228): include('C:\\xampp\\htdocs\\hometest\\app\\Views\\Content\\index.php')
 4 SYSTEMPATH\View\View.php(231): CodeIgniter\View\View->CodeIgniter\View\{closure}()
 5 SYSTEMPATH\Common.php(1190): CodeIgniter\View\View->render('Content/index', [], true)
 6 APPPATH\Controllers\Content.php(56): view('Content/index', [...])
 7 SYSTEMPATH\CodeIgniter.php(942): App\Controllers\Content->show()
 8 SYSTEMPATH\CodeIgniter.php(502): CodeIgniter\CodeIgniter->runController(Object(App\Controllers\Content))
 9 SYSTEMPATH\CodeIgniter.php(361): CodeIgniter\CodeIgniter->handleRequest(null, Object(Config\Cache), false)
10 FCPATH\index.php(84): CodeIgniter\CodeIgniter->run()
INFO - 2023-12-09 09:01:56 --> Session: Class initialized using 'CodeIgniter\Session\Handlers\FileHandler' driver.
CRITICAL - 2023-12-09 09:01:56 --> Controller or its method is not found: Content::delete
in SYSTEMPATH\Helpers\url_helper.php on line 486.
 1 SYSTEMPATH\Helpers\url_helper.php(486): CodeIgniter\Router\Exceptions\RouterException::forControllerNotFound('Content', 'delete')
 2 APPPATH\Views\Content\index.php(107): url_to('Content::delete')
 3 SYSTEMPATH\View\View.php(228): include('C:\\xampp\\htdocs\\hometest\\app\\Views\\Content\\index.php')
 4 SYSTEMPATH\View\View.php(231): CodeIgniter\View\View->CodeIgniter\View\{closure}()
 5 SYSTEMPATH\Common.php(1190): CodeIgniter\View\View->render('Content/index', [], true)
 6 APPPATH\Controllers\Content.php(56): view('Content/index', [...])
 7 SYSTEMPATH\CodeIgniter.php(942): App\Controllers\Content->show()
 8 SYSTEMPATH\CodeIgniter.php(502): CodeIgniter\CodeIgniter->runController(Object(App\Controllers\Content))
 9 SYSTEMPATH\CodeIgniter.php(361): CodeIgniter\CodeIgniter->handleRequest(null, Object(Config\Cache), false)
10 FCPATH\index.php(84): CodeIgniter\CodeIgniter->run()
INFO - 2023-12-09 09:03:09 --> Session: Class initialized using 'CodeIgniter\Session\Handlers\FileHandler' driver.
CRITICAL - 2023-12-09 09:03:09 --> Controller or its method is not found: Content::delete
in SYSTEMPATH\Helpers\url_helper.php on line 486.
 1 SYSTEMPATH\Helpers\url_helper.php(486): CodeIgniter\Router\Exceptions\RouterException::forControllerNotFound('Content', 'delete')
 2 APPPATH\Views\Content\index.php(107): url_to('Content::delete')
 3 SYSTEMPATH\View\View.php(228): include('C:\\xampp\\htdocs\\hometest\\app\\Views\\Content\\index.php')
 4 SYSTEMPATH\View\View.php(231): CodeIgniter\View\View->CodeIgniter\View\{closure}()
 5 SYSTEMPATH\Common.php(1190): CodeIgniter\View\View->render('Content/index', [], true)
 6 APPPATH\Controllers\Content.php(56): view('Content/index', [...])
 7 SYSTEMPATH\CodeIgniter.php(942): App\Controllers\Content->show()
 8 SYSTEMPATH\CodeIgniter.php(502): CodeIgniter\CodeIgniter->runController(Object(App\Controllers\Content))
 9 SYSTEMPATH\CodeIgniter.php(361): CodeIgniter\CodeIgniter->handleRequest(null, Object(Config\Cache), false)
10 FCPATH\index.php(84): CodeIgniter\CodeIgniter->run()
INFO - 2023-12-09 09:05:28 --> Session: Class initialized using 'CodeIgniter\Session\Handlers\FileHandler' driver.
CRITICAL - 2023-12-09 09:05:28 --> Controller or its method is not found: Content::confirmDelete
in SYSTEMPATH\Helpers\url_helper.php on line 486.
 1 SYSTEMPATH\Helpers\url_helper.php(486): CodeIgniter\Router\Exceptions\RouterException::forControllerNotFound('Content', 'confirmDelete')
 2 APPPATH\Views\Content\index.php(107): url_to('Content::confirmDelete')
 3 SYSTEMPATH\View\View.php(228): include('C:\\xampp\\htdocs\\hometest\\app\\Views\\Content\\index.php')
 4 SYSTEMPATH\View\View.php(231): CodeIgniter\View\View->CodeIgniter\View\{closure}()
 5 SYSTEMPATH\Common.php(1190): CodeIgniter\View\View->render('Content/index', [], true)
 6 APPPATH\Controllers\Content.php(56): view('Content/index', [...])
 7 SYSTEMPATH\CodeIgniter.php(942): App\Controllers\Content->show()
 8 SYSTEMPATH\CodeIgniter.php(502): CodeIgniter\CodeIgniter->runController(Object(App\Controllers\Content))
 9 SYSTEMPATH\CodeIgniter.php(361): CodeIgniter\CodeIgniter->handleRequest(null, Object(Config\Cache), false)
10 FCPATH\index.php(84): CodeIgniter\CodeIgniter->run()
INFO - 2023-12-09 09:08:34 --> Session: Class initialized using 'CodeIgniter\Session\Handlers\FileHandler' driver.
CRITICAL - 2023-12-09 09:08:34 --> Controller or its method is not found: Content::confirmDelete
in SYSTEMPATH\Helpers\url_helper.php on line 486.
 1 SYSTEMPATH\Helpers\url_helper.php(486): CodeIgniter\Router\Exceptions\RouterException::forControllerNotFound('Content', 'confirmDelete')
 2 APPPATH\Views\Content\index.php(107): url_to('Content::confirmDelete')
 3 SYSTEMPATH\View\View.php(228): include('C:\\xampp\\htdocs\\hometest\\app\\Views\\Content\\index.php')
 4 SYSTEMPATH\View\View.php(231): CodeIgniter\View\View->CodeIgniter\View\{closure}()
 5 SYSTEMPATH\Common.php(1190): CodeIgniter\View\View->render('Content/index', [], true)
 6 APPPATH\Controllers\Content.php(56): view('Content/index', [...])
 7 SYSTEMPATH\CodeIgniter.php(942): App\Controllers\Content->show()
 8 SYSTEMPATH\CodeIgniter.php(502): CodeIgniter\CodeIgniter->runController(Object(App\Controllers\Content))
 9 SYSTEMPATH\CodeIgniter.php(361): CodeIgniter\CodeIgniter->handleRequest(null, Object(Config\Cache), false)
10 FCPATH\index.php(84): CodeIgniter\CodeIgniter->run()
INFO - 2023-12-09 09:08:49 --> Session: Class initialized using 'CodeIgniter\Session\Handlers\FileHandler' driver.
CRITICAL - 2023-12-09 09:08:49 --> Controller or its method is not found: Content::delete
in SYSTEMPATH\Helpers\url_helper.php on line 486.
 1 SYSTEMPATH\Helpers\url_helper.php(486): CodeIgniter\Router\Exceptions\RouterException::forControllerNotFound('Content', 'delete')
 2 APPPATH\Views\Content\index.php(107): url_to('Content::delete')
 3 SYSTEMPATH\View\View.php(228): include('C:\\xampp\\htdocs\\hometest\\app\\Views\\Content\\index.php')
 4 SYSTEMPATH\View\View.php(231): CodeIgniter\View\View->CodeIgniter\View\{closure}()
 5 SYSTEMPATH\Common.php(1190): CodeIgniter\View\View->render('Content/index', [], true)
 6 APPPATH\Controllers\Content.php(56): view('Content/index', [...])
 7 SYSTEMPATH\CodeIgniter.php(942): App\Controllers\Content->show()
 8 SYSTEMPATH\CodeIgniter.php(502): CodeIgniter\CodeIgniter->runController(Object(App\Controllers\Content))
 9 SYSTEMPATH\CodeIgniter.php(361): CodeIgniter\CodeIgniter->handleRequest(null, Object(Config\Cache), false)
10 FCPATH\index.php(84): CodeIgniter\CodeIgniter->run()
INFO - 2023-12-09 09:10:17 --> Session: Class initialized using 'CodeIgniter\Session\Handlers\FileHandler' driver.
INFO - 2023-12-09 09:10:26 --> Session: Class initialized using 'CodeIgniter\Session\Handlers\FileHandler' driver.
INFO - 2023-12-09 09:10:41 --> Session: Class initialized using 'CodeIgniter\Session\Handlers\FileHandler' driver.
INFO - 2023-12-09 09:10:47 --> Session: Class initialized using 'CodeIgniter\Session\Handlers\FileHandler' driver.
INFO - 2023-12-09 09:10:52 --> Session: Class initialized using 'CodeIgniter\Session\Handlers\FileHandler' driver.
INFO - 2023-12-09 09:10:53 --> Session: Class initialized using 'CodeIgniter\Session\Handlers\FileHandler' driver.
INFO - 2023-12-09 09:11:06 --> Session: Class initialized using 'CodeIgniter\Session\Handlers\FileHandler' driver.
INFO - 2023-12-09 09:11:50 --> Session: Class initialized using 'CodeIgniter\Session\Handlers\FileHandler' driver.
INFO - 2023-12-09 09:11:51 --> Session: Class initialized using 'CodeIgniter\Session\Handlers\FileHandler' driver.
INFO - 2023-12-09 09:15:23 --> Session: Class initialized using 'CodeIgniter\Session\Handlers\FileHandler' driver.
INFO - 2023-12-09 09:23:30 --> Session: Class initialized using 'CodeIgniter\Session\Handlers\FileHandler' driver.
INFO - 2023-12-09 09:24:26 --> Session: Class initialized using 'CodeIgniter\Session\Handlers\FileHandler' driver.
INFO - 2023-12-09 09:27:04 --> Session: Class initialized using 'CodeIgniter\Session\Handlers\FileHandler' driver.
INFO - 2023-12-09 09:28:00 --> Session: Class initialized using 'CodeIgniter\Session\Handlers\FileHandler' driver.
INFO - 2023-12-09 09:28:18 --> Session: Class initialized using 'CodeIgniter\Session\Handlers\FileHandler' driver.
INFO - 2023-12-09 09:28:19 --> Session: Class initialized using 'CodeIgniter\Session\Handlers\FileHandler' driver.
INFO - 2023-12-09 09:30:52 --> Session: Class initialized using 'CodeIgniter\Session\Handlers\FileHandler' driver.
INFO - 2023-12-09 11:08:52 --> Session: Class initialized using 'CodeIgniter\Session\Handlers\FileHandler' driver.
INFO - 2023-12-09 11:09:00 --> Session: Class initialized using 'CodeIgniter\Session\Handlers\FileHandler' driver.
INFO - 2023-12-09 11:09:59 --> Session: Class initialized using 'CodeIgniter\Session\Handlers\FileHandler' driver.
INFO - 2023-12-09 11:10:11 --> Session: Class initialized using 'CodeIgniter\Session\Handlers\FileHandler' driver.
INFO - 2023-12-09 11:10:16 --> Session: Class initialized using 'CodeIgniter\Session\Handlers\FileHandler' driver.
INFO - 2023-12-09 11:34:14 --> Session: Class initialized using 'CodeIgniter\Session\Handlers\FileHandler' driver.
INFO - 2023-12-09 11:42:50 --> Session: Class initialized using 'CodeIgniter\Session\Handlers\FileHandler' driver.
INFO - 2023-12-09 11:42:59 --> Session: Class initialized using 'CodeIgniter\Session\Handlers\FileHandler' driver.
INFO - 2023-12-09 11:51:19 --> Session: Class initialized using 'CodeIgniter\Session\Handlers\FileHandler' driver.
INFO - 2023-12-09 11:51:20 --> Session: Class initialized using 'CodeIgniter\Session\Handlers\FileHandler' driver.
INFO - 2023-12-09 18:18:41 --> Session: Class initialized using 'CodeIgniter\Session\Handlers\FileHandler' driver.
INFO - 2023-12-09 18:19:44 --> Session: Class initialized using 'CodeIgniter\Session\Handlers\FileHandler' driver.
INFO - 2023-12-09 18:19:57 --> Session: Class initialized using 'CodeIgniter\Session\Handlers\FileHandler' driver.
CRITICAL - 2023-12-09 18:20:19 --> Invalid file: "Content/edit.php"
in SYSTEMPATH\Exceptions\FrameworkException.php on line 39.
 1 SYSTEMPATH\View\View.php(216): CodeIgniter\Exceptions\FrameworkException::forInvalidFile('Content/edit.php')
 2 SYSTEMPATH\Common.php(1190): CodeIgniter\View\View->render('Content/edit', [], true)
 3 APPPATH\Controllers\Content.php(78): view('Content/edit', [...])
 4 SYSTEMPATH\CodeIgniter.php(942): App\Controllers\Content->edit('8')
 5 SYSTEMPATH\CodeIgniter.php(502): CodeIgniter\CodeIgniter->runController(Object(App\Controllers\Content))
 6 SYSTEMPATH\CodeIgniter.php(361): CodeIgniter\CodeIgniter->handleRequest(null, Object(Config\Cache), false)
 7 FCPATH\index.php(84): CodeIgniter\CodeIgniter->run()
INFO - 2023-12-09 18:20:33 --> Session: Class initialized using 'CodeIgniter\Session\Handlers\FileHandler' driver.
INFO - 2023-12-09 18:51:16 --> Session: Class initialized using 'CodeIgniter\Session\Handlers\FileHandler' driver.
INFO - 2023-12-09 18:51:21 --> Session: Class initialized using 'CodeIgniter\Session\Handlers\FileHandler' driver.
CRITICAL - 2023-12-09 18:51:21 --> Undefined variable $content
in APPPATH\Views\Content\contentForm.php on line 4.
 1 APPPATH\Views\Content\contentForm.php(4): CodeIgniter\Debug\Exceptions->errorHandler(2, 'Undefined variable $content', 'C:\\xampp\\htdocs\\hometest\\app\\Views\\Content\\contentForm.php', 4)
 2 SYSTEMPATH\View\View.php(228): include('C:\\xampp\\htdocs\\hometest\\app\\Views\\Content\\contentForm.php')
 3 SYSTEMPATH\View\View.php(231): CodeIgniter\View\View->CodeIgniter\View\{closure}()
 4 SYSTEMPATH\View\View.php(469): CodeIgniter\View\View->render('content/contentForm', null, true)
 5 APPPATH\Views\Content\edit.php(26): CodeIgniter\View\View->include('content/contentForm')
 6 SYSTEMPATH\View\View.php(228): include('C:\\xampp\\htdocs\\hometest\\app\\Views\\Content\\edit.php')
 7 SYSTEMPATH\View\View.php(231): CodeIgniter\View\View->CodeIgniter\View\{closure}()
 8 SYSTEMPATH\Common.php(1190): CodeIgniter\View\View->render('Content/edit', [], true)
 9 APPPATH\Controllers\Content.php(78): view('Content/edit', [...])
10 SYSTEMPATH\CodeIgniter.php(942): App\Controllers\Content->edit('6')
11 SYSTEMPATH\CodeIgniter.php(502): CodeIgniter\CodeIgniter->runController(Object(App\Controllers\Content))
12 SYSTEMPATH\CodeIgniter.php(361): CodeIgniter\CodeIgniter->handleRequest(null, Object(Config\Cache), false)
13 FCPATH\index.php(84): CodeIgniter\CodeIgniter->run()
INFO - 2023-12-09 18:54:58 --> Session: Class initialized using 'CodeIgniter\Session\Handlers\FileHandler' driver.
INFO - 2023-12-09 19:05:17 --> Session: Class initialized using 'CodeIgniter\Session\Handlers\FileHandler' driver.
INFO - 2023-12-09 19:05:37 --> Session: Class initialized using 'CodeIgniter\Session\Handlers\FileHandler' driver.
INFO - 2023-12-09 19:06:25 --> Session: Class initialized using 'CodeIgniter\Session\Handlers\FileHandler' driver.
INFO - 2023-12-09 19:07:51 --> Session: Class initialized using 'CodeIgniter\Session\Handlers\FileHandler' driver.
INFO - 2023-12-09 19:10:55 --> Session: Class initialized using 'CodeIgniter\Session\Handlers\FileHandler' driver.
