CRITICAL - 2023-12-04 11:57:52 --> The route for "/about" cannot be found.
in SYSTEMPATH\Helpers\url_helper.php on line 489.
 1 SYSTEMPATH\Helpers\url_helper.php(489): CodeIgniter\Router\Exceptions\RouterException::forInvalidRoute('/about')
 2 APPPATH\Views\Home\navbar.php(25): url_to('/about')
 3 SYSTEMPATH\View\View.php(228): include('C:\\xampp\\htdocs\\hometest\\app\\Views\\Home\\navbar.php')
 4 SYSTEMPATH\View\View.php(231): CodeIgniter\View\View->CodeIgniter\View\{closure}()
 5 SYSTEMPATH\View\View.php(469): CodeIgniter\View\View->render('home/navbar', null, true)
 6 APPPATH\Views\Home\index.php(6): CodeIgniter\View\View->include('home/navbar')
 7 SYSTEMPATH\View\View.php(228): include('C:\\xampp\\htdocs\\hometest\\app\\Views\\Home\\index.php')
 8 SYSTEMPATH\View\View.php(231): CodeIgniter\View\View->CodeIgniter\View\{closure}()
 9 SYSTEMPATH\Common.php(1190): CodeIgniter\View\View->render('Home/index', [], true)
10 APPPATH\Controllers\Home.php(10): view('Home/index')
11 SYSTEMPATH\CodeIgniter.php(942): App\Controllers\Home->index()
12 SYSTEMPATH\CodeIgniter.php(502): CodeIgniter\CodeIgniter->runController(Object(App\Controllers\Home))
13 SYSTEMPATH\CodeIgniter.php(361): CodeIgniter\CodeIgniter->handleRequest(null, Object(Config\Cache), false)
14 FCPATH\index.php(84): CodeIgniter\CodeIgniter->run()
CRITICAL - 2023-12-04 11:58:05 --> The route for "/about" cannot be found.
in SYSTEMPATH\Helpers\url_helper.php on line 489.
 1 SYSTEMPATH\Helpers\url_helper.php(489): CodeIgniter\Router\Exceptions\RouterException::forInvalidRoute('/about')
 2 APPPATH\Views\Home\navbar.php(25): url_to('/about')
 3 SYSTEMPATH\View\View.php(228): include('C:\\xampp\\htdocs\\hometest\\app\\Views\\Home\\navbar.php')
 4 SYSTEMPATH\View\View.php(231): CodeIgniter\View\View->CodeIgniter\View\{closure}()
 5 SYSTEMPATH\View\View.php(469): CodeIgniter\View\View->render('home/navbar', null, true)
 6 APPPATH\Views\Home\index.php(6): CodeIgniter\View\View->include('home/navbar')
 7 SYSTEMPATH\View\View.php(228): include('C:\\xampp\\htdocs\\hometest\\app\\Views\\Home\\index.php')
 8 SYSTEMPATH\View\View.php(231): CodeIgniter\View\View->CodeIgniter\View\{closure}()
 9 SYSTEMPATH\Common.php(1190): CodeIgniter\View\View->render('Home/index', [], true)
10 APPPATH\Controllers\Home.php(10): view('Home/index')
11 SYSTEMPATH\CodeIgniter.php(942): App\Controllers\Home->index()
12 SYSTEMPATH\CodeIgniter.php(502): CodeIgniter\CodeIgniter->runController(Object(App\Controllers\Home))
13 SYSTEMPATH\CodeIgniter.php(361): CodeIgniter\CodeIgniter->handleRequest(null, Object(Config\Cache), false)
14 FCPATH\index.php(84): CodeIgniter\CodeIgniter->run()
