CRITICAL - 2023-11-23 06:09:27 --> include(home): Failed to open stream: No such file or directory
in APPPATH\Views\Home\index.php on line 5.
 1 APPPATH\Views\Home\index.php(5): CodeIgniter\Debug\Exceptions->errorHandler(2, 'include(home): Failed to open stream: No such file or directory', 'C:\\xampp\\htdocs\\hometest\\app\\Views\\Home\\index.php', 5)
 2 APPPATH\Views\Home\index.php(5): include()
 3 SYSTEMPATH\View\View.php(228): include('C:\\xampp\\htdocs\\hometest\\app\\Views\\Home\\index.php')
 4 SYSTEMPATH\View\View.php(231): CodeIgniter\View\View->CodeIgniter\View\{closure}()
 5 SYSTEMPATH\Common.php(1190): CodeIgniter\View\View->render('Home/index', [], true)
 6 APPPATH\Controllers\Home.php(10): view('Home/index')
 7 SYSTEMPATH\CodeIgniter.php(942): App\Controllers\Home->index()
 8 SYSTEMPATH\CodeIgniter.php(502): CodeIgniter\CodeIgniter->runController(Object(App\Controllers\Home))
 9 SYSTEMPATH\CodeIgniter.php(361): CodeIgniter\CodeIgniter->handleRequest(null, Object(Config\Cache), false)
10 FCPATH\index.php(84): CodeIgniter\CodeIgniter->run()
11 SYSTEMPATH\Commands\Server\rewrite.php(47): require_once('C:\\xampp\\htdocs\\hometest\\public\\index.php')
CRITICAL - 2023-11-23 06:09:38 --> include(home/home): Failed to open stream: No such file or directory
in APPPATH\Views\Home\index.php on line 5.
 1 APPPATH\Views\Home\index.php(5): CodeIgniter\Debug\Exceptions->errorHandler(2, 'include(home/home): Failed to open stream: No such file or directory', 'C:\\xampp\\htdocs\\hometest\\app\\Views\\Home\\index.php', 5)
 2 APPPATH\Views\Home\index.php(5): include()
 3 SYSTEMPATH\View\View.php(228): include('C:\\xampp\\htdocs\\hometest\\app\\Views\\Home\\index.php')
 4 SYSTEMPATH\View\View.php(231): CodeIgniter\View\View->CodeIgniter\View\{closure}()
 5 SYSTEMPATH\Common.php(1190): CodeIgniter\View\View->render('Home/index', [], true)
 6 APPPATH\Controllers\Home.php(10): view('Home/index')
 7 SYSTEMPATH\CodeIgniter.php(942): App\Controllers\Home->index()
 8 SYSTEMPATH\CodeIgniter.php(502): CodeIgniter\CodeIgniter->runController(Object(App\Controllers\Home))
 9 SYSTEMPATH\CodeIgniter.php(361): CodeIgniter\CodeIgniter->handleRequest(null, Object(Config\Cache), false)
10 FCPATH\index.php(84): CodeIgniter\CodeIgniter->run()
11 SYSTEMPATH\Commands\Server\rewrite.php(47): require_once('C:\\xampp\\htdocs\\hometest\\public\\index.php')
CRITICAL - 2023-11-23 06:09:39 --> include(home/home): Failed to open stream: No such file or directory
in APPPATH\Views\Home\index.php on line 5.
 1 APPPATH\Views\Home\index.php(5): CodeIgniter\Debug\Exceptions->errorHandler(2, 'include(home/home): Failed to open stream: No such file or directory', 'C:\\xampp\\htdocs\\hometest\\app\\Views\\Home\\index.php', 5)
 2 APPPATH\Views\Home\index.php(5): include()
 3 SYSTEMPATH\View\View.php(228): include('C:\\xampp\\htdocs\\hometest\\app\\Views\\Home\\index.php')
 4 SYSTEMPATH\View\View.php(231): CodeIgniter\View\View->CodeIgniter\View\{closure}()
 5 SYSTEMPATH\Common.php(1190): CodeIgniter\View\View->render('Home/index', [], true)
 6 APPPATH\Controllers\Home.php(10): view('Home/index')
 7 SYSTEMPATH\CodeIgniter.php(942): App\Controllers\Home->index()
 8 SYSTEMPATH\CodeIgniter.php(502): CodeIgniter\CodeIgniter->runController(Object(App\Controllers\Home))
 9 SYSTEMPATH\CodeIgniter.php(361): CodeIgniter\CodeIgniter->handleRequest(null, Object(Config\Cache), false)
10 FCPATH\index.php(84): CodeIgniter\CodeIgniter->run()
11 SYSTEMPATH\Commands\Server\rewrite.php(47): require_once('C:\\xampp\\htdocs\\hometest\\public\\index.php')
